T1468 4257:206 SEGGER J-Link V4.98e Log File (0001ms, 4460ms total)
T1468 4257:206 DLL Compiled: May  5 2015 11:00:52 (0001ms, 4460ms total)
T1468 4257:206 Logging started @ 2016-04-07 21:20 (0001ms, 4460ms total)
T1468 4257:243 JLINK_ExecCommand("Device = AT91SAM4SD32C", ...)Device "ATSAM4SD32C" selected.  returns 0x00 (0000ms, 4460ms total)
T1468 4257:509 JLINK_ExecCommand("ProjectFile = T:\HenriqueEduardo\Entregas\Aula06\GPIO_REGISTRADORES_LED\jlink.config", ...)  returns 0x00 (0000ms, 4460ms total)
T1468 4257:521 JLINK_ExecCommand("Device = AT91SAM4SD32C", ...)Device "ATSAM4SD32C" selected.  returns 0x00 (0001ms, 4461ms total)
T1468 4257:522 JLINK_TIF_Select(JLINKARM_TIF_JTAG)  returns 0x00 (0002ms, 4463ms total)
T1468 4257:524 JLINK_GetIdData(...) >0x2F8 JTAG>TotalIRLen = 4, IRPrint = 0x01 >0x30 JTAG> >0x210 JTAG> >0x70 JTAG> >0x40 JTAG> >0x40 JTAG> >0x40 JTAG> >0x48 JTAG> >0x78 JTAG> >0x40 JTAG> >0x30 JTAG> >0x40 JTAG> >0x40 JTAG> >0x30 JTAG> >0x40 JTAG> >0x48 JTAG>Found Cortex-M4 r0p1, Little endian. -- CPU_WriteMem(4 bytes @ 0xE0002000) -- CPU_ReadMem(4 bytes @ 0xE000EDF0) -- CPU_ReadMem(4 bytes @ 0xE0002000)FPUnit: 6 code (BP) slots and 2 literal slots -- CPU_ReadMem(4 bytes @ 0xE000EDFC)
 -- CPU_ReadMem(4 bytes @ 0xE0001000) -- CPU_WriteMem(4 bytes @ 0xE0001000) -- CPU_ReadMem(4 bytes @ 0xE000ED88) -- CPU_WriteMem(4 bytes @ 0xE000ED88) -- CPU_ReadMem(4 bytes @ 0xE000ED88) -- CPU_WriteMem(4 bytes @ 0xE000ED88)CoreSight components:ROMTbl 0 @ E00FF000 -- CPU_ReadMem(16 bytes @ 0xE00FF000) -- CPU_ReadMem(16 bytes @ 0xE000EFF0) -- CPU_ReadMem(16 bytes @ 0xE000EFE0)ROMTbl 0 [0]: FFF0F000, CID: B105E00D, PID: 000BB000 SCS -- CPU_ReadMem(16 bytes @ 0xE0001FF0)
 -- CPU_ReadMem(16 bytes @ 0xE0001FE0)ROMTbl 0 [1]: FFF02000, CID: B105E00D, PID: 003BB002 DWT -- CPU_ReadMem(16 bytes @ 0xE0002FF0) -- CPU_ReadMem(16 bytes @ 0xE0002FE0)ROMTbl 0 [2]: FFF03000, CID: B105E00D, PID: 002BB003 FPB -- CPU_ReadMem(16 bytes @ 0xE0000FF0) -- CPU_ReadMem(16 bytes @ 0xE0000FE0)ROMTbl 0 [3]: FFF01000, CID: B105E00D, PID: 003BB001 ITM -- CPU_ReadMem(16 bytes @ 0xE00FF010) -- CPU_ReadMem(16 bytes @ 0xE0040FF0) -- CPU_ReadMem(16 bytes @ 0xE0040FE0)
ROMTbl 0 [4]: FFF41000, CID: B105900D, PID: 000BB9A1 TPIU ScanLen=4 NumDevices=1 aId[0]=0x4BA00477 aIrRead[0]=0 aScanLen[0]=0 aScanRead[0]=0 (0045ms, 4508ms total)
T1468 4257:569 JLINK_ConfigJTAG(IRPre = 0, DRPre = 0) (0000ms, 4508ms total)
T1468 4257:569 JLINK_SetSpeed(1000) (0000ms, 4508ms total)
T1468 4257:569 JLINK_ResetPullsRESET(OFF) (0000ms, 4508ms total)
T1468 4257:569 JLINK_Connect() >0x2F8 JTAG>TotalIRLen = 4, IRPrint = 0x01 >0x30 JTAG> >0x210 JTAG> >0x70 JTAG> >0x40 JTAG> >0x40 JTAG> >0x40 JTAG> >0x48 JTAG> >0x78 JTAG> >0x40 JTAG> >0x30 JTAG> >0x40 JTAG> >0x40 JTAG> >0x30 JTAG> >0x40 JTAG> >0x48 JTAG>Found Cortex-M4 r0p1, Little endian. -- CPU_WriteMem(4 bytes @ 0xE0002000) -- CPU_ReadMem(4 bytes @ 0xE000EDF0) -- CPU_ReadMem(4 bytes @ 0xE0002000)FPUnit: 6 code (BP) slots and 2 literal slots -- CPU_ReadMem(4 bytes @ 0xE000EDFC)
 -- CPU_ReadMem(4 bytes @ 0xE0001000) -- CPU_WriteMem(4 bytes @ 0xE0001000) -- CPU_ReadMem(4 bytes @ 0xE000ED88) -- CPU_WriteMem(4 bytes @ 0xE000ED88) -- CPU_ReadMem(4 bytes @ 0xE000ED88) -- CPU_WriteMem(4 bytes @ 0xE000ED88)CoreSight components:ROMTbl 0 @ E00FF000 -- CPU_ReadMem(16 bytes @ 0xE00FF000) -- CPU_ReadMem(16 bytes @ 0xE000EFF0) -- CPU_ReadMem(16 bytes @ 0xE000EFE0)ROMTbl 0 [0]: FFF0F000, CID: B105E00D, PID: 000BB000 SCS -- CPU_ReadMem(16 bytes @ 0xE0001FF0)
 -- CPU_ReadMem(16 bytes @ 0xE0001FE0)ROMTbl 0 [1]: FFF02000, CID: B105E00D, PID: 003BB002 DWT -- CPU_ReadMem(16 bytes @ 0xE0002FF0) -- CPU_ReadMem(16 bytes @ 0xE0002FE0)ROMTbl 0 [2]: FFF03000, CID: B105E00D, PID: 002BB003 FPB -- CPU_ReadMem(16 bytes @ 0xE0000FF0) -- CPU_ReadMem(16 bytes @ 0xE0000FE0)ROMTbl 0 [3]: FFF01000, CID: B105E00D, PID: 003BB001 ITM -- CPU_ReadMem(16 bytes @ 0xE00FF010) -- CPU_ReadMem(16 bytes @ 0xE0040FF0) -- CPU_ReadMem(16 bytes @ 0xE0040FE0)
ROMTbl 0 [4]: FFF41000, CID: B105900D, PID: 000BB9A1 TPIU  returns 0x00 (0038ms, 4546ms total)
T1468 4257:608 JLINK_GetDebugInfo(0x100) -- Value=0xE00FF003  returns 0x00 (0000ms, 4546ms total)
T1468 4257:608 JLINK_ReadMem (0xE00FFFF0, 0x0010 Bytes, ...) -- CPU is running -- CPU_ReadMem(16 bytes @ 0xE00FFFF0) - Data: 0D 00 00 00 10 00 00 00 05 00 00 00 B1 00 00 00  returns 0x00 (0002ms, 4548ms total)
T1468 4257:610 JLINK_ReadMem (0xE00FFFD0, 0x0020 Bytes, ...) -- CPU is running -- CPU_ReadMem(32 bytes @ 0xE00FFFD0) - Data: 04 00 00 00 00 00 00 00 00 00 00 00 00 00 00 00 ...  returns 0x00 (0001ms, 4549ms total)
T1468 4257:611 JLINK_ReadMemU32(0xE00FF000, 0x0001 Items, ...) -- CPU is running -- CPU_ReadMem(4 bytes @ 0xE00FF000) - Data: 03 F0 F0 FF  returns 0x01 (0001ms, 4550ms total)
T1468 4257:612 JLINK_ReadMem (0xE000EFF0, 0x0010 Bytes, ...) -- CPU is running -- CPU_ReadMem(16 bytes @ 0xE000EFF0) - Data: 0D 00 00 00 E0 00 00 00 05 00 00 00 B1 00 00 00  returns 0x00 (0002ms, 4552ms total)
T1468 4257:614 JLINK_ReadMem (0xE000EFD0, 0x0020 Bytes, ...) -- CPU is running -- CPU_ReadMem(32 bytes @ 0xE000EFD0) - Data: 04 00 00 00 00 00 00 00 00 00 00 00 00 00 00 00 ...  returns 0x00 (0001ms, 4553ms total)
T1468 4257:615 JLINK_ReadMemU32(0xE00FF004, 0x0001 Items, ...) -- CPU is running -- CPU_ReadMem(4 bytes @ 0xE00FF004) - Data: 03 20 F0 FF  returns 0x01 (0001ms, 4554ms total)
T1468 4257:616 JLINK_ReadMem (0xE0001FF0, 0x0010 Bytes, ...) -- CPU is running -- CPU_ReadMem(16 bytes @ 0xE0001FF0) - Data: 0D 00 00 00 E0 00 00 00 05 00 00 00 B1 00 00 00  returns 0x00 (0002ms, 4556ms total)
T1468 4257:618 JLINK_ReadMem (0xE0001FD0, 0x0020 Bytes, ...) -- CPU is running -- CPU_ReadMem(32 bytes @ 0xE0001FD0) - Data: 04 00 00 00 00 00 00 00 00 00 00 00 00 00 00 00 ...  returns 0x00 (0003ms, 4559ms total)
T1468 4257:621 JLINK_ReadMemU32(0xE00FF008, 0x0001 Items, ...) -- CPU is running -- CPU_ReadMem(4 bytes @ 0xE00FF008) - Data: 03 30 F0 FF  returns 0x01 (0005ms, 4564ms total)
T1468 4257:626 JLINK_ReadMem (0xE0002FF0, 0x0010 Bytes, ...) -- CPU is running -- CPU_ReadMem(16 bytes @ 0xE0002FF0) - Data: 0D 00 00 00 E0 00 00 00 05 00 00 00 B1 00 00 00  returns 0x00 (0001ms, 4565ms total)
T1468 4257:627 JLINK_ReadMem (0xE0002FD0, 0x0020 Bytes, ...) -- CPU is running -- CPU_ReadMem(32 bytes @ 0xE0002FD0) - Data: 04 00 00 00 00 00 00 00 00 00 00 00 00 00 00 00 ...  returns 0x00 (0002ms, 4567ms total)
T1468 4257:629 JLINK_ReadMemU32(0xE00FF00C, 0x0001 Items, ...) -- CPU is running -- CPU_ReadMem(4 bytes @ 0xE00FF00C) - Data: 03 10 F0 FF  returns 0x01 (0001ms, 4568ms total)
T1468 4257:630 JLINK_ReadMem (0xE0000FF0, 0x0010 Bytes, ...) -- CPU is running -- CPU_ReadMem(16 bytes @ 0xE0000FF0) - Data: 0D 00 00 00 E0 00 00 00 05 00 00 00 B1 00 00 00  returns 0x00 (0001ms, 4569ms total)
T1468 4257:631 JLINK_ReadMem (0xE0000FD0, 0x0020 Bytes, ...) -- CPU is running -- CPU_ReadMem(32 bytes @ 0xE0000FD0) - Data: 04 00 00 00 00 00 00 00 00 00 00 00 00 00 00 00 ...  returns 0x00 (0002ms, 4571ms total)
T1468 4257:633 JLINK_ReadMemU32(0xE00FF010, 0x0001 Items, ...) -- CPU is running -- CPU_ReadMem(4 bytes @ 0xE00FF010) - Data: 03 10 F4 FF  returns 0x01 (0001ms, 4572ms total)
T1468 4257:634 JLINK_ReadMem (0xE0040FF0, 0x0010 Bytes, ...) -- CPU is running -- CPU_ReadMem(16 bytes @ 0xE0040FF0) - Data: 0D 00 00 00 90 00 00 00 05 00 00 00 B1 00 00 00  returns 0x00 (0001ms, 4573ms total)
T1468 4257:635 JLINK_ReadMem (0xE0040FD0, 0x0020 Bytes, ...) -- CPU is running -- CPU_ReadMem(32 bytes @ 0xE0040FD0) - Data: 04 00 00 00 00 00 00 00 00 00 00 00 00 00 00 00 ...  returns 0x00 (0002ms, 4575ms total)
T1468 4257:637 JLINK_ReadMemU32(0xE00FF014, 0x0001 Items, ...) -- CPU is running -- CPU_ReadMem(4 bytes @ 0xE00FF014) - Data: 02 20 F4 FF  returns 0x01 (0001ms, 4576ms total)
T1468 4257:638 JLINK_ReadMemU32(0xE00FF018, 0x0001 Items, ...) -- CPU is running -- CPU_ReadMem(4 bytes @ 0xE00FF018) - Data: 00 00 00 00  returns 0x01 (0001ms, 4577ms total)
T1468 4257:639 JLINK_ReadMem (0xE0001000, 0x0004 Bytes, ...) -- CPU is running -- CPU_ReadMem(4 bytes @ 0xE0001000) - Data: 01 00 00 40  returns 0x00 (0001ms, 4578ms total)
T1468 4257:640 JLINK_ReadMem (0xE0001000, 0x0004 Bytes, ...) -- CPU is running -- CPU_ReadMem(4 bytes @ 0xE0001000) - Data: 01 00 00 40  returns 0x00 (0002ms, 4580ms total)
T1468 4257:642 JLINK_ReadMem (0xE0001028, 0x0004 Bytes, ...) -- CPU is running -- CPU_ReadMem(4 bytes @ 0xE0001028) - Data: 00 00 00 00  returns 0x00 (0001ms, 4581ms total)
T1468 4257:643 JLINK_WriteMem(0xE0001028, 0x0004 Bytes, ...) - Data: 00 01 00 00 -- CPU is running -- CPU_WriteMem(4 bytes @ 0xE0001028)  returns 0x04 (0001ms, 4582ms total)
T1468 4257:644 JLINK_ReadMem (0xE0001028, 0x0004 Bytes, ...) -- CPU is running -- CPU_ReadMem(4 bytes @ 0xE0001028) - Data: 00 00 00 00  returns 0x00 (0001ms, 4583ms total)
T1468 4257:645 JLINK_ReadMem (0xE0001038, 0x0004 Bytes, ...) -- CPU is running -- CPU_ReadMem(4 bytes @ 0xE0001038) - Data: 00 02 00 00  returns 0x00 (0001ms, 4584ms total)
T1468 4257:646 JLINK_WriteMem(0xE0001038, 0x0004 Bytes, ...) - Data: 00 03 00 00 -- CPU is running -- CPU_WriteMem(4 bytes @ 0xE0001038)  returns 0x04 (0001ms, 4585ms total)
T1468 4257:647 JLINK_ReadMem (0xE0001038, 0x0004 Bytes, ...) -- CPU is running -- CPU_ReadMem(4 bytes @ 0xE0001038) - Data: 00 03 00 00  returns 0x00 (0001ms, 4586ms total)
T1468 4257:648 JLINK_ReadMem (0xE0001048, 0x0004 Bytes, ...) -- CPU is running -- CPU_ReadMem(4 bytes @ 0xE0001048) - Data: 00 00 00 00  returns 0x00 (0001ms, 4587ms total)
T1468 4257:649 JLINK_WriteMem(0xE0001048, 0x0004 Bytes, ...) - Data: 00 01 00 00 -- CPU is running -- CPU_WriteMem(4 bytes @ 0xE0001048)  returns 0x04 (0001ms, 4588ms total)
T1468 4257:650 JLINK_ReadMem (0xE0001048, 0x0004 Bytes, ...) -- CPU is running -- CPU_ReadMem(4 bytes @ 0xE0001048) - Data: 00 00 00 00  returns 0x00 (0001ms, 4589ms total)
T1468 4257:651 JLINK_ReadMem (0xE0001058, 0x0004 Bytes, ...) -- CPU is running -- CPU_ReadMem(4 bytes @ 0xE0001058) - Data: 00 00 00 00  returns 0x00 (0001ms, 4590ms total)
T1468 4257:652 JLINK_WriteMem(0xE0001058, 0x0004 Bytes, ...) - Data: 00 01 00 00 -- CPU is running -- CPU_WriteMem(4 bytes @ 0xE0001058)  returns 0x04 (0001ms, 4591ms total)
T1468 4257:653 JLINK_ReadMem (0xE0001058, 0x0004 Bytes, ...) -- CPU is running -- CPU_ReadMem(4 bytes @ 0xE0001058) - Data: 00 00 00 00  returns 0x00 (0001ms, 4592ms total)
T1468 4257:654 JLINK_ReadMem (0xE0001024, 0x0004 Bytes, ...) -- CPU is running -- CPU_ReadMem(4 bytes @ 0xE0001024) - Data: 00 00 00 00  returns 0x00 (0001ms, 4593ms total)
T1468 4257:655 JLINK_WriteMem(0xE0001024, 0x0004 Bytes, ...) - Data: 1F 00 00 00 -- CPU is running -- CPU_WriteMem(4 bytes @ 0xE0001024)  returns 0x04 (0001ms, 4594ms total)
T1468 4257:656 JLINK_ReadMem (0xE0001024, 0x0004 Bytes, ...) -- CPU is running -- CPU_ReadMem(4 bytes @ 0xE0001024) - Data: 0F 00 00 00  returns 0x00 (0001ms, 4595ms total)
T1468 4257:657 JLINK_ReadMem (0xE0001034, 0x0004 Bytes, ...) -- CPU is running -- CPU_ReadMem(4 bytes @ 0xE0001034) - Data: 00 00 00 00  returns 0x00 (0001ms, 4596ms total)
T1468 4257:658 JLINK_WriteMem(0xE0001034, 0x0004 Bytes, ...) - Data: 1F 00 00 00 -- CPU is running -- CPU_WriteMem(4 bytes @ 0xE0001034)  returns 0x04 (0001ms, 4597ms total)
T1468 4257:659 JLINK_ReadMem (0xE0001034, 0x0004 Bytes, ...) -- CPU is running -- CPU_ReadMem(4 bytes @ 0xE0001034) - Data: 0F 00 00 00  returns 0x00 (0001ms, 4598ms total)
T1468 4257:660 JLINK_ReadMem (0xE0001044, 0x0004 Bytes, ...) -- CPU is running -- CPU_ReadMem(4 bytes @ 0xE0001044) - Data: 00 00 00 00  returns 0x00 (0001ms, 4599ms total)
T1468 4257:661 JLINK_WriteMem(0xE0001044, 0x0004 Bytes, ...) - Data: 1F 00 00 00 -- CPU is running -- CPU_WriteMem(4 bytes @ 0xE0001044)  returns 0x04 (0001ms, 4600ms total)
T1468 4257:662 JLINK_ReadMem (0xE0001044, 0x0004 Bytes, ...) -- CPU is running -- CPU_ReadMem(4 bytes @ 0xE0001044) - Data: 0F 00 00 00  returns 0x00 (0001ms, 4601ms total)
T1468 4257:663 JLINK_ReadMem (0xE0001054, 0x0004 Bytes, ...) -- CPU is running -- CPU_ReadMem(4 bytes @ 0xE0001054) - Data: 00 00 00 00  returns 0x00 (0001ms, 4602ms total)
T1468 4257:664 JLINK_WriteMem(0xE0001054, 0x0004 Bytes, ...) - Data: 1F 00 00 00 -- CPU is running -- CPU_WriteMem(4 bytes @ 0xE0001054)  returns 0x04 (0001ms, 4603ms total)
T1468 4257:665 JLINK_ReadMem (0xE0001054, 0x0004 Bytes, ...) -- CPU is running -- CPU_ReadMem(4 bytes @ 0xE0001054) - Data: 0F 00 00 00  returns 0x00 (0001ms, 4604ms total)
T1468 4257:666 JLINK_ReadMem (0xE0001028, 0x0004 Bytes, ...) -- CPU is running -- CPU_ReadMem(4 bytes @ 0xE0001028) - Data: 00 00 00 00  returns 0x00 (0001ms, 4605ms total)
T1468 4257:667 JLINK_ReadMem (0xE0001038, 0x0004 Bytes, ...) -- CPU is running -- CPU_ReadMem(4 bytes @ 0xE0001038) - Data: 00 03 00 00  returns 0x00 (0001ms, 4606ms total)
T1468 4257:668 JLINK_ReadMem (0xE0001048, 0x0004 Bytes, ...) -- CPU is running -- CPU_ReadMem(4 bytes @ 0xE0001048) - Data: 00 00 00 00  returns 0x00 (0001ms, 4607ms total)
T1468 4257:669 JLINK_ReadMem (0xE0001058, 0x0004 Bytes, ...) -- CPU is running -- CPU_ReadMem(4 bytes @ 0xE0001058) - Data: 00 00 00 00  returns 0x00 (0001ms, 4608ms total)
T1468 4257:670 JLINK_WriteMem(0xE0001020, 0x0004 Bytes, ...) - Data: 00 00 00 00 -- CPU is running -- CPU_WriteMem(4 bytes @ 0xE0001020)  returns 0x04 (0001ms, 4609ms total)
T1468 4257:671 JLINK_WriteMem(0xE0001024, 0x0004 Bytes, ...) - Data: 00 00 00 00 -- CPU is running -- CPU_WriteMem(4 bytes @ 0xE0001024)  returns 0x04 (0001ms, 4610ms total)
T1468 4257:672 JLINK_WriteMem(0xE0001028, 0x0004 Bytes, ...) - Data: 00 00 00 00 -- CPU is running -- CPU_WriteMem(4 bytes @ 0xE0001028)  returns 0x04 (0001ms, 4611ms total)
T1468 4257:673 JLINK_WriteMem(0xE0001030, 0x0004 Bytes, ...) - Data: 00 00 00 00 -- CPU is running -- CPU_WriteMem(4 bytes @ 0xE0001030)  returns 0x04 (0001ms, 4612ms total)
T1468 4257:674 JLINK_WriteMem(0xE0001034, 0x0004 Bytes, ...) - Data: 00 00 00 00 -- CPU is running -- CPU_WriteMem(4 bytes @ 0xE0001034)  returns 0x04 (0001ms, 4613ms total)
T1468 4257:675 JLINK_WriteMem(0xE0001038, 0x0004 Bytes, ...) - Data: 00 00 00 00 -- CPU is running -- CPU_WriteMem(4 bytes @ 0xE0001038)  returns 0x04 (0001ms, 4614ms total)
T1468 4257:676 JLINK_WriteMem(0xE0001040, 0x0004 Bytes, ...) - Data: 00 00 00 00 -- CPU is running -- CPU_WriteMem(4 bytes @ 0xE0001040)  returns 0x04 (0001ms, 4615ms total)
T1468 4257:677 JLINK_WriteMem(0xE0001044, 0x0004 Bytes, ...) - Data: 00 00 00 00 -- CPU is running -- CPU_WriteMem(4 bytes @ 0xE0001044)  returns 0x04 (0001ms, 4616ms total)
T1468 4257:678 JLINK_WriteMem(0xE0001048, 0x0004 Bytes, ...) - Data: 00 00 00 00 -- CPU is running -- CPU_WriteMem(4 bytes @ 0xE0001048)  returns 0x04 (0000ms, 4616ms total)
T1468 4257:679 JLINK_WriteMem(0xE0001050, 0x0004 Bytes, ...) - Data: 00 00 00 00 -- CPU is running -- CPU_WriteMem(4 bytes @ 0xE0001050)  returns 0x04 (0000ms, 4616ms total)
T1468 4257:679 JLINK_WriteMem(0xE0001054, 0x0004 Bytes, ...) - Data: 00 00 00 00 -- CPU is running -- CPU_WriteMem(4 bytes @ 0xE0001054)  returns 0x04 (0001ms, 4617ms total)
T1468 4257:680 JLINK_WriteMem(0xE0001058, 0x0004 Bytes, ...) - Data: 00 00 00 00 -- CPU is running -- CPU_WriteMem(4 bytes @ 0xE0001058)  returns 0x04 (0001ms, 4618ms total)
T1468 4257:681 JLINK_Halt()  returns 0x00 (0008ms, 4626ms total)
T1468 4257:689 JLINK_WriteMem(0x400E0A04, 0x0004 Bytes, ...) - Data: 0B 01 00 5A -- CPU_WriteMem(4 bytes @ 0x400E0A04)  returns 0x04 (0001ms, 4627ms total)
T1468 4257:690 JLINK_ReadMem (0x400E0A08, 0x0004 Bytes, ...) -- CPU_ReadMem(4 bytes @ 0x400E0A08) - Data: 01 00 00 00  returns 0x00 (0001ms, 4628ms total)
T1468 4257:691 JLINK_WriteMem(0x400E0A04, 0x0004 Bytes, ...) - Data: 0C 02 00 5A -- CPU_WriteMem(4 bytes @ 0x400E0A04)  returns 0x04 (0001ms, 4629ms total)
T1468 4257:692 JLINK_ReadMem (0x400E0A08, 0x0004 Bytes, ...) -- CPU_ReadMem(4 bytes @ 0x400E0A08) - Data: 01 00 00 00  returns 0x00 (0001ms, 4630ms total)
T1468 4257:693 JLINK_Reset() -- CPU_ReadMem(16 bytes @ 0x20000000) -- CPU_WriteMem(16 bytes @ 0x20000000) -- CPU_ReadMem(4 bytes @ 0xE000EDFC) -- CPU_WriteMem(4 bytes @ 0xE000EDFC) -- CPU_ReadMem(4 bytes @ 0xE0001000) -- CPU_WriteMem(4 bytes @ 0xE000EDFC) -- CPU_WriteMem(16 bytes @ 0x20000000) -- CPU_WriteMem(4 bytes @ 0xE0002000) -- CPU_ReadMem(4 bytes @ 0xE000EDFC) -- CPU_ReadMem(4 bytes @ 0xE0001000) (0039ms, 4669ms total)
T1468 4257:734 JLINK_JTAG_GetDeviceID(DeviceIndex = 0)  returns 0x4BA00477 (0000ms, 4669ms total)
T1468 4257:734 JLINK_ReadMemU32(0x400E0740, 0x0001 Items, ...) -- CPU_ReadMem(4 bytes @ 0x400E0740) - Data: E0 0E A7 29  returns 0x01 (0002ms, 4671ms total)
T1468 4257:736 JLINK_ReadMemU32(0x400E0744, 0x0001 Items, ...) -- CPU_ReadMem(4 bytes @ 0x400E0744) - Data: 00 00 00 00  returns 0x01 (0001ms, 4672ms total)
T1468 4257:737 JLINK_WriteMem(0x400E0A04, 0x0004 Bytes, ...) - Data: 05 00 00 5A -- CPU_WriteMem(4 bytes @ 0x400E0A04)  returns 0x04 (0001ms, 4673ms total)
T1468 4257:738 JLINK_WriteMem(0x400E0C04, 0x0004 Bytes, ...) - Data: 05 00 00 5A -- CPU_WriteMem(4 bytes @ 0x400E0C04)  returns 0x04 (0000ms, 4673ms total)
T1468 4257:738 JLINK_ReadMem (0x400E0A08, 0x0004 Bytes, ...) -- CPU_ReadMem(4 bytes @ 0x400E0A08) - Data: 00 00 00 00  returns 0x00 (0001ms, 4674ms total)
T1468 4257:740 JLINK_ReadMem (0x400E0A08, 0x0004 Bytes, ...) -- CPU_ReadMem(4 bytes @ 0x400E0A08) - Data: 00 00 00 00  returns 0x00 (0001ms, 4675ms total)
T1A04 4257:744 JLINK_IsHalted()  returns TRUE (0000ms, 4675ms total)
T1A04 4257:744 JLINK_GetMOEs(...) -- CPU_ReadMem(4 bytes @ 0xE000ED30) -- CPU_WriteMem(4 bytes @ 0xE000ED30)  returns 0x01 (0002ms, 4677ms total)
T1468 4257:746 JLINK_ReadMem (0x400E0A08, 0x0004 Bytes, ...) -- CPU_ReadMem(4 bytes @ 0x400E0A08) - Data: 00 00 00 00  returns 0x00 (0001ms, 4678ms total)
T1A04 4257:747 JLINK_ReadReg(R15 (PC))  returns 0x00400328 (0000ms, 4678ms total)
T1468 4257:763 JLINK_ReadMem (0x400E0A08, 0x0004 Bytes, ...) -- CPU_ReadMem(4 bytes @ 0x400E0A08) - Data: 00 00 00 00  returns 0x00 (0001ms, 4679ms total)
T1468 4257:828 JLINK_ReadMem (0x400E0A08, 0x0004 Bytes, ...) -- CPU_ReadMem(4 bytes @ 0x400E0A08) - Data: 00 00 00 00  returns 0x00 (0001ms, 4680ms total)
T1A04 4257:947 JLINK_IsHalted()  returns TRUE (0000ms, 4680ms total)
T1468 4258:085 JLINK_ReadMem (0x400E0A08, 0x0004 Bytes, ...) -- CPU_ReadMem(4 bytes @ 0x400E0A08) - Data: 00 00 00 00  returns 0x00 (0001ms, 4681ms total)
T1A04 4258:147 JLINK_IsHalted()  returns TRUE (0000ms, 4681ms total)
T1A04 4258:347 JLINK_IsHalted()  returns TRUE (0001ms, 4682ms total)
T1A04 4258:548 JLINK_IsHalted()  returns TRUE (0000ms, 4681ms total)
T1A04 4258:748 JLINK_IsHalted()  returns TRUE (0000ms, 4681ms total)
T1A04 4258:948 JLINK_IsHalted()  returns TRUE (0001ms, 4682ms total)
T1468 4259:086 JLINK_ReadMem (0x400E0A08, 0x0004 Bytes, ...) -- CPU_ReadMem(4 bytes @ 0x400E0A08) - Data: 00 00 00 00  returns 0x00 (0001ms, 4682ms total)
T1468 4259:087 JLINK_ReadMem (0x400E0C08, 0x0004 Bytes, ...) -- CPU_ReadMem(4 bytes @ 0x400E0C08) - Data: 00 00 00 00  returns 0x00 (0002ms, 4684ms total)
T1468 4259:090 JLINK_ReadMem (0x400E0C08, 0x0004 Bytes, ...) -- CPU_ReadMem(4 bytes @ 0x400E0C08) - Data: 00 00 00 00  returns 0x00 (0001ms, 4685ms total)
T1468 4259:095 JLINK_ReadMem (0x400E0C08, 0x0004 Bytes, ...) -- CPU_ReadMem(4 bytes @ 0x400E0C08) - Data: 00 00 00 00  returns 0x00 (0001ms, 4686ms total)
T1468 4259:112 JLINK_ReadMem (0x400E0C08, 0x0004 Bytes, ...) -- CPU_ReadMem(4 bytes @ 0x400E0C08) - Data: 00 00 00 00  returns 0x00 (0001ms, 4687ms total)
T1A04 4259:149 JLINK_IsHalted()  returns TRUE (0000ms, 4687ms total)
T1468 4259:177 JLINK_ReadMem (0x400E0C08, 0x0004 Bytes, ...) -- CPU_ReadMem(4 bytes @ 0x400E0C08) - Data: 00 00 00 00  returns 0x00 (0001ms, 4688ms total)
T1A04 4259:349 JLINK_IsHalted()  returns TRUE (0000ms, 4688ms total)
T1468 4259:434 JLINK_ReadMem (0x400E0C08, 0x0004 Bytes, ...) -- CPU_ReadMem(4 bytes @ 0x400E0C08) - Data: 00 00 00 00  returns 0x00 (0001ms, 4689ms total)
T1A04 4259:549 JLINK_IsHalted()  returns TRUE (0001ms, 4690ms total)
T1A04 4259:750 JLINK_IsHalted()  returns TRUE (0000ms, 4689ms total)
T1A04 4259:950 JLINK_IsHalted()  returns TRUE (0000ms, 4689ms total)
T1A04 4260:150 JLINK_IsHalted()  returns TRUE (0001ms, 4690ms total)
T1A04 4260:351 JLINK_IsHalted()  returns TRUE (0000ms, 4689ms total)
T1468 4260:435 JLINK_ReadMem (0x400E0C08, 0x0004 Bytes, ...) -- CPU_ReadMem(4 bytes @ 0x400E0C08) - Data: 00 00 00 00  returns 0x00 (0001ms, 4690ms total)
T1468 4260:436 JLINK_ReadMem (0x400E0A08, 0x0004 Bytes, ...) -- CPU_ReadMem(4 bytes @ 0x400E0A08) - Data: 00 00 00 00  returns 0x00 (0002ms, 4692ms total)
T1468 4260:439 JLINK_ReadMem (0x400E0A08, 0x0004 Bytes, ...) -- CPU_ReadMem(4 bytes @ 0x400E0A08) - Data: 00 00 00 00  returns 0x00 (0001ms, 4693ms total)
T1468 4260:444 JLINK_ReadMem (0x400E0A08, 0x0004 Bytes, ...) -- CPU_ReadMem(4 bytes @ 0x400E0A08) - Data: 00 00 00 00  returns 0x00 (0001ms, 4694ms total)
T1468 4260:461 JLINK_ReadMem (0x400E0A08, 0x0004 Bytes, ...) -- CPU_ReadMem(4 bytes @ 0x400E0A08) - Data: 00 00 00 00  returns 0x00 (0001ms, 4695ms total)
T1468 4260:526 JLINK_ReadMem (0x400E0A08, 0x0004 Bytes, ...) -- CPU_ReadMem(4 bytes @ 0x400E0A08) - Data: 00 00 00 00  returns 0x00 (0001ms, 4696ms total)
T1A04 4260:551 JLINK_IsHalted()  returns TRUE (0000ms, 4696ms total)
T1A04 4260:751 JLINK_IsHalted()  returns TRUE (0002ms, 4698ms total)
T1468 4260:783 JLINK_ReadMem (0x400E0A08, 0x0004 Bytes, ...) -- CPU_ReadMem(4 bytes @ 0x400E0A08) - Data: 00 00 00 00  returns 0x00 (0001ms, 4697ms total)
T1A04 4260:953 JLINK_IsHalted()  returns TRUE (0000ms, 4697ms total)
T1A04 4261:154 JLINK_IsHalted()  returns TRUE (0000ms, 4697ms total)
T1A04 4261:354 JLINK_IsHalted()  returns TRUE (0001ms, 4698ms total)
T1A04 4261:555 JLINK_IsHalted()  returns TRUE (0000ms, 4697ms total)
T1A04 4261:755 JLINK_IsHalted()  returns TRUE (0001ms, 4698ms total)
T1468 4261:784 JLINK_ReadMem (0x400E0A08, 0x0004 Bytes, ...) -- CPU_ReadMem(4 bytes @ 0x400E0A08) - Data: 00 00 00 00  returns 0x00 (0001ms, 4698ms total)
T1468 4261:786 JLINK_ReadMem (0x400E0C08, 0x0004 Bytes, ...) -- CPU_ReadMem(4 bytes @ 0x400E0C08) - Data: 00 00 00 00  returns 0x00 (0001ms, 4699ms total)
T1468 4261:788 JLINK_ReadMem (0x400E0C08, 0x0004 Bytes, ...) -- CPU_ReadMem(4 bytes @ 0x400E0C08) - Data: 00 00 00 00  returns 0x00 (0001ms, 4700ms total)
T1468 4261:793 JLINK_ReadMem (0x400E0C08, 0x0004 Bytes, ...) -- CPU_ReadMem(4 bytes @ 0x400E0C08) - Data: 00 00 00 00  returns 0x00 (0001ms, 4701ms total)
T1468 4261:810 JLINK_ReadMem (0x400E0C08, 0x0004 Bytes, ...) -- CPU_ReadMem(4 bytes @ 0x400E0C08) - Data: 00 00 00 00  returns 0x00 (0001ms, 4702ms total)
T1468 4261:875 JLINK_ReadMem (0x400E0C08, 0x0004 Bytes, ...) -- CPU_ReadMem(4 bytes @ 0x400E0C08) - Data: 00 00 00 00  returns 0x00 (0001ms, 4703ms total)
T1A04 4261:956 JLINK_IsHalted()  returns TRUE (0001ms, 4704ms total)
T1468 4262:132 JLINK_ReadMem (0x400E0C08, 0x0004 Bytes, ...) -- CPU_ReadMem(4 bytes @ 0x400E0C08) - Data: 00 00 00 00  returns 0x00 (0001ms, 4704ms total)
T1A04 4262:157 JLINK_IsHalted()  returns TRUE (0000ms, 4704ms total)
T1A04 4262:357 JLINK_IsHalted()  returns TRUE (0000ms, 4704ms total)
T1A04 4262:557 JLINK_IsHalted()  returns TRUE (0001ms, 4705ms total)
T1A04 4262:758 JLINK_IsHalted()  returns TRUE (0001ms, 4705ms total)
T1A04 4262:959 JLINK_IsHalted()  returns TRUE (0000ms, 4704ms total)
T1468 4263:133 JLINK_ReadMem (0x400E0C08, 0x0004 Bytes, ...) -- CPU_ReadMem(4 bytes @ 0x400E0C08) - Data: 01 00 00 00  returns 0x00 (0001ms, 4705ms total)
T1468 4263:134 JLINK_ReadMem (0x400E0A08, 0x0004 Bytes, ...) -- CPU_ReadMem(4 bytes @ 0x400E0A08) - Data: 01 00 00 00  returns 0x00 (0002ms, 4707ms total)
T1A04 4263:159 JLINK_IsHalted()  returns TRUE (0001ms, 4708ms total)
T1468 4263:161 JLINK_ResetPullsRESET(ON) (0000ms, 4707ms total)
T1468 4263:161 JLINK_ResetNoHalt() >0x2F8 JTAG>TotalIRLen = 4, IRPrint = 0x01 >0x30 JTAG> >0x210 JTAG> >0x70 JTAG> >0x40 JTAG> >0x40 JTAG> >0x40 JTAG> >0x48 JTAG> >0x78 JTAG> >0x40 JTAG> >0x30 JTAG> >0x40 JTAG> >0x40 JTAG> >0x30 JTAG> >0x40 JTAG> >0x48 JTAG>Found Cortex-M4 r0p1, Little endian. -- CPU_WriteMem(4 bytes @ 0xE0002000) -- CPU_ReadMem(4 bytes @ 0xE000EDF0) -- CPU_ReadMem(4 bytes @ 0xE0002000)FPUnit: 6 code (BP) slots and 2 literal slots -- CPU_ReadMem(4 bytes @ 0xE000EDFC)
 -- CPU_ReadMem(4 bytes @ 0xE0001000) -- CPU_ReadMem(4 bytes @ 0xE000ED88) -- CPU_WriteMem(4 bytes @ 0xE000ED88) -- CPU_ReadMem(4 bytes @ 0xE000ED88) -- CPU_WriteMem(4 bytes @ 0xE000ED88)CoreSight components:ROMTbl 0 @ E00FF000 -- CPU_ReadMem(16 bytes @ 0xE00FF000) -- CPU_ReadMem(16 bytes @ 0xE000EFF0) -- CPU_ReadMem(16 bytes @ 0xE000EFE0)ROMTbl 0 [0]: FFF0F000, CID: B105E00D, PID: 000BB000 SCS -- CPU_WriteMem(4 bytes @ 0xE0001000) -- CPU_ReadMem(16 bytes @ 0xE0001FF0)
 -- CPU_ReadMem(16 bytes @ 0xE0001FE0)ROMTbl 0 [1]: FFF02000, CID: B105E00D, PID: 003BB002 DWT -- CPU_ReadMem(16 bytes @ 0xE0002FF0) -- CPU_ReadMem(16 bytes @ 0xE0002FE0)ROMTbl 0 [2]: FFF03000, CID: B105E00D, PID: 002BB003 FPB -- CPU_ReadMem(16 bytes @ 0xE0000FF0) -- CPU_ReadMem(16 bytes @ 0xE0000FE0)ROMTbl 0 [3]: FFF01000, CID: B105E00D, PID: 003BB001 ITM -- CPU_ReadMem(16 bytes @ 0xE00FF010) -- CPU_ReadMem(16 bytes @ 0xE0040FF0) -- CPU_ReadMem(16 bytes @ 0xE0040FE0)
ROMTbl 0 [4]: FFF41000, CID: B105900D, PID: 000BB9A1 TPIU
                JLINK_Reset() -- CPU_ReadMem(16 bytes @ 0x20000000) -- CPU_WriteMem(16 bytes @ 0x20000000) -- CPU_ReadMem(4 bytes @ 0xE000EDFC) -- CPU_WriteMem(4 bytes @ 0xE000EDFC) -- CPU_ReadMem(4 bytes @ 0xE0001000) -- CPU_WriteMem(4 bytes @ 0xE0001004) -- CPU_WriteMem(4 bytes @ 0xE000EDFC) -- CPU_WriteMem(16 bytes @ 0x20000000) -- CPU_WriteMem(4 bytes @ 0xE0002000) -- CPU_ReadMem(4 bytes @ 0xE000EDFC) -- CPU_ReadMem(4 bytes @ 0xE0001000) (0043ms, 0043ms total)
                JLINK_Go() -- CPU_ReadMem(4 bytes @ 0xE0001000) -- CPU_WriteMem(4 bytes @ 0xE0001004) (0004ms, 0047ms total)
               (0093ms, 4800ms total)
T1468 4263:255 JLINK_ExecCommand("ProjectFile = T:\HenriqueEduardo\Entregas\Aula06\GPIO_REGISTRADORES_LED\jlink.config", ...)  returns 0x00 (0001ms, 4801ms total)
T1468 4263:291 JLINK_ExecCommand("Device = AT91SAM4SD32C", ...)Device "ATSAM4SD32C" selected.  returns 0x00 (0001ms, 4802ms total)
T1468 4263:292 JLINK_TIF_Select(JLINKARM_TIF_JTAG)  returns 0x00 (0000ms, 4802ms total)
T1468 4263:292 JLINK_GetIdData(...) ScanLen=4 NumDevices=1 aId[0]=0x4BA00477 aIrRead[0]=0 aScanLen[0]=0 aScanRead[0]=0 (0000ms, 4802ms total)
T1468 4263:292 JLINK_ConfigJTAG(IRPre = 0, DRPre = 0) (0000ms, 4802ms total)
T1468 4263:292 JLINK_SetSpeed(4000) (0001ms, 4803ms total)
T1468 4263:293 JLINK_ResetPullsRESET(OFF) (0000ms, 4803ms total)
T1468 4263:293 JLINK_Connect() >0x2F8 JTAG>TotalIRLen = 4, IRPrint = 0x01 >0x30 JTAG> >0x210 JTAG> >0x70 JTAG> >0x40 JTAG> >0x40 JTAG> >0x40 JTAG> >0x48 JTAG> >0x78 JTAG> >0x40 JTAG> >0x30 JTAG> >0x40 JTAG> >0x40 JTAG> >0x30 JTAG> >0x40 JTAG> >0x48 JTAG>Found Cortex-M4 r0p1, Little endian. -- CPU_WriteMem(4 bytes @ 0xE0002000) -- CPU_ReadMem(4 bytes @ 0xE000EDF0) -- CPU_ReadMem(4 bytes @ 0xE0002000)FPUnit: 6 code (BP) slots and 2 literal slots -- CPU_ReadMem(4 bytes @ 0xE000EDFC)
 -- CPU_ReadMem(4 bytes @ 0xE0001000) -- CPU_WriteMem(4 bytes @ 0xE0001000) -- CPU_ReadMem(4 bytes @ 0xE000ED88) -- CPU_WriteMem(4 bytes @ 0xE000ED88) -- CPU_ReadMem(4 bytes @ 0xE000ED88) -- CPU_WriteMem(4 bytes @ 0xE000ED88)CoreSight components:ROMTbl 0 @ E00FF000 -- CPU_ReadMem(16 bytes @ 0xE00FF000) -- CPU_ReadMem(16 bytes @ 0xE000EFF0) -- CPU_ReadMem(16 bytes @ 0xE000EFE0)ROMTbl 0 [0]: FFF0F000, CID: B105E00D, PID: 000BB000 SCS -- CPU_ReadMem(16 bytes @ 0xE0001FF0)
 -- CPU_ReadMem(16 bytes @ 0xE0001FE0)ROMTbl 0 [1]: FFF02000, CID: B105E00D, PID: 003BB002 DWT -- CPU_ReadMem(16 bytes @ 0xE0002FF0) -- CPU_ReadMem(16 bytes @ 0xE0002FE0)ROMTbl 0 [2]: FFF03000, CID: B105E00D, PID: 002BB003 FPB -- CPU_ReadMem(16 bytes @ 0xE0000FF0) -- CPU_ReadMem(16 bytes @ 0xE0000FE0)ROMTbl 0 [3]: FFF01000, CID: B105E00D, PID: 003BB001 ITM -- CPU_ReadMem(16 bytes @ 0xE00FF010) -- CPU_ReadMem(16 bytes @ 0xE0040FF0) -- CPU_ReadMem(16 bytes @ 0xE0040FE0)
ROMTbl 0 [4]: FFF41000, CID: B105900D, PID: 000BB9A1 TPIU  returns 0x00 (0033ms, 4836ms total)
T1468 4263:326 JLINK_WriteMem(0xE0001020, 0x0004 Bytes, ...) - Data: 00 00 00 00 -- CPU is running -- CPU_WriteMem(4 bytes @ 0xE0001020)  returns 0x04 (0001ms, 4837ms total)
T1468 4263:327 JLINK_WriteMem(0xE0001024, 0x0004 Bytes, ...) - Data: 00 00 00 00 -- CPU is running -- CPU_WriteMem(4 bytes @ 0xE0001024)  returns 0x04 (0001ms, 4838ms total)
T1468 4263:328 JLINK_WriteMem(0xE0001028, 0x0004 Bytes, ...) - Data: 00 00 00 00 -- CPU is running -- CPU_WriteMem(4 bytes @ 0xE0001028)  returns 0x04 (0000ms, 4838ms total)
T1468 4263:328 JLINK_WriteMem(0xE0001030, 0x0004 Bytes, ...) - Data: 00 00 00 00 -- CPU is running -- CPU_WriteMem(4 bytes @ 0xE0001030)  returns 0x04 (0001ms, 4839ms total)
T1468 4263:329 JLINK_WriteMem(0xE0001034, 0x0004 Bytes, ...) - Data: 00 00 00 00 -- CPU is running -- CPU_WriteMem(4 bytes @ 0xE0001034)  returns 0x04 (0001ms, 4840ms total)
T1468 4263:330 JLINK_WriteMem(0xE0001038, 0x0004 Bytes, ...) - Data: 00 00 00 00 -- CPU is running -- CPU_WriteMem(4 bytes @ 0xE0001038)  returns 0x04 (0000ms, 4840ms total)
T1468 4263:330 JLINK_WriteMem(0xE0001040, 0x0004 Bytes, ...) - Data: 00 00 00 00 -- CPU is running -- CPU_WriteMem(4 bytes @ 0xE0001040)  returns 0x04 (0001ms, 4841ms total)
T1468 4263:331 JLINK_WriteMem(0xE0001044, 0x0004 Bytes, ...) - Data: 00 00 00 00 -- CPU is running -- CPU_WriteMem(4 bytes @ 0xE0001044)  returns 0x04 (0001ms, 4842ms total)
T1468 4263:332 JLINK_WriteMem(0xE0001048, 0x0004 Bytes, ...) - Data: 00 00 00 00 -- CPU is running -- CPU_WriteMem(4 bytes @ 0xE0001048)  returns 0x04 (0001ms, 4843ms total)
T1468 4263:333 JLINK_WriteMem(0xE0001050, 0x0004 Bytes, ...) - Data: 00 00 00 00 -- CPU is running -- CPU_WriteMem(4 bytes @ 0xE0001050)  returns 0x04 (0001ms, 4844ms total)
T1468 4263:334 JLINK_WriteMem(0xE0001054, 0x0004 Bytes, ...) - Data: 00 00 00 00 -- CPU is running -- CPU_WriteMem(4 bytes @ 0xE0001054)  returns 0x04 (0001ms, 4845ms total)
T1468 4263:335 JLINK_WriteMem(0xE0001058, 0x0004 Bytes, ...) - Data: 00 00 00 00 -- CPU is running -- CPU_WriteMem(4 bytes @ 0xE0001058)  returns 0x04 (0001ms, 4846ms total)
T1468 4263:336 JLINK_Halt()  returns 0x00 (0004ms, 4850ms total)
T1468 4263:340 JLINK_WriteMem(0x400E0A04, 0x0004 Bytes, ...) - Data: 0B 01 00 5A -- CPU_WriteMem(4 bytes @ 0x400E0A04)  returns 0x04 (0002ms, 4852ms total)
T1468 4263:342 JLINK_ReadMem (0x400E0A08, 0x0004 Bytes, ...) -- CPU_ReadMem(4 bytes @ 0x400E0A08) - Data: 01 00 00 00  returns 0x00 (0001ms, 4853ms total)
T1468 4263:343 JLINK_WriteMem(0x400E0A04, 0x0004 Bytes, ...) - Data: 0C 02 00 5A -- CPU_WriteMem(4 bytes @ 0x400E0A04)  returns 0x04 (0001ms, 4854ms total)
T1468 4263:344 JLINK_ReadMem (0x400E0A08, 0x0004 Bytes, ...) -- CPU_ReadMem(4 bytes @ 0x400E0A08) - Data: 01 00 00 00  returns 0x00 (0001ms, 4855ms total)
T1468 4263:345 JLINK_Reset() -- CPU_ReadMem(16 bytes @ 0x20000000) -- CPU_WriteMem(16 bytes @ 0x20000000) -- CPU_ReadMem(4 bytes @ 0xE000EDFC) -- CPU_WriteMem(4 bytes @ 0xE000EDFC) -- CPU_ReadMem(4 bytes @ 0xE0001000) -- CPU_WriteMem(4 bytes @ 0xE000EDFC) -- CPU_WriteMem(16 bytes @ 0x20000000) -- CPU_WriteMem(4 bytes @ 0xE0002000) -- CPU_ReadMem(4 bytes @ 0xE000EDFC) -- CPU_ReadMem(4 bytes @ 0xE0001000) (0028ms, 4883ms total)
T1468 4263:376 JLINK_JTAG_GetDeviceID(DeviceIndex = 0)  returns 0x4BA00477 (0000ms, 4884ms total)
T1468 4263:376 JLINK_ReadMemU32(0x400E0740, 0x0001 Items, ...) -- CPU_ReadMem(4 bytes @ 0x400E0740) - Data: E0 0E A7 29  returns 0x01 (0000ms, 4884ms total)
T1468 4263:377 JLINK_ReadMemU32(0x400E0744, 0x0001 Items, ...) -- CPU_ReadMem(4 bytes @ 0x400E0744) - Data: 00 00 00 00  returns 0x01 (0001ms, 4886ms total)
T1468 4263:384 JLINK_BeginDownload(Flags = 0x00) (0000ms, 4886ms total)
T1468 4263:384 JLINK_WriteMem(0x00400000, 0x07C8 Bytes, ...) - Data: C8 34 00 20 29 03 40 00 25 03 40 00 25 03 40 00 ...  returns 0x7C8 (0001ms, 4887ms total)
T1468 4263:385 JLINK_WriteMem(0x004007C8, 0x0430 Bytes, ...) - Data: 00 09 3D 00 00 00 00 00 00 00 00 00 F4 02 00 20 ...  returns 0x430 (0000ms, 4887ms total)
T1998 4263:385 JLINK_IsHalted()  returns TRUE (0000ms, 4887ms total)
T1998 4263:385 JLINK_GetMOEs(...) -- CPU_ReadMem(4 bytes @ 0xE000ED30) -- CPU_WriteMem(4 bytes @ 0xE000ED30)  returns 0x01 (0011ms, 4898ms total)
T1998 4263:396 JLINK_ReadReg(R15 (PC)) -- -------------------------------------- -- Start of determining dirty areas in flash cache -- End of determining dirty areas -- Start of preparing flash programming -- Calculating RAM usage -- RAM usage = 2884 Bytes -- Preserving registers -- Preparing memory -- Determining CPU clock frequency -- CPU clock frequency: 4170 kHz -- CPU frequency = 4170 kHz -- Preparing target -- Downloading RAMCode -- Using alternate TurboMode RAMCode -- Checking target RAM
 -- Preparing RAMCode -- End of preparing flash programmingCPU is running at low speed (4170 kHz). -- CPU is running at 4170 kHz. -- Start of comparing flash -- Read back was estimated as fastest method -- Comparing range 0x400000 - 0x400BFF (6 Sectors, 3 KB), using multi-block CRC calculation -- CPU is running -- CPU_ReadMem(512 bytes @ 0x00400000) -- CPU is running -- CPU_ReadMem(512 bytes @ 0x00400200) -- CPU is running -- CPU_ReadMem(512 bytes @ 0x00400400) -- CPU is running
 -- CPU_ReadMem(512 bytes @ 0x00400600) -- CPU is running -- CPU_ReadMem(512 bytes @ 0x00400800) -- CPU is running -- CPU_ReadMem(512 bytes @ 0x00400A00) -- CRC does not match for sectors 0-5 -- End of comparing flash -- Start of erasing sectors -- End of erasing sectors -- Start of flash programming -- Programming range 0x00400000 - 0x00400BFF (006 Sectors, 3 KB) -- End of flash programming -- Flash programming performed for 1 range (3072 bytes) -- 0x400000 - 0x400BFF (006 Sectors, 3 KB)
 -- Start of verifying flash -- Checksum calculation was estimated as fastest method -- End of verifying flash -- Start of restoring -- Restore RAMCode -- Restore content of target memory -- Restore target -- Restore memory -- Restore content of registers -- End of restoring -- Total time needed: 0.171s (Prepare: 0.085s, Compare: 0.028s, Erase: 0.000s, Program: 0.048s, Verify: 0.001s, Restore: 0.007s)  returns 0xFFFFFFFE (0180ms, 5078ms total)
T1104 4263:686 JLINK_Halt()  returns 0x00 (0000ms, 5078ms total)
T1104 4263:687 JLINK_ReadReg(R15 (PC))  returns 0xFFFFFFFE (0000ms, 5078ms total)
T1104 4263:687 JLINK_ReadReg(R13 (SP))  returns 0xFFFFFFFC (0000ms, 5078ms total)
T1998 4263:776 JLINK_IsHalted()  returns TRUE (0000ms, 5078ms total)
T1104 4263:784 JLINK_ReadReg(R0)  returns 0x400E1400 (0000ms, 5078ms total)
T1104 4263:784 JLINK_ReadReg(R1)  returns 0x40C00000 (0001ms, 5079ms total)
T1104 4263:785 JLINK_ReadReg(R2)  returns 0xA5000005 (0000ms, 5079ms total)
T1104 4263:785 JLINK_ReadReg(R3)  returns 0x00080000 (0000ms, 5079ms total)
T1104 4263:785 JLINK_ReadReg(R4)  returns 0x400E0E00 (0000ms, 5079ms total)
T1104 4263:785 JLINK_ReadReg(R5)  returns 0x400E1000 (0000ms, 5079ms total)
T1104 4263:785 JLINK_ReadReg(R6)  returns 0x00400581 (0000ms, 5079ms total)
T1104 4263:785 JLINK_ReadReg(R7)  returns 0x219A0C3B (0000ms, 5079ms total)
T1104 4263:785 JLINK_ReadReg(R8)  returns 0xB34BB62C (0000ms, 5079ms total)
T1104 4263:785 JLINK_ReadReg(R9)  returns 0xC0198039 (0000ms, 5079ms total)
T1104 4263:785 JLINK_ReadReg(R10)  returns 0xAE9CB28E (0000ms, 5079ms total)
T1104 4263:785 JLINK_ReadReg(R11)  returns 0x9050A442 (0000ms, 5079ms total)
T1104 4263:785 JLINK_ReadReg(R12)  returns 0x192B5FCA (0000ms, 5079ms total)
T1104 4263:785 JLINK_ReadReg(R13 (SP))  returns 0xFFFFFFFC (0000ms, 5079ms total)
T1104 4263:785 JLINK_ReadReg(R14)  returns 0xFFFFFFFF (0000ms, 5079ms total)
T1104 4263:785 JLINK_ReadReg(R15 (PC))  returns 0xFFFFFFFE (0000ms, 5079ms total)
T1104 4263:785 JLINK_ReadReg(XPSR)  returns 0x01000000 (0000ms, 5079ms total)
T1104 4263:785 JLINK_ReadReg(MSP)  returns 0xFFFFFFFC (0000ms, 5079ms total)
T1104 4263:785 JLINK_ReadReg(PSP)  returns 0x45F2D124 (0000ms, 5079ms total)
T1104 4263:785 JLINK_ReadReg(PRIMASK)  returns 0x00000000 (0000ms, 5079ms total)
T1104 4263:785 JLINK_ReadReg(BASEPRI)  returns 0x00000000 (0000ms, 5079ms total)
T1104 4263:785 JLINK_ReadReg(FAULTMASK)  returns 0x00000000 (0000ms, 5079ms total)
T1104 4263:785 JLINK_ReadReg(CONTROL)  returns 0x00000000 (0000ms, 5079ms total)
T1104 4263:827 JLINK_EndDownload()  returns 0x00 (0000ms, 5079ms total)
T1104 4263:827 JLINK_Reset() -- CPU_ReadMem(16 bytes @ 0x20000000) -- CPU_WriteMem(16 bytes @ 0x20000000) -- CPU_ReadMem(4 bytes @ 0xE000EDFC) -- CPU_WriteMem(4 bytes @ 0xE000EDFC) -- CPU_ReadMem(4 bytes @ 0xE0001000) -- CPU_WriteMem(4 bytes @ 0xE000EDFC) -- CPU_WriteMem(16 bytes @ 0x20000000) -- CPU_WriteMem(4 bytes @ 0xE0002000) -- CPU_ReadMem(4 bytes @ 0xE000EDFC) -- CPU_ReadMem(4 bytes @ 0xE0001000) (0027ms, 5106ms total)
T1998 4263:854 JLINK_IsHalted()  returns TRUE (0000ms, 5106ms total)
T1998 4263:854 JLINK_GetMOEs(...) -- CPU_ReadMem(4 bytes @ 0xE000ED30) -- CPU_WriteMem(4 bytes @ 0xE000ED30)  returns 0x01 (0002ms, 5108ms total)
T1998 4263:856 JLINK_ReadReg(R15 (PC))  returns 0x00400328 (0000ms, 5108ms total)
T1104 4263:864 JLINK_ReadReg(R15 (PC))  returns 0x00400328 (0000ms, 5108ms total)
T1104 4263:864 JLINK_ReadReg(R13 (SP))  returns 0x200034C8 (0000ms, 5108ms total)
T1104 4263:873 JLINK_ReadMemHW(0x00400328, 0x0004 Bytes, ...) -- CPU_ReadMem(4 bytes @ 0x00400328) - Data: 08 B5 20 4B  returns 0x00 (0001ms, 5109ms total)
T1104 4263:909 JLINK_ReadMemHW(0x00400598, 0x0001 Bytes, ...) -- CPU_ReadMem(1 bytes @ 0x00400598) - Data: 08  returns 0x00 (0002ms, 5111ms total)
T1104 4263:951 JLINK_ReadReg(R15 (PC))  returns 0x00400328 (0000ms, 5111ms total)
T1104 4263:951 JLINK_GetNumBPUnits(Type = 0xFFFFFF02)  returns 0x06 (0000ms, 5111ms total)
T1104 4263:951 JLINK_SetBPEx(Addr = 0x00400598, Type = 0xFFFFFF02)  returns 0x00000001 (0000ms, 5111ms total)
T1104 4263:951 JLINK_GetBPInfo(BPHandle = 1)  returns 0x00 (0000ms, 5111ms total)
T1104 4263:951 JLINK_Go() -- CPU_ReadMem(4 bytes @ 0xE0001000) -- CPU_WriteMem(4 bytes @ 0xE0002008) -- CPU_WriteMem(4 bytes @ 0xE000200C) -- CPU_WriteMem(4 bytes @ 0xE0002010) -- CPU_WriteMem(4 bytes @ 0xE0002014) -- CPU_WriteMem(4 bytes @ 0xE0002018) -- CPU_WriteMem(4 bytes @ 0xE000201C) -- CPU_WriteMem(4 bytes @ 0xE0001004) (0005ms, 5116ms total)
T1998 4263:956 JLINK_IsHalted()  returns TRUE (0005ms, 5121ms total)
T1998 4263:961 JLINK_GetMOEs(...) -- CPU_ReadMem(4 bytes @ 0xE000ED30) -- CPU_WriteMem(4 bytes @ 0xE000ED30)  returns 0x01 (0002ms, 5118ms total)
T1998 4263:963 JLINK_ReadReg(R15 (PC))  returns 0x00400598 (0000ms, 5118ms total)
T1998 4263:963 JLINK_GetBPInfo(BPHandle = 1)  returns 0x00 (0000ms, 5118ms total)
T1998 4263:963 JLINK_ClrBPEx(BPHandle = 0x00000001)  returns 0x00 (0000ms, 5118ms total)
T1104 4263:966 JLINK_ReadReg(R15 (PC))  returns 0x00400598 (0000ms, 5118ms total)
T1104 4263:966 JLINK_ReadReg(R13 (SP))  returns 0x200034C0 (0000ms, 5118ms total)
T1104 4263:966 JLINK_ReadMemHW(0x00400598, 0x0004 Bytes, ...) -- CPU_ReadMem(4 bytes @ 0x00400598) - Data: 08 B5 29 4B  returns 0x00 (0001ms, 5119ms total)
T1104 4263:979 JLINK_ReadReg(R15 (PC))  returns 0x00400598 (0000ms, 5119ms total)
T1104 4263:979 JLINK_Go() -- CPU_ReadMem(4 bytes @ 0xE0001000) -- CPU_WriteMem(4 bytes @ 0xE0002008) (0003ms, 5122ms total)
T1998 4263:982 JLINK_IsHalted()  returns FALSE (0001ms, 5123ms total)
T1998 4264:023 JLINK_IsHalted()  returns FALSE (0001ms, 5123ms total)
T1998 4264:184 JLINK_IsHalted()  returns FALSE (0001ms, 5123ms total)
T1998 4264:825 JLINK_IsHalted()  returns FALSE (0001ms, 5123ms total)
T1998 4265:466 JLINK_IsHalted()  returns FALSE (0001ms, 5123ms total)
T1998 4266:107 JLINK_IsHalted()  returns FALSE (0001ms, 5123ms total)
T1998 4266:748 JLINK_IsHalted()  returns FALSE (0001ms, 5123ms total)
T1998 4267:389 JLINK_IsHalted()  returns FALSE (0001ms, 5123ms total)
T1998 4268:030 JLINK_IsHalted()  returns FALSE (0001ms, 5123ms total)
T1998 4268:671 JLINK_IsHalted()  returns FALSE (0001ms, 5123ms total)
T1998 4269:312 JLINK_IsHalted()  returns FALSE (0001ms, 5123ms total)
T1998 4269:953 JLINK_IsHalted()  returns FALSE (0001ms, 5123ms total)
T1998 4270:595 JLINK_IsHalted()  returns FALSE (0001ms, 5123ms total)
T1998 4271:236 JLINK_IsHalted()  returns FALSE (0001ms, 5123ms total)
T1998 4271:877 JLINK_IsHalted()  returns FALSE (0001ms, 5123ms total)
T1998 4272:518 JLINK_IsHalted()  returns FALSE (0001ms, 5123ms total)
T1998 4273:159 JLINK_IsHalted()  returns FALSE (0001ms, 5123ms total)
T1998 4273:800 JLINK_IsHalted()  returns FALSE (0001ms, 5123ms total)
T1998 4274:441 JLINK_IsHalted()  returns FALSE (0001ms, 5123ms total)
T1998 4275:082 JLINK_IsHalted()  returns FALSE (0001ms, 5123ms total)
T1998 4275:723 JLINK_IsHalted()  returns FALSE (0001ms, 5123ms total)
T1998 4276:364 JLINK_IsHalted()  returns FALSE (0001ms, 5123ms total)
T1998 4277:005 JLINK_IsHalted()  returns FALSE (0001ms, 5123ms total)
T1998 4277:646 JLINK_IsHalted()  returns FALSE (0001ms, 5123ms total)
T1998 4278:287 JLINK_IsHalted()  returns FALSE (0001ms, 5123ms total)
T1998 4278:928 JLINK_IsHalted()  returns FALSE (0001ms, 5123ms total)
T1998 4279:569 JLINK_IsHalted()  returns FALSE (0001ms, 5123ms total)
T1998 4280:210 JLINK_IsHalted()  returns FALSE (0001ms, 5123ms total)
T1998 4280:851 JLINK_IsHalted()  returns FALSE (0001ms, 5123ms total)
T1998 4281:492 JLINK_IsHalted()  returns FALSE (0002ms, 5124ms total)
T1998 4282:134 JLINK_IsHalted()  returns FALSE (0001ms, 5123ms total)
T1998 4282:775 JLINK_IsHalted()  returns FALSE (0001ms, 5123ms total)
T1998 4283:416 JLINK_IsHalted()  returns FALSE (0001ms, 5123ms total)
T1998 4284:057 JLINK_IsHalted()  returns FALSE (0001ms, 5123ms total)
T1998 4284:698 JLINK_IsHalted()  returns FALSE (0001ms, 5123ms total)
T1998 4285:339 JLINK_IsHalted()  returns FALSE (0001ms, 5123ms total)
T1998 4285:980 JLINK_IsHalted()  returns FALSE (0001ms, 5123ms total)
T1998 4286:621 JLINK_IsHalted()  returns FALSE (0001ms, 5123ms total)
T1998 4287:262 JLINK_IsHalted()  returns FALSE (0001ms, 5123ms total)
T1998 4287:903 JLINK_IsHalted()  returns FALSE (0001ms, 5123ms total)
T1998 4288:545 JLINK_IsHalted()  returns FALSE (0001ms, 5123ms total)
T1998 4289:186 JLINK_IsHalted()  returns FALSE (0001ms, 5123ms total)
T1998 4289:827 JLINK_IsHalted()  returns FALSE (0001ms, 5123ms total)
T1998 4290:468 JLINK_IsHalted()  returns FALSE (0001ms, 5123ms total)
T1998 4291:109 JLINK_IsHalted()  returns FALSE (0001ms, 5123ms total)
T1998 4291:750 JLINK_IsHalted()  returns FALSE (0002ms, 5124ms total)
T1998 4292:392 JLINK_IsHalted()  returns FALSE (0000ms, 5122ms total)
T1998 4293:032 JLINK_IsHalted()  returns FALSE (0001ms, 5123ms total)
T1998 4293:673 JLINK_IsHalted()  returns FALSE (0001ms, 5123ms total)
T1998 4294:314 JLINK_IsHalted()  returns FALSE (0001ms, 5123ms total)
T1998 4294:955 JLINK_IsHalted()  returns FALSE (0001ms, 5123ms total)
T1998 4295:596 JLINK_IsHalted()  returns FALSE (0001ms, 5123ms total)
T1998 4296:237 JLINK_IsHalted()  returns FALSE (0001ms, 5123ms total)
T1998 4296:878 JLINK_IsHalted()  returns FALSE (0002ms, 5124ms total)
T1998 4297:520 JLINK_IsHalted()  returns FALSE (0001ms, 5123ms total)
T1998 4298:161 JLINK_IsHalted()  returns FALSE (0001ms, 5123ms total)
T1998 4298:802 JLINK_IsHalted()  returns FALSE (0001ms, 5123ms total)
T1998 4299:443 JLINK_IsHalted()  returns FALSE (0001ms, 5123ms total)
T1998 4300:084 JLINK_IsHalted()  returns FALSE (0001ms, 5123ms total)
T1998 4300:725 JLINK_IsHalted()  returns FALSE (0001ms, 5123ms total)
T1998 4301:366 JLINK_IsHalted()  returns FALSE (0001ms, 5123ms total)
T1998 4302:007 JLINK_IsHalted()  returns FALSE (0001ms, 5123ms total)
T1998 4302:648 JLINK_IsHalted()  returns FALSE (0001ms, 5123ms total)
T1998 4303:289 JLINK_IsHalted()  returns FALSE (0001ms, 5123ms total)
T1998 4303:930 JLINK_IsHalted()  returns FALSE (0001ms, 5123ms total)
T1998 4304:571 JLINK_IsHalted()  returns FALSE (0001ms, 5123ms total)
T1998 4305:212 JLINK_IsHalted()  returns FALSE (0001ms, 5123ms total)
T1998 4305:854 JLINK_IsHalted()  returns FALSE (0001ms, 5123ms total)
T1998 4306:495 JLINK_IsHalted()  returns FALSE (0001ms, 5123ms total)
T1998 4307:136 JLINK_IsHalted()  returns FALSE (0001ms, 5123ms total)
T1998 4307:777 JLINK_IsHalted()  returns FALSE (0001ms, 5123ms total)
T1998 4308:418 JLINK_IsHalted()  returns FALSE (0001ms, 5123ms total)
T1998 4309:059 JLINK_IsHalted()  returns FALSE (0001ms, 5123ms total)
T1998 4309:700 JLINK_IsHalted()  returns FALSE (0001ms, 5123ms total)
T1998 4310:341 JLINK_IsHalted()  returns FALSE (0001ms, 5123ms total)
T1998 4310:982 JLINK_IsHalted()  returns FALSE (0001ms, 5123ms total)
T1998 4311:623 JLINK_IsHalted()  returns FALSE (0001ms, 5123ms total)
T1998 4312:264 JLINK_IsHalted()  returns FALSE (0001ms, 5123ms total)
T1998 4312:905 JLINK_IsHalted()  returns FALSE (0001ms, 5123ms total)
T1998 4313:546 JLINK_IsHalted()  returns FALSE (0001ms, 5123ms total)
T1998 4314:187 JLINK_IsHalted()  returns FALSE (0001ms, 5123ms total)
T1998 4314:828 JLINK_IsHalted()  returns FALSE (0001ms, 5123ms total)
T1998 4315:469 JLINK_IsHalted()  returns FALSE (0001ms, 5123ms total)
T1998 4316:110 JLINK_IsHalted()  returns FALSE (0001ms, 5123ms total)
T1998 4316:751 JLINK_IsHalted()  returns FALSE (0001ms, 5123ms total)
T1998 4317:392 JLINK_IsHalted()  returns FALSE (0001ms, 5123ms total)
T1998 4318:033 JLINK_IsHalted()  returns FALSE (0001ms, 5123ms total)
T1998 4318:674 JLINK_IsHalted()  returns FALSE (0001ms, 5123ms total)
T1998 4319:315 JLINK_IsHalted()  returns FALSE (0001ms, 5123ms total)
T1998 4319:956 JLINK_IsHalted()  returns FALSE (0001ms, 5123ms total)
T1998 4320:597 JLINK_IsHalted()  returns FALSE (0001ms, 5123ms total)
T1998 4321:238 JLINK_IsHalted()  returns FALSE (0001ms, 5123ms total)
T1998 4321:879 JLINK_IsHalted()  returns FALSE (0001ms, 5123ms total)
T1998 4322:520 JLINK_IsHalted()  returns FALSE (0001ms, 5123ms total)
T1998 4323:162 JLINK_IsHalted()  returns FALSE (0001ms, 5123ms total)
T1998 4323:803 JLINK_IsHalted()  returns FALSE (0001ms, 5123ms total)
T1998 4324:444 JLINK_IsHalted()  returns FALSE (0001ms, 5123ms total)
T1998 4325:085 JLINK_IsHalted()  returns FALSE (0001ms, 5123ms total)
T1998 4325:726 JLINK_IsHalted()  returns FALSE (0001ms, 5123ms total)
T1998 4326:367 JLINK_IsHalted()  returns FALSE (0001ms, 5123ms total)
T1998 4327:008 JLINK_IsHalted()  returns FALSE (0001ms, 5123ms total)
T1998 4327:649 JLINK_IsHalted()  returns FALSE (0001ms, 5123ms total)
T1998 4328:290 JLINK_IsHalted()  returns FALSE (0001ms, 5123ms total)
T1998 4328:931 JLINK_IsHalted()  returns FALSE (0001ms, 5123ms total)
T1998 4329:572 JLINK_IsHalted()  returns FALSE (0001ms, 5123ms total)
T1998 4330:213 JLINK_IsHalted()  returns FALSE (0001ms, 5123ms total)
T1998 4330:854 JLINK_IsHalted()  returns FALSE (0001ms, 5123ms total)
T1998 4331:495 JLINK_IsHalted()  returns FALSE (0001ms, 5123ms total)
T1998 4332:136 JLINK_IsHalted()  returns FALSE (0001ms, 5123ms total)
T1998 4332:777 JLINK_IsHalted()  returns FALSE (0001ms, 5123ms total)
T1998 4333:418 JLINK_IsHalted()  returns FALSE (0001ms, 5123ms total)
T1998 4334:059 JLINK_IsHalted()  returns FALSE (0001ms, 5123ms total)
T1998 4334:700 JLINK_IsHalted()  returns FALSE (0001ms, 5123ms total)
T1998 4335:341 JLINK_IsHalted()  returns FALSE (0001ms, 5123ms total)
T1998 4335:982 JLINK_IsHalted()  returns FALSE (0001ms, 5123ms total)
T1998 4336:623 JLINK_IsHalted()  returns FALSE (0001ms, 5123ms total)
T1998 4337:264 JLINK_IsHalted()  returns FALSE (0001ms, 5123ms total)
T1998 4337:905 JLINK_IsHalted()  returns FALSE (0001ms, 5123ms total)
T1998 4338:546 JLINK_IsHalted()  returns FALSE (0001ms, 5123ms total)
T1998 4339:187 JLINK_IsHalted()  returns FALSE (0001ms, 5123ms total)
T1998 4339:828 JLINK_IsHalted()  returns FALSE (0001ms, 5123ms total)
T1998 4340:470 JLINK_IsHalted()  returns FALSE (0001ms, 5123ms total)
T1998 4341:111 JLINK_IsHalted()  returns FALSE (0001ms, 5123ms total)
T1998 4341:752 JLINK_IsHalted()  returns FALSE (0001ms, 5123ms total)
T1998 4342:393 JLINK_IsHalted()  returns FALSE (0001ms, 5123ms total)
T1998 4343:034 JLINK_IsHalted()  returns FALSE (0001ms, 5123ms total)
T1998 4343:675 JLINK_IsHalted()  returns FALSE (0001ms, 5123ms total)
T1998 4344:316 JLINK_IsHalted()  returns FALSE (0001ms, 5123ms total)
T1998 4344:957 JLINK_IsHalted()  returns FALSE (0001ms, 5123ms total)
T1998 4345:598 JLINK_IsHalted()  returns FALSE (0001ms, 5123ms total)
T1998 4346:239 JLINK_IsHalted()  returns FALSE (0001ms, 5123ms total)
T1998 4346:880 JLINK_IsHalted()  returns FALSE (0001ms, 5123ms total)
T1998 4347:521 JLINK_IsHalted()  returns FALSE (0001ms, 5123ms total)
T1998 4348:162 JLINK_IsHalted()  returns FALSE (0001ms, 5123ms total)
T1998 4348:803 JLINK_IsHalted()  returns FALSE (0001ms, 5123ms total)
T1998 4349:444 JLINK_IsHalted()  returns FALSE (0001ms, 5123ms total)
T1998 4350:085 JLINK_IsHalted()  returns FALSE (0001ms, 5123ms total)
T1998 4350:726 JLINK_IsHalted()  returns FALSE (0001ms, 5123ms total)
T1998 4351:367 JLINK_IsHalted()  returns FALSE (0001ms, 5123ms total)
T1998 4352:008 JLINK_IsHalted()  returns FALSE (0001ms, 5123ms total)
T1998 4352:649 JLINK_IsHalted()  returns FALSE (0001ms, 5123ms total)
T1998 4353:290 JLINK_IsHalted()  returns FALSE (0002ms, 5124ms total)
T1998 4353:932 JLINK_IsHalted()  returns FALSE (0001ms, 5123ms total)
T1998 4354:573 JLINK_IsHalted()  returns FALSE (0001ms, 5123ms total)
T1998 4355:214 JLINK_IsHalted()  returns FALSE (0001ms, 5123ms total)
T1998 4355:855 JLINK_IsHalted()  returns FALSE (0001ms, 5123ms total)
T1998 4356:496 JLINK_IsHalted()  returns FALSE (0001ms, 5123ms total)
T1998 4357:137 JLINK_IsHalted()  returns FALSE (0001ms, 5123ms total)
T1998 4357:779 JLINK_IsHalted()  returns FALSE (0001ms, 5123ms total)
T1998 4358:421 JLINK_IsHalted()  returns FALSE (0001ms, 5123ms total)
T1998 4359:062 JLINK_IsHalted()  returns FALSE (0001ms, 5123ms total)
T1998 4359:703 JLINK_IsHalted()  returns FALSE (0001ms, 5123ms total)
T1998 4360:344 JLINK_IsHalted()  returns FALSE (0001ms, 5123ms total)
T1998 4360:985 JLINK_IsHalted()  returns FALSE (0001ms, 5123ms total)
T1998 4361:626 JLINK_IsHalted()  returns FALSE (0001ms, 5123ms total)
T1998 4362:267 JLINK_IsHalted()  returns FALSE (0001ms, 5123ms total)
T1998 4362:908 JLINK_IsHalted()  returns FALSE (0001ms, 5123ms total)
T1998 4363:549 JLINK_IsHalted()  returns FALSE (0001ms, 5123ms total)
T1998 4364:190 JLINK_IsHalted()  returns FALSE (0001ms, 5123ms total)
T1998 4364:831 JLINK_IsHalted()  returns FALSE (0001ms, 5123ms total)
T1998 4365:472 JLINK_IsHalted()  returns FALSE (0001ms, 5123ms total)
T1998 4366:113 JLINK_IsHalted()  returns FALSE (0001ms, 5123ms total)
T1998 4366:754 JLINK_IsHalted()  returns FALSE (0001ms, 5123ms total)
T1998 4367:395 JLINK_IsHalted()  returns FALSE (0001ms, 5123ms total)
T1998 4368:036 JLINK_IsHalted()  returns FALSE (0001ms, 5123ms total)
T1998 4368:677 JLINK_IsHalted()  returns FALSE (0001ms, 5123ms total)
T1998 4369:318 JLINK_IsHalted()  returns FALSE (0001ms, 5123ms total)
T1998 4369:959 JLINK_IsHalted()  returns FALSE (0001ms, 5123ms total)
T1998 4370:600 JLINK_IsHalted()  returns FALSE (0001ms, 5123ms total)
T1998 4371:241 JLINK_IsHalted()  returns FALSE (0002ms, 5124ms total)
T1998 4371:883 JLINK_IsHalted()  returns FALSE (0001ms, 5123ms total)
T1998 4372:524 JLINK_IsHalted()  returns FALSE (0001ms, 5123ms total)
T1998 4373:165 JLINK_IsHalted()  returns FALSE (0001ms, 5123ms total)
T1998 4373:806 JLINK_IsHalted()  returns FALSE (0001ms, 5123ms total)
T1998 4374:447 JLINK_IsHalted()  returns FALSE (0001ms, 5123ms total)
T1998 4375:088 JLINK_IsHalted()  returns FALSE (0001ms, 5123ms total)
T1998 4375:730 JLINK_IsHalted()  returns FALSE (0001ms, 5123ms total)
T1998 4376:371 JLINK_IsHalted()  returns FALSE (0001ms, 5123ms total)
T1998 4377:012 JLINK_IsHalted()  returns FALSE (0001ms, 5123ms total)
T1998 4377:653 JLINK_IsHalted()  returns FALSE (0001ms, 5123ms total)
T1998 4378:294 JLINK_IsHalted()  returns FALSE (0001ms, 5123ms total)
T1998 4378:935 JLINK_IsHalted()  returns FALSE (0001ms, 5123ms total)
T1998 4379:576 JLINK_IsHalted()  returns FALSE (0001ms, 5123ms total)
T1998 4380:217 JLINK_IsHalted()  returns FALSE (0001ms, 5123ms total)
T1998 4380:858 JLINK_IsHalted()  returns FALSE (0001ms, 5123ms total)
T1998 4381:499 JLINK_IsHalted()  returns FALSE (0001ms, 5123ms total)
T1998 4382:140 JLINK_IsHalted()  returns FALSE (0001ms, 5123ms total)
T1998 4382:781 JLINK_IsHalted()  returns FALSE (0001ms, 5123ms total)
T1998 4383:422 JLINK_IsHalted()  returns FALSE (0001ms, 5123ms total)
T1998 4384:063 JLINK_IsHalted()  returns FALSE (0002ms, 5124ms total)
T1998 4384:705 JLINK_IsHalted()  returns FALSE (0001ms, 5123ms total)
T1998 4385:346 JLINK_IsHalted()  returns FALSE (0001ms, 5123ms total)
T1998 4385:987 JLINK_IsHalted()  returns FALSE (0001ms, 5123ms total)
T1998 4386:628 JLINK_IsHalted()  returns FALSE (0001ms, 5123ms total)
T1998 4387:269 JLINK_IsHalted()  returns FALSE (0001ms, 5123ms total)
T1998 4387:910 JLINK_IsHalted()  returns FALSE (0001ms, 5123ms total)
T1998 4388:551 JLINK_IsHalted()  returns FALSE (0001ms, 5123ms total)
T1998 4389:192 JLINK_IsHalted()  returns FALSE (0001ms, 5123ms total)
T1998 4389:833 JLINK_IsHalted()  returns FALSE (0001ms, 5123ms total)
T1998 4390:474 JLINK_IsHalted()  returns FALSE (0001ms, 5123ms total)
T1998 4391:115 JLINK_IsHalted()  returns FALSE (0001ms, 5123ms total)
T1998 4391:756 JLINK_IsHalted()  returns FALSE (0001ms, 5123ms total)
T1998 4392:397 JLINK_IsHalted()  returns FALSE (0001ms, 5123ms total)
T1998 4393:039 JLINK_IsHalted()  returns FALSE (0001ms, 5123ms total)
T1998 4393:680 JLINK_IsHalted()  returns FALSE (0001ms, 5123ms total)
T1998 4394:321 JLINK_IsHalted()  returns FALSE (0001ms, 5123ms total)
T1998 4394:962 JLINK_IsHalted()  returns FALSE (0001ms, 5123ms total)
T1998 4395:603 JLINK_IsHalted()  returns FALSE (0001ms, 5123ms total)
T1998 4396:244 JLINK_IsHalted()  returns FALSE (0001ms, 5123ms total)
T1998 4396:885 JLINK_IsHalted()  returns FALSE (0001ms, 5123ms total)
T1998 4397:526 JLINK_IsHalted()  returns FALSE (0001ms, 5123ms total)
T1998 4398:167 JLINK_IsHalted()  returns FALSE (0002ms, 5124ms total)
T1998 4398:809 JLINK_IsHalted()  returns FALSE (0001ms, 5123ms total)
T1998 4399:450 JLINK_IsHalted()  returns FALSE (0001ms, 5123ms total)
T1998 4400:091 JLINK_IsHalted()  returns FALSE (0001ms, 5123ms total)
T1998 4400:732 JLINK_IsHalted()  returns FALSE (0001ms, 5123ms total)
T1998 4401:373 JLINK_IsHalted()  returns FALSE (0001ms, 5123ms total)
T1998 4402:014 JLINK_IsHalted()  returns FALSE (0001ms, 5123ms total)
T1998 4402:655 JLINK_IsHalted()  returns FALSE (0001ms, 5123ms total)
T1998 4403:296 JLINK_IsHalted()  returns FALSE (0001ms, 5123ms total)
T1998 4403:937 JLINK_IsHalted()  returns FALSE (0001ms, 5123ms total)
T1998 4404:578 JLINK_IsHalted()  returns FALSE (0001ms, 5123ms total)
T1998 4405:219 JLINK_IsHalted()  returns FALSE (0001ms, 5123ms total)
T1998 4405:860 JLINK_IsHalted()  returns FALSE (0001ms, 5123ms total)
T1998 4406:501 JLINK_IsHalted()  returns FALSE (0001ms, 5123ms total)
T1998 4407:142 JLINK_IsHalted()  returns FALSE (0001ms, 5123ms total)
T1998 4407:783 JLINK_IsHalted()  returns FALSE (0001ms, 5123ms total)
T1998 4408:424 JLINK_IsHalted()  returns FALSE (0001ms, 5123ms total)
T1998 4409:065 JLINK_IsHalted()  returns FALSE (0001ms, 5123ms total)
T1998 4409:706 JLINK_IsHalted()  returns FALSE (0001ms, 5123ms total)
T1998 4410:348 JLINK_IsHalted()  returns FALSE (0001ms, 5123ms total)
T1998 4410:989 JLINK_IsHalted()  returns FALSE (0001ms, 5123ms total)
T1998 4411:630 JLINK_IsHalted()  returns FALSE (0001ms, 5123ms total)
T1998 4412:271 JLINK_IsHalted()  returns FALSE (0001ms, 5123ms total)
T1998 4412:912 JLINK_IsHalted()  returns FALSE (0001ms, 5123ms total)
T1998 4413:553 JLINK_IsHalted()  returns FALSE (0001ms, 5123ms total)
T1998 4414:194 JLINK_IsHalted()  returns FALSE (0001ms, 5123ms total)
T1998 4414:835 JLINK_IsHalted()  returns FALSE (0001ms, 5123ms total)
T1998 4415:476 JLINK_IsHalted()  returns FALSE (0001ms, 5123ms total)
T1998 4416:117 JLINK_IsHalted()  returns FALSE (0001ms, 5123ms total)
T1998 4416:758 JLINK_IsHalted()  returns FALSE (0000ms, 5122ms total)
T1998 4417:398 JLINK_IsHalted()  returns FALSE (0001ms, 5123ms total)
T1998 4418:039 JLINK_IsHalted()  returns FALSE (0001ms, 5123ms total)
T1998 4418:680 JLINK_IsHalted()  returns FALSE (0001ms, 5123ms total)
T1998 4419:321 JLINK_IsHalted()  returns FALSE (0001ms, 5123ms total)
T1998 4419:962 JLINK_IsHalted()  returns FALSE (0001ms, 5123ms total)
T1998 4420:603 JLINK_IsHalted()  returns FALSE (0001ms, 5123ms total)
T1998 4421:244 JLINK_IsHalted()  returns FALSE (0001ms, 5123ms total)
T1998 4421:885 JLINK_IsHalted()  returns FALSE (0001ms, 5123ms total)
T1998 4422:526 JLINK_IsHalted()  returns FALSE (0001ms, 5123ms total)
T1998 4423:167 JLINK_IsHalted()  returns FALSE (0001ms, 5123ms total)
T1998 4423:808 JLINK_IsHalted()  returns FALSE (0001ms, 5123ms total)
T1998 4424:449 JLINK_IsHalted()  returns FALSE (0001ms, 5123ms total)
T1998 4425:090 JLINK_IsHalted()  returns FALSE (0001ms, 5123ms total)
T1998 4425:731 JLINK_IsHalted()  returns FALSE (0001ms, 5123ms total)
T1998 4426:372 JLINK_IsHalted()  returns FALSE (0001ms, 5123ms total)
T1998 4427:013 JLINK_IsHalted()  returns FALSE (0001ms, 5123ms total)
T1998 4427:654 JLINK_IsHalted()  returns FALSE (0001ms, 5123ms total)
T1998 4428:296 JLINK_IsHalted()  returns FALSE (0001ms, 5123ms total)
T1998 4428:937 JLINK_IsHalted()  returns FALSE (0001ms, 5123ms total)
T1998 4429:578 JLINK_IsHalted()  returns FALSE (0001ms, 5123ms total)
T1998 4430:219 JLINK_IsHalted()  returns FALSE (0001ms, 5123ms total)
T1998 4430:860 JLINK_IsHalted()  returns FALSE (0001ms, 5123ms total)
T1998 4431:501 JLINK_IsHalted()  returns FALSE (0001ms, 5123ms total)
T1998 4432:142 JLINK_IsHalted()  returns FALSE (0001ms, 5123ms total)
T1998 4432:783 JLINK_IsHalted()  returns FALSE (0001ms, 5123ms total)
T1998 4433:424 JLINK_IsHalted()  returns FALSE (0001ms, 5123ms total)
T1998 4434:065 JLINK_IsHalted()  returns FALSE (0001ms, 5123ms total)
T1998 4434:706 JLINK_IsHalted()  returns FALSE (0001ms, 5123ms total)
T1998 4435:347 JLINK_IsHalted()  returns FALSE (0001ms, 5123ms total)
T1998 4435:988 JLINK_IsHalted()  returns FALSE (0001ms, 5123ms total)
T1998 4436:629 JLINK_IsHalted()  returns FALSE (0001ms, 5123ms total)
T1998 4437:270 JLINK_IsHalted()  returns FALSE (0001ms, 5123ms total)
T1998 4437:911 JLINK_IsHalted()  returns FALSE (0001ms, 5123ms total)
T1998 4438:552 JLINK_IsHalted()  returns FALSE (0001ms, 5123ms total)
T1998 4439:193 JLINK_IsHalted()  returns FALSE (0001ms, 5123ms total)
T1998 4439:834 JLINK_IsHalted()  returns FALSE (0001ms, 5123ms total)
T1998 4440:475 JLINK_IsHalted()  returns FALSE (0001ms, 5123ms total)
T1998 4441:116 JLINK_IsHalted()  returns FALSE (0001ms, 5123ms total)
T1998 4441:757 JLINK_IsHalted()  returns FALSE (0001ms, 5123ms total)
T1998 4442:398 JLINK_IsHalted()  returns FALSE (0001ms, 5123ms total)
T1998 4443:039 JLINK_IsHalted()  returns FALSE (0001ms, 5123ms total)
T1998 4443:680 JLINK_IsHalted()  returns FALSE (0001ms, 5123ms total)
T1998 4444:321 JLINK_IsHalted()  returns FALSE (0001ms, 5123ms total)
T1998 4444:962 JLINK_IsHalted()  returns FALSE (0001ms, 5123ms total)
T1998 4445:604 JLINK_IsHalted()  returns FALSE (0001ms, 5123ms total)
T1998 4446:245 JLINK_IsHalted()  returns FALSE (0001ms, 5123ms total)
T1998 4446:886 JLINK_IsHalted()  returns FALSE (0001ms, 5123ms total)
T1998 4447:527 JLINK_IsHalted()  returns FALSE (0001ms, 5123ms total)
T1998 4448:168 JLINK_IsHalted()  returns FALSE (0001ms, 5123ms total)
T1998 4448:809 JLINK_IsHalted()  returns FALSE (0001ms, 5123ms total)
T1998 4449:450 JLINK_IsHalted()  returns FALSE (0001ms, 5123ms total)
T1998 4450:091 JLINK_IsHalted()  returns FALSE (0001ms, 5123ms total)
T1998 4450:732 JLINK_IsHalted()  returns FALSE (0001ms, 5123ms total)
T1998 4451:373 JLINK_IsHalted()  returns FALSE (0001ms, 5123ms total)
T1998 4452:014 JLINK_IsHalted()  returns FALSE (0001ms, 5123ms total)
T1998 4452:655 JLINK_IsHalted()  returns FALSE (0000ms, 5122ms total)
T1998 4453:295 JLINK_IsHalted()  returns FALSE (0001ms, 5123ms total)
T1998 4453:936 JLINK_IsHalted()  returns FALSE (0000ms, 5122ms total)
T1998 4454:576 JLINK_IsHalted()  returns FALSE (0001ms, 5123ms total)
T1998 4455:217 JLINK_IsHalted()  returns FALSE (0001ms, 5123ms total)
T1998 4455:858 JLINK_IsHalted()  returns FALSE (0001ms, 5123ms total)
T1998 4456:499 JLINK_IsHalted()  returns FALSE (0001ms, 5123ms total)
T1998 4457:140 JLINK_IsHalted()  returns FALSE (0002ms, 5124ms total)
T1998 4457:782 JLINK_IsHalted()  returns FALSE (0001ms, 5123ms total)
T1998 4458:423 JLINK_IsHalted()  returns FALSE (0001ms, 5123ms total)
T1998 4459:064 JLINK_IsHalted()  returns FALSE (0001ms, 5123ms total)
T1998 4459:705 JLINK_IsHalted()  returns FALSE (0001ms, 5123ms total)
T1998 4460:346 JLINK_IsHalted()  returns FALSE (0000ms, 5122ms total)
T1998 4460:987 JLINK_IsHalted()  returns FALSE (0001ms, 5123ms total)
T1998 4461:628 JLINK_IsHalted()  returns FALSE (0001ms, 5123ms total)
T1998 4462:269 JLINK_IsHalted()  returns FALSE (0001ms, 5123ms total)
T1998 4462:911 JLINK_IsHalted()  returns FALSE (0001ms, 5123ms total)
T1998 4463:552 JLINK_IsHalted()  returns FALSE (0001ms, 5123ms total)
T1998 4464:193 JLINK_IsHalted()  returns FALSE (0001ms, 5123ms total)
T1998 4464:834 JLINK_IsHalted()  returns FALSE (0001ms, 5123ms total)
T1998 4465:475 JLINK_IsHalted()  returns FALSE (0001ms, 5123ms total)
T1998 4466:116 JLINK_IsHalted()  returns FALSE (0001ms, 5123ms total)
T1998 4466:757 JLINK_IsHalted()  returns FALSE (0001ms, 5123ms total)
T1998 4467:398 JLINK_IsHalted()  returns FALSE (0001ms, 5123ms total)
T1998 4468:039 JLINK_IsHalted()  returns FALSE (0001ms, 5123ms total)
T1998 4468:680 JLINK_IsHalted()  returns FALSE (0001ms, 5123ms total)
T1998 4469:321 JLINK_IsHalted()  returns FALSE (0001ms, 5123ms total)
T1998 4469:962 JLINK_IsHalted()  returns FALSE (0001ms, 5123ms total)
T1998 4470:603 JLINK_IsHalted()  returns FALSE (0001ms, 5123ms total)
T1998 4471:244 JLINK_IsHalted()  returns FALSE (0001ms, 5123ms total)
T1998 4471:885 JLINK_IsHalted()  returns FALSE (0001ms, 5123ms total)
T1998 4472:526 JLINK_IsHalted()  returns FALSE (0001ms, 5123ms total)
T1998 4473:167 JLINK_IsHalted()  returns FALSE (0001ms, 5123ms total)
T1998 4473:808 JLINK_IsHalted()  returns FALSE (0001ms, 5123ms total)
T1998 4474:449 JLINK_IsHalted()  returns FALSE (0001ms, 5123ms total)
T1998 4475:090 JLINK_IsHalted()  returns FALSE (0002ms, 5124ms total)
T1998 4475:732 JLINK_IsHalted()  returns FALSE (0001ms, 5123ms total)
T1998 4476:373 JLINK_IsHalted()  returns FALSE (0001ms, 5123ms total)
T1998 4477:014 JLINK_IsHalted()  returns FALSE (0001ms, 5123ms total)
T1998 4477:655 JLINK_IsHalted()  returns FALSE (0001ms, 5123ms total)
T1998 4478:296 JLINK_IsHalted()  returns FALSE (0001ms, 5123ms total)
T1998 4478:937 JLINK_IsHalted()  returns FALSE (0001ms, 5123ms total)
T1998 4479:578 JLINK_IsHalted()  returns FALSE (0001ms, 5123ms total)
T1998 4480:219 JLINK_IsHalted()  returns FALSE (0001ms, 5123ms total)
T1998 4480:861 JLINK_IsHalted()  returns FALSE (0000ms, 5122ms total)
T1998 4481:501 JLINK_IsHalted()  returns FALSE (0001ms, 5123ms total)
T1998 4482:142 JLINK_IsHalted()  returns FALSE (0001ms, 5123ms total)
T1998 4482:783 JLINK_IsHalted()  returns FALSE (0002ms, 5124ms total)
T1998 4483:425 JLINK_IsHalted()  returns FALSE (0001ms, 5123ms total)
T1998 4484:066 JLINK_IsHalted()  returns FALSE (0001ms, 5123ms total)
T1998 4484:707 JLINK_IsHalted()  returns FALSE (0001ms, 5123ms total)
T1998 4485:348 JLINK_IsHalted()  returns FALSE (0001ms, 5123ms total)
T1998 4485:989 JLINK_IsHalted()  returns FALSE (0001ms, 5123ms total)
T1998 4486:630 JLINK_IsHalted()  returns FALSE (0001ms, 5123ms total)
T1998 4487:271 JLINK_IsHalted()  returns FALSE (0001ms, 5123ms total)
T1998 4487:912 JLINK_IsHalted()  returns FALSE (0001ms, 5123ms total)
T1998 4488:554 JLINK_IsHalted()  returns FALSE (0001ms, 5123ms total)
T1998 4489:195 JLINK_IsHalted()  returns FALSE (0001ms, 5123ms total)
T1998 4489:836 JLINK_IsHalted()  returns FALSE (0001ms, 5123ms total)
T1998 4490:477 JLINK_IsHalted()  returns FALSE (0001ms, 5123ms total)
T1998 4491:118 JLINK_IsHalted()  returns FALSE (0001ms, 5123ms total)
T1998 4491:759 JLINK_IsHalted()  returns FALSE (0001ms, 5123ms total)
T1998 4492:400 JLINK_IsHalted()  returns FALSE (0001ms, 5123ms total)
T1998 4493:042 JLINK_IsHalted()  returns FALSE (0002ms, 5124ms total)
T1998 4493:684 JLINK_IsHalted()  returns FALSE (0001ms, 5123ms total)
T1998 4494:325 JLINK_IsHalted()  returns FALSE (0001ms, 5123ms total)
T1998 4494:966 JLINK_IsHalted()  returns FALSE (0001ms, 5123ms total)
T1998 4495:607 JLINK_IsHalted()  returns FALSE (0002ms, 5124ms total)
T1998 4496:249 JLINK_IsHalted()  returns FALSE (0000ms, 5122ms total)
T1998 4496:889 JLINK_IsHalted()  returns FALSE (0001ms, 5123ms total)
T1998 4497:530 JLINK_IsHalted()  returns FALSE (0001ms, 5123ms total)
T1998 4498:172 JLINK_IsHalted()  returns FALSE (0001ms, 5123ms total)
T1998 4498:813 JLINK_IsHalted()  returns FALSE (0001ms, 5123ms total)
T1998 4499:454 JLINK_IsHalted()  returns FALSE (0001ms, 5123ms total)
T1998 4500:096 JLINK_IsHalted()  returns FALSE (0001ms, 5123ms total)
T1998 4500:737 JLINK_IsHalted()  returns FALSE (0002ms, 5124ms total)
T1998 4501:379 JLINK_IsHalted()  returns FALSE (0001ms, 5123ms total)
T1998 4502:020 JLINK_IsHalted()  returns FALSE (0002ms, 5124ms total)
T1998 4502:662 JLINK_IsHalted()  returns FALSE (0001ms, 5123ms total)
T1998 4503:303 JLINK_IsHalted()  returns FALSE (0001ms, 5123ms total)
T1998 4503:944 JLINK_IsHalted()  returns FALSE (0001ms, 5123ms total)
T1998 4504:585 JLINK_IsHalted()  returns FALSE (0001ms, 5123ms total)
T1998 4505:226 JLINK_IsHalted()  returns FALSE (0001ms, 5123ms total)
T1998 4505:867 JLINK_IsHalted()  returns FALSE (0001ms, 5123ms total)
T1998 4506:508 JLINK_IsHalted()  returns FALSE (0001ms, 5123ms total)
T1998 4507:149 JLINK_IsHalted()  returns FALSE (0001ms, 5123ms total)
T1998 4507:790 JLINK_IsHalted()  returns FALSE (0001ms, 5123ms total)
T1998 4508:431 JLINK_IsHalted()  returns FALSE (0002ms, 5124ms total)
T1998 4509:073 JLINK_IsHalted()  returns FALSE (0001ms, 5123ms total)
T1998 4509:714 JLINK_IsHalted()  returns FALSE (0002ms, 5124ms total)
T1998 4510:356 JLINK_IsHalted()  returns FALSE (0001ms, 5123ms total)
T1998 4510:997 JLINK_IsHalted()  returns FALSE (0001ms, 5123ms total)
T1998 4511:638 JLINK_IsHalted()  returns FALSE (0001ms, 5123ms total)
T1998 4512:279 JLINK_IsHalted()  returns FALSE (0001ms, 5123ms total)
T1998 4512:920 JLINK_IsHalted()  returns FALSE (0001ms, 5123ms total)
T1998 4513:561 JLINK_IsHalted()  returns FALSE (0001ms, 5123ms total)
T1998 4514:202 JLINK_IsHalted()  returns FALSE (0001ms, 5123ms total)
T1998 4514:843 JLINK_IsHalted()  returns FALSE (0001ms, 5123ms total)
T1998 4515:485 JLINK_IsHalted()  returns FALSE (0001ms, 5123ms total)
T1998 4516:126 JLINK_IsHalted()  returns FALSE (0001ms, 5123ms total)
T1998 4516:767 JLINK_IsHalted()  returns FALSE (0001ms, 5123ms total)
T1998 4517:408 JLINK_IsHalted()  returns FALSE (0001ms, 5123ms total)
T1998 4518:049 JLINK_IsHalted()  returns FALSE (0001ms, 5123ms total)
T1998 4518:690 JLINK_IsHalted()  returns FALSE (0001ms, 5123ms total)
T1998 4519:331 JLINK_IsHalted()  returns FALSE (0001ms, 5123ms total)
T1998 4519:972 JLINK_IsHalted()  returns FALSE (0001ms, 5123ms total)
T1998 4520:613 JLINK_IsHalted()  returns FALSE (0000ms, 5122ms total)
T1998 4521:254 JLINK_IsHalted()  returns FALSE (0001ms, 5123ms total)
T1998 4521:895 JLINK_IsHalted()  returns FALSE (0000ms, 5122ms total)
T1998 4522:535 JLINK_IsHalted()  returns FALSE (0001ms, 5123ms total)
T1998 4523:176 JLINK_IsHalted()  returns FALSE (0000ms, 5122ms total)
T1998 4523:816 JLINK_IsHalted()  returns FALSE (0001ms, 5123ms total)
T1998 4524:457 JLINK_IsHalted()  returns FALSE (0002ms, 5124ms total)
T1998 4525:099 JLINK_IsHalted()  returns FALSE (0001ms, 5123ms total)
T1998 4525:740 JLINK_IsHalted()  returns FALSE (0001ms, 5123ms total)
T1998 4526:381 JLINK_IsHalted()  returns FALSE (0001ms, 5123ms total)
T1998 4527:022 JLINK_IsHalted()  returns FALSE (0000ms, 5122ms total)
T1998 4527:662 JLINK_IsHalted()  returns FALSE (0001ms, 5123ms total)
T1998 4528:303 JLINK_IsHalted()  returns FALSE (0001ms, 5123ms total)
T1998 4528:944 JLINK_IsHalted()  returns FALSE (0001ms, 5123ms total)
T1998 4529:585 JLINK_IsHalted()  returns FALSE (0000ms, 5122ms total)
T1998 4530:225 JLINK_IsHalted()  returns FALSE (0003ms, 5125ms total)
T1998 4530:868 JLINK_IsHalted()  returns FALSE (0000ms, 5122ms total)
T1998 4531:508 JLINK_IsHalted()  returns FALSE (0001ms, 5123ms total)
T1998 4532:149 JLINK_IsHalted()  returns FALSE (0002ms, 5124ms total)
T1998 4532:792 JLINK_IsHalted()  returns FALSE (0002ms, 5124ms total)
T1998 4533:434 JLINK_IsHalted()  returns FALSE (0000ms, 5122ms total)
T1998 4534:075 JLINK_IsHalted()  returns FALSE (0001ms, 5123ms total)
T1998 4534:716 JLINK_IsHalted()  returns FALSE (0000ms, 5122ms total)
T1998 4535:356 JLINK_IsHalted()  returns FALSE (0001ms, 5123ms total)
T1998 4535:997 JLINK_IsHalted()  returns FALSE (0001ms, 5123ms total)
T1998 4536:638 JLINK_IsHalted()  returns FALSE (0001ms, 5123ms total)
T1998 4537:279 JLINK_IsHalted()  returns FALSE (0000ms, 5122ms total)
T1998 4537:919 JLINK_IsHalted()  returns FALSE (0003ms, 5125ms total)
T1998 4538:562 JLINK_IsHalted()  returns FALSE (0000ms, 5122ms total)
T1998 4539:202 JLINK_IsHalted()  returns FALSE (0001ms, 5123ms total)
T1998 4539:843 JLINK_IsHalted()  returns FALSE (0000ms, 5122ms total)
T1998 4540:483 JLINK_IsHalted()  returns FALSE (0001ms, 5123ms total)
T1998 4541:124 JLINK_IsHalted()  returns FALSE (0001ms, 5123ms total)
T1998 4541:765 JLINK_IsHalted()  returns FALSE (0001ms, 5123ms total)
T1998 4542:406 JLINK_IsHalted()  returns FALSE (0001ms, 5123ms total)
T1998 4543:047 JLINK_IsHalted()  returns FALSE (0001ms, 5123ms total)
T1998 4543:688 JLINK_IsHalted()  returns FALSE (0001ms, 5123ms total)
T1998 4544:329 JLINK_IsHalted()  returns FALSE (0001ms, 5123ms total)
T1998 4544:970 JLINK_IsHalted()  returns FALSE (0001ms, 5123ms total)
T1998 4545:611 JLINK_IsHalted()  returns FALSE (0001ms, 5123ms total)
T1998 4546:252 JLINK_IsHalted()  returns FALSE (0001ms, 5123ms total)
T1998 4546:893 JLINK_IsHalted()  returns FALSE (0001ms, 5123ms total)
T1998 4547:534 JLINK_IsHalted()  returns FALSE (0001ms, 5123ms total)
T1998 4548:175 JLINK_IsHalted()  returns FALSE (0002ms, 5124ms total)
T1998 4548:817 JLINK_IsHalted()  returns FALSE (0001ms, 5123ms total)
T1998 4549:458 JLINK_IsHalted()  returns FALSE (0003ms, 5125ms total)
T1998 4550:101 JLINK_IsHalted()  returns FALSE (0001ms, 5123ms total)
T1998 4550:743 JLINK_IsHalted()  returns FALSE (0001ms, 5123ms total)
T1998 4551:386 JLINK_IsHalted()  returns FALSE (0001ms, 5123ms total)
T1998 4552:027 JLINK_IsHalted()  returns FALSE (0001ms, 5123ms total)
T1998 4552:668 JLINK_IsHalted()  returns FALSE (0001ms, 5123ms total)
T1998 4553:309 JLINK_IsHalted()  returns FALSE (0002ms, 5124ms total)
T1998 4553:951 JLINK_IsHalted()  returns FALSE (0001ms, 5123ms total)
T1998 4554:592 JLINK_IsHalted()  returns FALSE (0001ms, 5123ms total)
T1998 4555:233 JLINK_IsHalted()  returns FALSE (0000ms, 5122ms total)
T1998 4555:876 JLINK_IsHalted()  returns FALSE (0004ms, 5126ms total)
T1998 4556:521 JLINK_IsHalted()  returns FALSE (0003ms, 5125ms total)
T1998 4557:164 JLINK_IsHalted()  returns FALSE (0001ms, 5123ms total)
T1998 4557:805 JLINK_IsHalted()  returns FALSE (0000ms, 5122ms total)
T1998 4558:454 JLINK_IsHalted()  returns FALSE (0003ms, 5125ms total)
T1998 4559:097 JLINK_IsHalted()  returns FALSE (0000ms, 5122ms total)
T1998 4559:737 JLINK_IsHalted()  returns FALSE (0001ms, 5123ms total)
T1998 4560:378 JLINK_IsHalted()  returns FALSE (0000ms, 5122ms total)
T1998 4561:031 JLINK_IsHalted()  returns FALSE (0001ms, 5123ms total)
T1998 4561:672 JLINK_IsHalted()  returns FALSE (0000ms, 5122ms total)
T1998 4562:312 JLINK_IsHalted()  returns FALSE (0001ms, 5123ms total)
T1998 4562:953 JLINK_IsHalted()  returns FALSE (0000ms, 5122ms total)
T1998 4563:593 JLINK_IsHalted()  returns FALSE (0001ms, 5123ms total)
T1998 4564:234 JLINK_IsHalted()  returns FALSE (0001ms, 5123ms total)
T1998 4564:875 JLINK_IsHalted()  returns FALSE (0001ms, 5123ms total)
T1998 4565:516 JLINK_IsHalted()  returns FALSE (0000ms, 5122ms total)
T1998 4566:156 JLINK_IsHalted()  returns FALSE (0001ms, 5123ms total)
T1998 4566:797 JLINK_IsHalted()  returns FALSE (0001ms, 5123ms total)
T1998 4567:438 JLINK_IsHalted()  returns FALSE (0001ms, 5123ms total)
T1998 4568:080 JLINK_IsHalted()  returns FALSE (0001ms, 5123ms total)
T1998 4568:721 JLINK_IsHalted()  returns FALSE (0001ms, 5123ms total)
T1998 4569:362 JLINK_IsHalted()  returns FALSE (0001ms, 5123ms total)
T1998 4570:003 JLINK_IsHalted()  returns FALSE (0001ms, 5123ms total)
T1998 4570:644 JLINK_IsHalted()  returns FALSE (0001ms, 5123ms total)
T1998 4571:285 JLINK_IsHalted()  returns FALSE (0001ms, 5123ms total)
T1998 4571:926 JLINK_IsHalted()  returns FALSE (0000ms, 5122ms total)
T1998 4572:566 JLINK_IsHalted()  returns FALSE (0001ms, 5123ms total)
T1998 4573:207 JLINK_IsHalted()  returns FALSE (0001ms, 5123ms total)
T1998 4573:848 JLINK_IsHalted()  returns FALSE (0001ms, 5123ms total)
T1998 4574:489 JLINK_IsHalted()  returns FALSE (0001ms, 5123ms total)
T1998 4575:130 JLINK_IsHalted()  returns FALSE (0001ms, 5123ms total)
T1998 4575:771 JLINK_IsHalted()  returns FALSE (0001ms, 5123ms total)
T1998 4576:412 JLINK_IsHalted()  returns FALSE (0001ms, 5123ms total)
T1998 4577:053 JLINK_IsHalted()  returns FALSE (0001ms, 5123ms total)
T1998 4577:694 JLINK_IsHalted()  returns FALSE (0001ms, 5123ms total)
T1998 4578:335 JLINK_IsHalted()  returns FALSE (0001ms, 5123ms total)
T1998 4578:976 JLINK_IsHalted()  returns FALSE (0001ms, 5123ms total)
T1998 4579:617 JLINK_IsHalted()  returns FALSE (0001ms, 5123ms total)
T1998 4580:258 JLINK_IsHalted()  returns FALSE (0001ms, 5123ms total)
T1998 4580:899 JLINK_IsHalted()  returns FALSE (0001ms, 5123ms total)
T1998 4581:540 JLINK_IsHalted()  returns FALSE (0001ms, 5123ms total)
T1998 4582:181 JLINK_IsHalted()  returns FALSE (0001ms, 5123ms total)
T1998 4582:822 JLINK_IsHalted()  returns FALSE (0001ms, 5123ms total)
T1998 4583:463 JLINK_IsHalted()  returns FALSE (0000ms, 5122ms total)
T1998 4584:103 JLINK_IsHalted()  returns FALSE (0001ms, 5123ms total)
T1998 4584:744 JLINK_IsHalted()  returns FALSE (0001ms, 5123ms total)
T1998 4585:386 JLINK_IsHalted()  returns FALSE (0001ms, 5123ms total)
T1998 4586:027 JLINK_IsHalted()  returns FALSE (0001ms, 5123ms total)
T1998 4586:668 JLINK_IsHalted()  returns FALSE (0001ms, 5123ms total)
T1998 4587:309 JLINK_IsHalted()  returns FALSE (0001ms, 5123ms total)
T1998 4587:950 JLINK_IsHalted()  returns FALSE (0001ms, 5123ms total)
T1998 4588:591 JLINK_IsHalted()  returns FALSE (0001ms, 5123ms total)
T1998 4589:232 JLINK_IsHalted()  returns FALSE (0001ms, 5123ms total)
T1998 4589:873 JLINK_IsHalted()  returns FALSE (0001ms, 5123ms total)
T1998 4590:514 JLINK_IsHalted()  returns FALSE (0001ms, 5123ms total)
T1998 4591:155 JLINK_IsHalted()  returns FALSE (0001ms, 5123ms total)
T1998 4591:796 JLINK_IsHalted()  returns FALSE (0001ms, 5123ms total)
T1998 4592:437 JLINK_IsHalted()  returns FALSE (0001ms, 5123ms total)
T1998 4593:078 JLINK_IsHalted()  returns FALSE (0001ms, 5123ms total)
T1998 4593:719 JLINK_IsHalted()  returns FALSE (0001ms, 5123ms total)
T1998 4594:360 JLINK_IsHalted()  returns FALSE (0001ms, 5123ms total)
T1998 4595:001 JLINK_IsHalted()  returns FALSE (0001ms, 5123ms total)
T1998 4595:642 JLINK_IsHalted()  returns FALSE (0001ms, 5123ms total)
T1998 4596:283 JLINK_IsHalted()  returns FALSE (0001ms, 5123ms total)
T1998 4596:924 JLINK_IsHalted()  returns FALSE (0001ms, 5123ms total)
T1998 4597:565 JLINK_IsHalted()  returns FALSE (0001ms, 5123ms total)
T1998 4598:206 JLINK_IsHalted()  returns FALSE (0001ms, 5123ms total)
T1998 4598:847 JLINK_IsHalted()  returns FALSE (0001ms, 5123ms total)
T1998 4599:488 JLINK_IsHalted()  returns FALSE (0001ms, 5123ms total)
T1998 4600:129 JLINK_IsHalted()  returns FALSE (0001ms, 5123ms total)
T1998 4600:770 JLINK_IsHalted()  returns FALSE (0001ms, 5123ms total)
T1998 4601:411 JLINK_IsHalted()  returns FALSE (0001ms, 5123ms total)
T1998 4602:052 JLINK_IsHalted()  returns FALSE (0001ms, 5123ms total)
T1998 4602:694 JLINK_IsHalted()  returns FALSE (0001ms, 5123ms total)
T1998 4603:335 JLINK_IsHalted()  returns FALSE (0001ms, 5123ms total)
T1998 4603:976 JLINK_IsHalted()  returns FALSE (0001ms, 5123ms total)
T1998 4604:617 JLINK_IsHalted()  returns FALSE (0001ms, 5123ms total)
T1998 4605:258 JLINK_IsHalted()  returns FALSE (0001ms, 5123ms total)
T1998 4605:899 JLINK_IsHalted()  returns FALSE (0002ms, 5124ms total)
T1998 4606:541 JLINK_IsHalted()  returns FALSE (0001ms, 5123ms total)
T1998 4607:182 JLINK_IsHalted()  returns FALSE (0001ms, 5123ms total)
T1998 4607:823 JLINK_IsHalted()  returns FALSE (0001ms, 5123ms total)
T1998 4608:464 JLINK_IsHalted()  returns FALSE (0001ms, 5123ms total)
T1998 4609:105 JLINK_IsHalted()  returns FALSE (0001ms, 5123ms total)
T1998 4609:746 JLINK_IsHalted()  returns FALSE (0001ms, 5123ms total)
T1998 4610:387 JLINK_IsHalted()  returns FALSE (0001ms, 5123ms total)
T1998 4611:028 JLINK_IsHalted()  returns FALSE (0001ms, 5123ms total)
T1998 4611:669 JLINK_IsHalted()  returns FALSE (0001ms, 5123ms total)
T1998 4612:310 JLINK_IsHalted()  returns FALSE (0001ms, 5123ms total)
T1998 4612:951 JLINK_IsHalted()  returns FALSE (0001ms, 5123ms total)
T1998 4613:592 JLINK_IsHalted()  returns FALSE (0001ms, 5123ms total)
T1998 4614:234 JLINK_IsHalted()  returns FALSE (0001ms, 5123ms total)
T1998 4614:875 JLINK_IsHalted()  returns FALSE (0001ms, 5123ms total)
T1998 4615:516 JLINK_IsHalted()  returns FALSE (0001ms, 5123ms total)
T1998 4616:157 JLINK_IsHalted()  returns FALSE (0001ms, 5123ms total)
T1998 4616:798 JLINK_IsHalted()  returns FALSE (0001ms, 5123ms total)
T1998 4617:439 JLINK_IsHalted()  returns FALSE (0001ms, 5123ms total)
T1998 4618:080 JLINK_IsHalted()  returns FALSE (0001ms, 5123ms total)
T1998 4618:721 JLINK_IsHalted()  returns FALSE (0001ms, 5123ms total)
T1998 4619:362 JLINK_IsHalted()  returns FALSE (0001ms, 5123ms total)
T1998 4620:003 JLINK_IsHalted()  returns FALSE (0001ms, 5123ms total)
T1998 4620:645 JLINK_IsHalted()  returns FALSE (0001ms, 5123ms total)
T1998 4621:286 JLINK_IsHalted()  returns FALSE (0001ms, 5123ms total)
T1998 4621:927 JLINK_IsHalted()  returns FALSE (0001ms, 5123ms total)
T1998 4622:568 JLINK_IsHalted()  returns FALSE (0001ms, 5123ms total)
T1998 4623:209 JLINK_IsHalted()  returns FALSE (0001ms, 5123ms total)
T1998 4623:850 JLINK_IsHalted()  returns FALSE (0001ms, 5123ms total)
T1998 4624:491 JLINK_IsHalted()  returns FALSE (0001ms, 5123ms total)
T1998 4625:132 JLINK_IsHalted()  returns FALSE (0001ms, 5123ms total)
T1998 4625:773 JLINK_IsHalted()  returns FALSE (0001ms, 5123ms total)
T1998 4626:414 JLINK_IsHalted()  returns FALSE (0001ms, 5123ms total)
T1998 4627:055 JLINK_IsHalted()  returns FALSE (0001ms, 5123ms total)
T1998 4627:696 JLINK_IsHalted()  returns FALSE (0001ms, 5123ms total)
T1998 4628:337 JLINK_IsHalted()  returns FALSE (0000ms, 5122ms total)
T1998 4628:977 JLINK_IsHalted()  returns FALSE (0006ms, 5128ms total)
T1998 4629:623 JLINK_IsHalted()  returns FALSE (0001ms, 5123ms total)
T1998 4630:264 JLINK_IsHalted()  returns FALSE (0001ms, 5123ms total)
T1998 4630:905 JLINK_IsHalted()  returns FALSE (0001ms, 5123ms total)
T1998 4631:546 JLINK_IsHalted()  returns FALSE (0001ms, 5123ms total)
T1998 4632:187 JLINK_IsHalted()  returns FALSE (0000ms, 5122ms total)
T1998 4632:827 JLINK_IsHalted()  returns FALSE (0001ms, 5123ms total)
T1998 4633:468 JLINK_IsHalted()  returns FALSE (0001ms, 5123ms total)
T1998 4634:109 JLINK_IsHalted()  returns FALSE (0001ms, 5123ms total)
T1998 4634:750 JLINK_IsHalted()  returns FALSE (0001ms, 5123ms total)
T1998 4635:391 JLINK_IsHalted()  returns FALSE (0001ms, 5123ms total)
T1998 4636:032 JLINK_IsHalted()  returns FALSE (0001ms, 5123ms total)
T1998 4636:673 JLINK_IsHalted()  returns FALSE (0001ms, 5123ms total)
T1998 4637:314 JLINK_IsHalted()  returns FALSE (0001ms, 5123ms total)
T1998 4637:956 JLINK_IsHalted()  returns FALSE (0001ms, 5123ms total)
T1998 4638:597 JLINK_IsHalted()  returns FALSE (0001ms, 5123ms total)
T1998 4639:238 JLINK_IsHalted()  returns FALSE (0001ms, 5123ms total)
T1998 4639:879 JLINK_IsHalted()  returns FALSE (0001ms, 5123ms total)
T1998 4640:520 JLINK_IsHalted()  returns FALSE (0001ms, 5123ms total)
T1998 4641:161 JLINK_IsHalted()  returns FALSE (0001ms, 5123ms total)
T1998 4641:802 JLINK_IsHalted()  returns FALSE (0001ms, 5123ms total)
T1998 4642:443 JLINK_IsHalted()  returns FALSE (0001ms, 5123ms total)
T1998 4643:084 JLINK_IsHalted()  returns FALSE (0001ms, 5123ms total)
T1998 4643:725 JLINK_IsHalted()  returns FALSE (0001ms, 5123ms total)
T1998 4644:366 JLINK_IsHalted()  returns FALSE (0001ms, 5123ms total)
T1998 4645:007 JLINK_IsHalted()  returns FALSE (0000ms, 5122ms total)
T1998 4645:647 JLINK_IsHalted()  returns FALSE (0001ms, 5123ms total)
T1998 4646:288 JLINK_IsHalted()  returns FALSE (0002ms, 5124ms total)
T1998 4646:930 JLINK_IsHalted()  returns FALSE (0001ms, 5123ms total)
T1998 4647:571 JLINK_IsHalted()  returns FALSE (0001ms, 5123ms total)
T1998 4648:212 JLINK_IsHalted()  returns FALSE (0001ms, 5123ms total)
T1998 4648:853 JLINK_IsHalted()  returns FALSE (0001ms, 5123ms total)
T1998 4649:494 JLINK_IsHalted()  returns FALSE (0001ms, 5123ms total)
T1998 4650:135 JLINK_IsHalted()  returns FALSE (0001ms, 5123ms total)
T1998 4650:776 JLINK_IsHalted()  returns FALSE (0001ms, 5123ms total)
T1998 4651:417 JLINK_IsHalted()  returns FALSE (0001ms, 5123ms total)
T1998 4652:058 JLINK_IsHalted()  returns FALSE (0001ms, 5123ms total)
T1998 4652:699 JLINK_IsHalted()  returns FALSE (0001ms, 5123ms total)
T1998 4653:340 JLINK_IsHalted()  returns FALSE (0001ms, 5123ms total)
T1998 4653:981 JLINK_IsHalted()  returns FALSE (0001ms, 5123ms total)
T1104 4654:027 JLINK_Halt()  returns 0x00 (0004ms, 5126ms total)
T1998 4654:622 JLINK_IsHalted()  returns TRUE (0001ms, 5127ms total)
T1998 4654:623 JLINK_GetMOEs(...) -- CPU_ReadMem(4 bytes @ 0xE000ED30) -- CPU_WriteMem(4 bytes @ 0xE000ED30)  returns 0x01 (0002ms, 5128ms total)
T1998 4654:625 JLINK_ReadReg(R15 (PC))  returns 0x0040063E (0000ms, 5128ms total)
T1468 4654:627 JLINK_ResetPullsRESET(ON) (0000ms, 5128ms total)
T1468 4654:627 JLINK_ResetNoHalt() >0x2F8 JTAG>TotalIRLen = 4, IRPrint = 0x01 >0x30 JTAG> >0x210 JTAG> >0x70 JTAG> >0x40 JTAG> >0x40 JTAG> >0x40 JTAG> >0x48 JTAG> >0x78 JTAG> >0x40 JTAG> >0x30 JTAG> >0x40 JTAG> >0x40 JTAG> >0x30 JTAG> >0x40 JTAG> >0x48 JTAG>Found Cortex-M4 r0p1, Little endian. -- CPU_WriteMem(4 bytes @ 0xE0002000) -- CPU_ReadMem(4 bytes @ 0xE000EDF0) -- CPU_ReadMem(4 bytes @ 0xE0002000)FPUnit: 6 code (BP) slots and 2 literal slots -- CPU_ReadMem(4 bytes @ 0xE000EDFC)
 -- CPU_ReadMem(4 bytes @ 0xE0001000) -- CPU_ReadMem(4 bytes @ 0xE000ED88) -- CPU_WriteMem(4 bytes @ 0xE000ED88) -- CPU_ReadMem(4 bytes @ 0xE000ED88) -- CPU_WriteMem(4 bytes @ 0xE000ED88)CoreSight components:ROMTbl 0 @ E00FF000 -- CPU_ReadMem(16 bytes @ 0xE00FF000) -- CPU_ReadMem(16 bytes @ 0xE000EFF0) -- CPU_ReadMem(16 bytes @ 0xE000EFE0)ROMTbl 0 [0]: FFF0F000, CID: B105E00D, PID: 000BB000 SCS -- CPU_WriteMem(4 bytes @ 0xE0001000) -- CPU_ReadMem(16 bytes @ 0xE0001FF0)
 -- CPU_ReadMem(16 bytes @ 0xE0001FE0)ROMTbl 0 [1]: FFF02000, CID: B105E00D, PID: 003BB002 DWT -- CPU_ReadMem(16 bytes @ 0xE0002FF0) -- CPU_ReadMem(16 bytes @ 0xE0002FE0)ROMTbl 0 [2]: FFF03000, CID: B105E00D, PID: 002BB003 FPB -- CPU_ReadMem(16 bytes @ 0xE0000FF0) -- CPU_ReadMem(16 bytes @ 0xE0000FE0)ROMTbl 0 [3]: FFF01000, CID: B105E00D, PID: 003BB001 ITM -- CPU_ReadMem(16 bytes @ 0xE00FF010) -- CPU_ReadMem(16 bytes @ 0xE0040FF0) -- CPU_ReadMem(16 bytes @ 0xE0040FE0)
ROMTbl 0 [4]: FFF41000, CID: B105900D, PID: 000BB9A1 TPIU
                JLINK_Reset() -- CPU_ReadMem(16 bytes @ 0x20000000) -- CPU_WriteMem(16 bytes @ 0x20000000) -- CPU_ReadMem(4 bytes @ 0xE000EDFC) -- CPU_WriteMem(4 bytes @ 0xE000EDFC) -- CPU_ReadMem(4 bytes @ 0xE0001000) -- CPU_WriteMem(4 bytes @ 0xE000EDFC) -- CPU_WriteMem(16 bytes @ 0x20000000) -- CPU_WriteMem(4 bytes @ 0xE0002000) -- CPU_ReadMem(4 bytes @ 0xE000EDFC) -- CPU_ReadMem(4 bytes @ 0xE0001000) (0029ms, 0029ms total)
                JLINK_Go() -- CPU_ReadMem(4 bytes @ 0xE0001000) -- CPU_WriteMem(4 bytes @ 0xE0002008) -- CPU_WriteMem(4 bytes @ 0xE000200C) -- CPU_WriteMem(4 bytes @ 0xE0002010) -- CPU_WriteMem(4 bytes @ 0xE0002014) -- CPU_WriteMem(4 bytes @ 0xE0002018) -- CPU_WriteMem(4 bytes @ 0xE000201C) -- CPU_WriteMem(4 bytes @ 0xE0001004) (0005ms, 0034ms total)
               (0068ms, 5196ms total)
T1468 4654:709 JLINK_Close() -- CPU is running -- CPU_WriteMem(4 bytes @ 0xE0002008) -- CPU is running -- CPU_WriteMem(4 bytes @ 0xE000200C) -- CPU is running -- CPU_WriteMem(4 bytes @ 0xE0002010) -- CPU is running -- CPU_WriteMem(4 bytes @ 0xE0002014) -- CPU is running -- CPU_WriteMem(4 bytes @ 0xE0002018) -- CPU is running -- CPU_WriteMem(4 bytes @ 0xE000201C) >0x78 JTAG> >0x08 JTAG> (0009ms, 5205ms total)
T1468 4654:709  (0009ms, 5205ms total)
T1468 4654:709 Closed (0009ms, 5205ms total)
