T1470 12520:303 SEGGER J-Link V4.98e Log File (0000ms, 22212ms total)
T1470 12520:303 DLL Compiled: May  5 2015 11:00:52 (0000ms, 22212ms total)
T1470 12520:303 Logging started @ 2016-05-12 22:26 (0000ms, 22212ms total)
T1470 12520:329 JLINK_ExecCommand("Device = AT91SAM4SD32C", ...)Device "ATSAM4SD32C" selected.  returns 0x00 (0001ms, 22213ms total)
T1470 12520:441 JLINK_ExecCommand("ProjectFile = T:\11.02741-0\Entregas\Aula08\12-TIMER-COUNTER-COMPARE\Timer-Counter\jlink.config", ...)  returns 0x00 (0000ms, 22213ms total)
T1470 12520:453 JLINK_ExecCommand("Device = AT91SAM4SD32C", ...)Device "ATSAM4SD32C" selected.  returns 0x00 (0000ms, 22213ms total)
T1470 12520:453 JLINK_TIF_Select(JLINKARM_TIF_JTAG)  returns 0x00 (0003ms, 22216ms total)
T1470 12520:456 JLINK_GetIdData(...) >0x2F8 JTAG>TotalIRLen = 4, IRPrint = 0x01 >0x30 JTAG> >0x210 JTAG> >0x70 JTAG> >0x40 JTAG> >0x40 JTAG> >0x40 JTAG> >0x48 JTAG> >0x78 JTAG> >0x40 JTAG> >0x30 JTAG> >0x40 JTAG> >0x40 JTAG> >0x30 JTAG> >0x40 JTAG> >0x48 JTAG>Found Cortex-M4 r0p1, Little endian. -- CPU_WriteMem(4 bytes @ 0xE0002000) -- CPU_ReadMem(4 bytes @ 0xE000EDF0) -- CPU_ReadMem(4 bytes @ 0xE0002000)FPUnit: 6 code (BP) slots and 2 literal slots -- CPU_ReadMem(4 bytes @ 0xE000EDFC)
 -- CPU_ReadMem(4 bytes @ 0xE0001000) -- CPU_WriteMem(4 bytes @ 0xE0001000) -- CPU_ReadMem(4 bytes @ 0xE000ED88) -- CPU_WriteMem(4 bytes @ 0xE000ED88) -- CPU_ReadMem(4 bytes @ 0xE000ED88) -- CPU_WriteMem(4 bytes @ 0xE000ED88)CoreSight components:ROMTbl 0 @ E00FF000 -- CPU_ReadMem(16 bytes @ 0xE00FF000) -- CPU_ReadMem(16 bytes @ 0xE000EFF0) -- CPU_ReadMem(16 bytes @ 0xE000EFE0)ROMTbl 0 [0]: FFF0F000, CID: B105E00D, PID: 000BB000 SCS -- CPU_ReadMem(16 bytes @ 0xE0001FF0)
 -- CPU_ReadMem(16 bytes @ 0xE0001FE0)ROMTbl 0 [1]: FFF02000, CID: B105E00D, PID: 003BB002 DWT -- CPU_ReadMem(16 bytes @ 0xE0002FF0) -- CPU_ReadMem(16 bytes @ 0xE0002FE0)ROMTbl 0 [2]: FFF03000, CID: B105E00D, PID: 002BB003 FPB -- CPU_ReadMem(16 bytes @ 0xE0000FF0) -- CPU_ReadMem(16 bytes @ 0xE0000FE0)ROMTbl 0 [3]: FFF01000, CID: B105E00D, PID: 003BB001 ITM -- CPU_ReadMem(16 bytes @ 0xE00FF010) -- CPU_ReadMem(16 bytes @ 0xE0040FF0) -- CPU_ReadMem(16 bytes @ 0xE0040FE0)
ROMTbl 0 [4]: FFF41000, CID: B105900D, PID: 000BB9A1 TPIU ScanLen=4 NumDevices=1 aId[0]=0x4BA00477 aIrRead[0]=0 aScanLen[0]=0 aScanRead[0]=0 (0039ms, 22255ms total)
T1470 12520:495 JLINK_ConfigJTAG(IRPre = 0, DRPre = 0) (0000ms, 22255ms total)
T1470 12520:495 JLINK_SetSpeed(1000) (0000ms, 22255ms total)
T1470 12520:495 JLINK_ResetPullsRESET(OFF) (0000ms, 22255ms total)
T1470 12520:495 JLINK_Connect() >0x2F8 JTAG>TotalIRLen = 4, IRPrint = 0x01 >0x30 JTAG> >0x210 JTAG> >0x70 JTAG> >0x40 JTAG> >0x40 JTAG> >0x40 JTAG> >0x48 JTAG> >0x78 JTAG> >0x40 JTAG> >0x30 JTAG> >0x40 JTAG> >0x40 JTAG> >0x30 JTAG> >0x40 JTAG> >0x48 JTAG>Found Cortex-M4 r0p1, Little endian. -- CPU_WriteMem(4 bytes @ 0xE0002000) -- CPU_ReadMem(4 bytes @ 0xE000EDF0) -- CPU_ReadMem(4 bytes @ 0xE0002000)FPUnit: 6 code (BP) slots and 2 literal slots -- CPU_ReadMem(4 bytes @ 0xE000EDFC)
 -- CPU_ReadMem(4 bytes @ 0xE0001000) -- CPU_WriteMem(4 bytes @ 0xE0001000) -- CPU_ReadMem(4 bytes @ 0xE000ED88) -- CPU_WriteMem(4 bytes @ 0xE000ED88) -- CPU_ReadMem(4 bytes @ 0xE000ED88) -- CPU_WriteMem(4 bytes @ 0xE000ED88)CoreSight components:ROMTbl 0 @ E00FF000 -- CPU_ReadMem(16 bytes @ 0xE00FF000) -- CPU_ReadMem(16 bytes @ 0xE000EFF0) -- CPU_ReadMem(16 bytes @ 0xE000EFE0)ROMTbl 0 [0]: FFF0F000, CID: B105E00D, PID: 000BB000 SCS -- CPU_ReadMem(16 bytes @ 0xE0001FF0)
 -- CPU_ReadMem(16 bytes @ 0xE0001FE0)ROMTbl 0 [1]: FFF02000, CID: B105E00D, PID: 003BB002 DWT -- CPU_ReadMem(16 bytes @ 0xE0002FF0) -- CPU_ReadMem(16 bytes @ 0xE0002FE0)ROMTbl 0 [2]: FFF03000, CID: B105E00D, PID: 002BB003 FPB -- CPU_ReadMem(16 bytes @ 0xE0000FF0) -- CPU_ReadMem(16 bytes @ 0xE0000FE0)ROMTbl 0 [3]: FFF01000, CID: B105E00D, PID: 003BB001 ITM -- CPU_ReadMem(16 bytes @ 0xE00FF010) -- CPU_ReadMem(16 bytes @ 0xE0040FF0) -- CPU_ReadMem(16 bytes @ 0xE0040FE0)
ROMTbl 0 [4]: FFF41000, CID: B105900D, PID: 000BB9A1 TPIU  returns 0x00 (0034ms, 22289ms total)
T1470 12520:530 JLINK_GetDebugInfo(0x100) -- Value=0xE00FF003  returns 0x00 (0000ms, 22290ms total)
T1470 12520:530 JLINK_ReadMem (0xE00FFFF0, 0x0010 Bytes, ...) -- CPU is running -- CPU_ReadMem(16 bytes @ 0xE00FFFF0) - Data: 0D 00 00 00 10 00 00 00 05 00 00 00 B1 00 00 00  returns 0x00 (0002ms, 22292ms total)
T1470 12520:532 JLINK_ReadMem (0xE00FFFD0, 0x0020 Bytes, ...) -- CPU is running -- CPU_ReadMem(32 bytes @ 0xE00FFFD0) - Data: 04 00 00 00 00 00 00 00 00 00 00 00 00 00 00 00 ...  returns 0x00 (0001ms, 22293ms total)
T1470 12520:533 JLINK_ReadMemU32(0xE00FF000, 0x0001 Items, ...) -- CPU is running -- CPU_ReadMem(4 bytes @ 0xE00FF000) - Data: 03 F0 F0 FF  returns 0x01 (0001ms, 22294ms total)
T1470 12520:534 JLINK_ReadMem (0xE000EFF0, 0x0010 Bytes, ...) -- CPU is running -- CPU_ReadMem(16 bytes @ 0xE000EFF0) - Data: 0D 00 00 00 E0 00 00 00 05 00 00 00 B1 00 00 00  returns 0x00 (0002ms, 22296ms total)
T1470 12520:536 JLINK_ReadMem (0xE000EFD0, 0x0020 Bytes, ...) -- CPU is running -- CPU_ReadMem(32 bytes @ 0xE000EFD0) - Data: 04 00 00 00 00 00 00 00 00 00 00 00 00 00 00 00 ...  returns 0x00 (0001ms, 22297ms total)
T1470 12520:537 JLINK_ReadMemU32(0xE00FF004, 0x0001 Items, ...) -- CPU is running -- CPU_ReadMem(4 bytes @ 0xE00FF004) - Data: 03 20 F0 FF  returns 0x01 (0001ms, 22298ms total)
T1470 12520:538 JLINK_ReadMem (0xE0001FF0, 0x0010 Bytes, ...) -- CPU is running -- CPU_ReadMem(16 bytes @ 0xE0001FF0) - Data: 0D 00 00 00 E0 00 00 00 05 00 00 00 B1 00 00 00  returns 0x00 (0002ms, 22300ms total)
T1470 12520:540 JLINK_ReadMem (0xE0001FD0, 0x0020 Bytes, ...) -- CPU is running -- CPU_ReadMem(32 bytes @ 0xE0001FD0) - Data: 04 00 00 00 00 00 00 00 00 00 00 00 00 00 00 00 ...  returns 0x00 (0001ms, 22301ms total)
T1470 12520:541 JLINK_ReadMemU32(0xE00FF008, 0x0001 Items, ...) -- CPU is running -- CPU_ReadMem(4 bytes @ 0xE00FF008) - Data: 03 30 F0 FF  returns 0x01 (0001ms, 22302ms total)
T1470 12520:542 JLINK_ReadMem (0xE0002FF0, 0x0010 Bytes, ...) -- CPU is running -- CPU_ReadMem(16 bytes @ 0xE0002FF0) - Data: 0D 00 00 00 E0 00 00 00 05 00 00 00 B1 00 00 00  returns 0x00 (0002ms, 22304ms total)
T1470 12520:544 JLINK_ReadMem (0xE0002FD0, 0x0020 Bytes, ...) -- CPU is running -- CPU_ReadMem(32 bytes @ 0xE0002FD0) - Data: 04 00 00 00 00 00 00 00 00 00 00 00 00 00 00 00 ...  returns 0x00 (0001ms, 22305ms total)
T1470 12520:545 JLINK_ReadMemU32(0xE00FF00C, 0x0001 Items, ...) -- CPU is running -- CPU_ReadMem(4 bytes @ 0xE00FF00C) - Data: 03 10 F0 FF  returns 0x01 (0001ms, 22306ms total)
T1470 12520:546 JLINK_ReadMem (0xE0000FF0, 0x0010 Bytes, ...) -- CPU is running -- CPU_ReadMem(16 bytes @ 0xE0000FF0) - Data: 0D 00 00 00 E0 00 00 00 05 00 00 00 B1 00 00 00  returns 0x00 (0001ms, 22307ms total)
T1470 12520:547 JLINK_ReadMem (0xE0000FD0, 0x0020 Bytes, ...) -- CPU is running -- CPU_ReadMem(32 bytes @ 0xE0000FD0) - Data: 04 00 00 00 00 00 00 00 00 00 00 00 00 00 00 00 ...  returns 0x00 (0005ms, 22312ms total)
T1470 12520:552 JLINK_ReadMemU32(0xE00FF010, 0x0001 Items, ...) -- CPU is running -- CPU_ReadMem(4 bytes @ 0xE00FF010) - Data: 03 10 F4 FF  returns 0x01 (0001ms, 22313ms total)
T1470 12520:553 JLINK_ReadMem (0xE0040FF0, 0x0010 Bytes, ...) -- CPU is running -- CPU_ReadMem(16 bytes @ 0xE0040FF0) - Data: 0D 00 00 00 90 00 00 00 05 00 00 00 B1 00 00 00  returns 0x00 (0001ms, 22314ms total)
T1470 12520:554 JLINK_ReadMem (0xE0040FD0, 0x0020 Bytes, ...) -- CPU is running -- CPU_ReadMem(32 bytes @ 0xE0040FD0) - Data: 04 00 00 00 00 00 00 00 00 00 00 00 00 00 00 00 ...  returns 0x00 (0002ms, 22316ms total)
T1470 12520:556 JLINK_ReadMemU32(0xE00FF014, 0x0001 Items, ...) -- CPU is running -- CPU_ReadMem(4 bytes @ 0xE00FF014) - Data: 02 20 F4 FF  returns 0x01 (0001ms, 22317ms total)
T1470 12520:557 JLINK_ReadMemU32(0xE00FF018, 0x0001 Items, ...) -- CPU is running -- CPU_ReadMem(4 bytes @ 0xE00FF018) - Data: 00 00 00 00  returns 0x01 (0001ms, 22318ms total)
T1470 12520:558 JLINK_ReadMem (0xE0001000, 0x0004 Bytes, ...) -- CPU is running -- CPU_ReadMem(4 bytes @ 0xE0001000) - Data: 01 00 00 40  returns 0x00 (0001ms, 22319ms total)
T1470 12520:559 JLINK_ReadMem (0xE0001000, 0x0004 Bytes, ...) -- CPU is running -- CPU_ReadMem(4 bytes @ 0xE0001000) - Data: 01 00 00 40  returns 0x00 (0001ms, 22320ms total)
T1470 12520:560 JLINK_ReadMem (0xE0001028, 0x0004 Bytes, ...) -- CPU is running -- CPU_ReadMem(4 bytes @ 0xE0001028) - Data: 00 00 00 00  returns 0x00 (0001ms, 22321ms total)
T1470 12520:561 JLINK_WriteMem(0xE0001028, 0x0004 Bytes, ...) - Data: 00 01 00 00 -- CPU is running -- CPU_WriteMem(4 bytes @ 0xE0001028)  returns 0x04 (0001ms, 22322ms total)
T1470 12520:562 JLINK_ReadMem (0xE0001028, 0x0004 Bytes, ...) -- CPU is running -- CPU_ReadMem(4 bytes @ 0xE0001028) - Data: 00 00 00 00  returns 0x00 (0001ms, 22323ms total)
T1470 12520:563 JLINK_ReadMem (0xE0001038, 0x0004 Bytes, ...) -- CPU is running -- CPU_ReadMem(4 bytes @ 0xE0001038) - Data: 00 02 00 00  returns 0x00 (0002ms, 22325ms total)
T1470 12520:565 JLINK_WriteMem(0xE0001038, 0x0004 Bytes, ...) - Data: 00 03 00 00 -- CPU is running -- CPU_WriteMem(4 bytes @ 0xE0001038)  returns 0x04 (0000ms, 22325ms total)
T1470 12520:565 JLINK_ReadMem (0xE0001038, 0x0004 Bytes, ...) -- CPU is running -- CPU_ReadMem(4 bytes @ 0xE0001038) - Data: 00 03 00 00  returns 0x00 (0001ms, 22326ms total)
T1470 12520:566 JLINK_ReadMem (0xE0001048, 0x0004 Bytes, ...) -- CPU is running -- CPU_ReadMem(4 bytes @ 0xE0001048) - Data: 00 00 00 00  returns 0x00 (0002ms, 22328ms total)
T1470 12520:568 JLINK_WriteMem(0xE0001048, 0x0004 Bytes, ...) - Data: 00 01 00 00 -- CPU is running -- CPU_WriteMem(4 bytes @ 0xE0001048)  returns 0x04 (0000ms, 22328ms total)
T1470 12520:568 JLINK_ReadMem (0xE0001048, 0x0004 Bytes, ...) -- CPU is running -- CPU_ReadMem(4 bytes @ 0xE0001048) - Data: 00 00 00 00  returns 0x00 (0001ms, 22329ms total)
T1470 12520:569 JLINK_ReadMem (0xE0001058, 0x0004 Bytes, ...) -- CPU is running -- CPU_ReadMem(4 bytes @ 0xE0001058) - Data: 00 00 00 00  returns 0x00 (0001ms, 22330ms total)
T1470 12520:570 JLINK_WriteMem(0xE0001058, 0x0004 Bytes, ...) - Data: 00 01 00 00 -- CPU is running -- CPU_WriteMem(4 bytes @ 0xE0001058)  returns 0x04 (0001ms, 22331ms total)
T1470 12520:571 JLINK_ReadMem (0xE0001058, 0x0004 Bytes, ...) -- CPU is running -- CPU_ReadMem(4 bytes @ 0xE0001058) - Data: 00 00 00 00  returns 0x00 (0001ms, 22332ms total)
T1470 12520:572 JLINK_ReadMem (0xE0001024, 0x0004 Bytes, ...) -- CPU is running -- CPU_ReadMem(4 bytes @ 0xE0001024) - Data: 00 00 00 00  returns 0x00 (0002ms, 22334ms total)
T1470 12520:574 JLINK_WriteMem(0xE0001024, 0x0004 Bytes, ...) - Data: 1F 00 00 00 -- CPU is running -- CPU_WriteMem(4 bytes @ 0xE0001024)  returns 0x04 (0000ms, 22334ms total)
T1470 12520:574 JLINK_ReadMem (0xE0001024, 0x0004 Bytes, ...) -- CPU is running -- CPU_ReadMem(4 bytes @ 0xE0001024) - Data: 0F 00 00 00  returns 0x00 (0002ms, 22336ms total)
T1470 12520:576 JLINK_ReadMem (0xE0001034, 0x0004 Bytes, ...) -- CPU is running -- CPU_ReadMem(4 bytes @ 0xE0001034) - Data: 00 00 00 00  returns 0x00 (0001ms, 22337ms total)
T1470 12520:577 JLINK_WriteMem(0xE0001034, 0x0004 Bytes, ...) - Data: 1F 00 00 00 -- CPU is running -- CPU_WriteMem(4 bytes @ 0xE0001034)  returns 0x04 (0001ms, 22338ms total)
T1470 12520:578 JLINK_ReadMem (0xE0001034, 0x0004 Bytes, ...) -- CPU is running -- CPU_ReadMem(4 bytes @ 0xE0001034) - Data: 0F 00 00 00  returns 0x00 (0001ms, 22339ms total)
T1470 12520:579 JLINK_ReadMem (0xE0001044, 0x0004 Bytes, ...) -- CPU is running -- CPU_ReadMem(4 bytes @ 0xE0001044) - Data: 00 00 00 00  returns 0x00 (0001ms, 22340ms total)
T1470 12520:580 JLINK_WriteMem(0xE0001044, 0x0004 Bytes, ...) - Data: 1F 00 00 00 -- CPU is running -- CPU_WriteMem(4 bytes @ 0xE0001044)  returns 0x04 (0001ms, 22341ms total)
T1470 12520:581 JLINK_ReadMem (0xE0001044, 0x0004 Bytes, ...) -- CPU is running -- CPU_ReadMem(4 bytes @ 0xE0001044) - Data: 0F 00 00 00  returns 0x00 (0001ms, 22342ms total)
T1470 12520:582 JLINK_ReadMem (0xE0001054, 0x0004 Bytes, ...) -- CPU is running -- CPU_ReadMem(4 bytes @ 0xE0001054) - Data: 00 00 00 00  returns 0x00 (0001ms, 22343ms total)
T1470 12520:583 JLINK_WriteMem(0xE0001054, 0x0004 Bytes, ...) - Data: 1F 00 00 00 -- CPU is running -- CPU_WriteMem(4 bytes @ 0xE0001054)  returns 0x04 (0001ms, 22344ms total)
T1470 12520:584 JLINK_ReadMem (0xE0001054, 0x0004 Bytes, ...) -- CPU is running -- CPU_ReadMem(4 bytes @ 0xE0001054) - Data: 0F 00 00 00  returns 0x00 (0002ms, 22346ms total)
T1470 12520:586 JLINK_ReadMem (0xE0001028, 0x0004 Bytes, ...) -- CPU is running -- CPU_ReadMem(4 bytes @ 0xE0001028) - Data: 00 00 00 00  returns 0x00 (0001ms, 22347ms total)
T1470 12520:587 JLINK_ReadMem (0xE0001038, 0x0004 Bytes, ...) -- CPU is running -- CPU_ReadMem(4 bytes @ 0xE0001038) - Data: 00 03 00 00  returns 0x00 (0001ms, 22348ms total)
T1470 12520:588 JLINK_ReadMem (0xE0001048, 0x0004 Bytes, ...) -- CPU is running -- CPU_ReadMem(4 bytes @ 0xE0001048) - Data: 00 00 00 00  returns 0x00 (0001ms, 22349ms total)
T1470 12520:589 JLINK_ReadMem (0xE0001058, 0x0004 Bytes, ...) -- CPU is running -- CPU_ReadMem(4 bytes @ 0xE0001058) - Data: 00 00 00 00  returns 0x00 (0002ms, 22351ms total)
T1470 12520:591 JLINK_WriteMem(0xE0001020, 0x0004 Bytes, ...) - Data: 00 00 00 00 -- CPU is running -- CPU_WriteMem(4 bytes @ 0xE0001020)  returns 0x04 (0001ms, 22352ms total)
T1470 12520:592 JLINK_WriteMem(0xE0001024, 0x0004 Bytes, ...) - Data: 00 00 00 00 -- CPU is running -- CPU_WriteMem(4 bytes @ 0xE0001024)  returns 0x04 (0001ms, 22353ms total)
T1470 12520:593 JLINK_WriteMem(0xE0001028, 0x0004 Bytes, ...) - Data: 00 00 00 00 -- CPU is running -- CPU_WriteMem(4 bytes @ 0xE0001028)  returns 0x04 (0001ms, 22354ms total)
T1470 12520:594 JLINK_WriteMem(0xE0001030, 0x0004 Bytes, ...) - Data: 00 00 00 00 -- CPU is running -- CPU_WriteMem(4 bytes @ 0xE0001030)  returns 0x04 (0001ms, 22355ms total)
T1470 12520:595 JLINK_WriteMem(0xE0001034, 0x0004 Bytes, ...) - Data: 00 00 00 00 -- CPU is running -- CPU_WriteMem(4 bytes @ 0xE0001034)  returns 0x04 (0001ms, 22356ms total)
T1470 12520:596 JLINK_WriteMem(0xE0001038, 0x0004 Bytes, ...) - Data: 00 00 00 00 -- CPU is running -- CPU_WriteMem(4 bytes @ 0xE0001038)  returns 0x04 (0000ms, 22356ms total)
T1470 12520:597 JLINK_WriteMem(0xE0001040, 0x0004 Bytes, ...) - Data: 00 00 00 00 -- CPU is running -- CPU_WriteMem(4 bytes @ 0xE0001040)  returns 0x04 (0001ms, 22358ms total)
T1470 12520:598 JLINK_WriteMem(0xE0001044, 0x0004 Bytes, ...) - Data: 00 00 00 00 -- CPU is running -- CPU_WriteMem(4 bytes @ 0xE0001044)  returns 0x04 (0000ms, 22358ms total)
T1470 12520:598 JLINK_WriteMem(0xE0001048, 0x0004 Bytes, ...) - Data: 00 00 00 00 -- CPU is running -- CPU_WriteMem(4 bytes @ 0xE0001048)  returns 0x04 (0001ms, 22359ms total)
T1470 12520:599 JLINK_WriteMem(0xE0001050, 0x0004 Bytes, ...) - Data: 00 00 00 00 -- CPU is running -- CPU_WriteMem(4 bytes @ 0xE0001050)  returns 0x04 (0001ms, 22360ms total)
T1470 12520:600 JLINK_WriteMem(0xE0001054, 0x0004 Bytes, ...) - Data: 00 00 00 00 -- CPU is running -- CPU_WriteMem(4 bytes @ 0xE0001054)  returns 0x04 (0001ms, 22361ms total)
T1470 12520:601 JLINK_WriteMem(0xE0001058, 0x0004 Bytes, ...) - Data: 00 00 00 00 -- CPU is running -- CPU_WriteMem(4 bytes @ 0xE0001058)  returns 0x04 (0001ms, 22362ms total)
T1470 12520:603 JLINK_Halt()  returns 0x00 (0008ms, 22370ms total)
T1470 12520:611 JLINK_WriteMem(0x400E0A04, 0x0004 Bytes, ...) - Data: 0B 01 00 5A -- CPU_WriteMem(4 bytes @ 0x400E0A04)  returns 0x04 (0001ms, 22371ms total)
T1470 12520:612 JLINK_ReadMem (0x400E0A08, 0x0004 Bytes, ...) -- CPU_ReadMem(4 bytes @ 0x400E0A08) - Data: 01 00 00 00  returns 0x00 (0001ms, 22372ms total)
T1470 12520:613 JLINK_WriteMem(0x400E0A04, 0x0004 Bytes, ...) - Data: 0C 02 00 5A -- CPU_WriteMem(4 bytes @ 0x400E0A04)  returns 0x04 (0001ms, 22373ms total)
T1470 12520:614 JLINK_ReadMem (0x400E0A08, 0x0004 Bytes, ...) -- CPU_ReadMem(4 bytes @ 0x400E0A08) - Data: 01 00 00 00  returns 0x00 (0002ms, 22375ms total)
T1470 12520:616 JLINK_Reset() -- CPU_ReadMem(16 bytes @ 0x20000000) -- CPU_WriteMem(16 bytes @ 0x20000000) -- CPU_ReadMem(4 bytes @ 0xE000EDFC) -- CPU_WriteMem(4 bytes @ 0xE000EDFC) -- CPU_ReadMem(4 bytes @ 0xE0001000) -- CPU_WriteMem(4 bytes @ 0xE000EDFC) -- CPU_WriteMem(16 bytes @ 0x20000000) -- CPU_WriteMem(4 bytes @ 0xE0002000) -- CPU_ReadMem(4 bytes @ 0xE000EDFC) -- CPU_ReadMem(4 bytes @ 0xE0001000) (0041ms, 22416ms total)
T1470 12520:660 JLINK_JTAG_GetDeviceID(DeviceIndex = 0)  returns 0x4BA00477 (0000ms, 22416ms total)
T1470 12520:660 JLINK_ReadMemU32(0x400E0740, 0x0001 Items, ...) -- CPU_ReadMem(4 bytes @ 0x400E0740) - Data: E0 0E A7 29  returns 0x01 (0002ms, 22418ms total)
T1470 12520:662 JLINK_ReadMemU32(0x400E0744, 0x0001 Items, ...) -- CPU_ReadMem(4 bytes @ 0x400E0744) - Data: 00 00 00 00  returns 0x01 (0001ms, 22419ms total)
T1470 12520:663 JLINK_WriteMem(0x400E0A04, 0x0004 Bytes, ...) - Data: 05 00 00 5A -- CPU_WriteMem(4 bytes @ 0x400E0A04)  returns 0x04 (0001ms, 22420ms total)
T1470 12520:664 JLINK_WriteMem(0x400E0C04, 0x0004 Bytes, ...) - Data: 05 00 00 5A -- CPU_WriteMem(4 bytes @ 0x400E0C04)  returns 0x04 (0002ms, 22422ms total)
T1470 12520:666 JLINK_ReadMem (0x400E0A08, 0x0004 Bytes, ...) -- CPU_ReadMem(4 bytes @ 0x400E0A08) - Data: 00 00 00 00  returns 0x00 (0001ms, 22423ms total)
T1470 12520:668 JLINK_ReadMem (0x400E0A08, 0x0004 Bytes, ...) -- CPU_ReadMem(4 bytes @ 0x400E0A08) - Data: 00 00 00 00  returns 0x00 (0001ms, 22424ms total)
T21F4 12520:669 JLINK_IsHalted()  returns TRUE (0000ms, 22424ms total)
T21F4 12520:669 JLINK_GetMOEs(...) -- CPU_ReadMem(4 bytes @ 0xE000ED30) -- CPU_WriteMem(4 bytes @ 0xE000ED30)  returns 0x01 (0003ms, 22427ms total)
T21F4 12520:672 JLINK_ReadReg(R15 (PC))  returns 0x004010BC (0000ms, 22427ms total)
T1470 12520:673 JLINK_ReadMem (0x400E0A08, 0x0004 Bytes, ...) -- CPU_ReadMem(4 bytes @ 0x400E0A08) - Data: 00 00 00 00  returns 0x00 (0001ms, 22428ms total)
T1470 12520:690 JLINK_ReadMem (0x400E0A08, 0x0004 Bytes, ...) -- CPU_ReadMem(4 bytes @ 0x400E0A08) - Data: 00 00 00 00  returns 0x00 (0001ms, 22429ms total)
T1470 12520:755 JLINK_ReadMem (0x400E0A08, 0x0004 Bytes, ...) -- CPU_ReadMem(4 bytes @ 0x400E0A08) - Data: 00 00 00 00  returns 0x00 (0001ms, 22430ms total)
T21F4 12520:872 JLINK_IsHalted()  returns TRUE (0000ms, 22430ms total)
T1470 12521:012 JLINK_ReadMem (0x400E0A08, 0x0004 Bytes, ...) -- CPU_ReadMem(4 bytes @ 0x400E0A08) - Data: 00 00 00 00  returns 0x00 (0001ms, 22431ms total)
T21F4 12521:072 JLINK_IsHalted()  returns TRUE (0000ms, 22431ms total)
T21F4 12521:272 JLINK_IsHalted()  returns TRUE (0001ms, 22432ms total)
T21F4 12521:473 JLINK_IsHalted()  returns TRUE (0000ms, 22431ms total)
T21F4 12521:673 JLINK_IsHalted()  returns TRUE (0000ms, 22431ms total)
T21F4 12521:875 JLINK_IsHalted()  returns TRUE (0002ms, 22433ms total)
T1470 12522:013 JLINK_ReadMem (0x400E0A08, 0x0004 Bytes, ...) -- CPU_ReadMem(4 bytes @ 0x400E0A08) - Data: 00 00 00 00  returns 0x00 (0001ms, 22432ms total)
T1470 12522:014 JLINK_ReadMem (0x400E0C08, 0x0004 Bytes, ...) -- CPU_ReadMem(4 bytes @ 0x400E0C08) - Data: 00 00 00 00  returns 0x00 (0002ms, 22434ms total)
T1470 12522:017 JLINK_ReadMem (0x400E0C08, 0x0004 Bytes, ...) -- CPU_ReadMem(4 bytes @ 0x400E0C08) - Data: 00 00 00 00  returns 0x00 (0001ms, 22435ms total)
T1470 12522:022 JLINK_ReadMem (0x400E0C08, 0x0004 Bytes, ...) -- CPU_ReadMem(4 bytes @ 0x400E0C08) - Data: 00 00 00 00  returns 0x00 (0001ms, 22436ms total)
T1470 12522:039 JLINK_ReadMem (0x400E0C08, 0x0004 Bytes, ...) -- CPU_ReadMem(4 bytes @ 0x400E0C08) - Data: 00 00 00 00  returns 0x00 (0001ms, 22437ms total)
T21F4 12522:077 JLINK_IsHalted()  returns TRUE (0000ms, 22437ms total)
T1470 12522:104 JLINK_ReadMem (0x400E0C08, 0x0004 Bytes, ...) -- CPU_ReadMem(4 bytes @ 0x400E0C08) - Data: 00 00 00 00  returns 0x00 (0001ms, 22438ms total)
T21F4 12522:277 JLINK_IsHalted()  returns TRUE (0000ms, 22438ms total)
T1470 12522:361 JLINK_ReadMem (0x400E0C08, 0x0004 Bytes, ...) -- CPU_ReadMem(4 bytes @ 0x400E0C08) - Data: 00 00 00 00  returns 0x00 (0001ms, 22439ms total)
T21F4 12522:477 JLINK_IsHalted()  returns TRUE (0001ms, 22440ms total)
T21F4 12522:678 JLINK_IsHalted()  returns TRUE (0000ms, 22439ms total)
T21F4 12522:878 JLINK_IsHalted()  returns TRUE (0000ms, 22439ms total)
T21F4 12523:078 JLINK_IsHalted()  returns TRUE (0001ms, 22440ms total)
T21F4 12523:279 JLINK_IsHalted()  returns TRUE (0001ms, 22440ms total)
T1470 12523:362 JLINK_ReadMem (0x400E0C08, 0x0004 Bytes, ...) -- CPU_ReadMem(4 bytes @ 0x400E0C08) - Data: 00 00 00 00  returns 0x00 (0001ms, 22440ms total)
T1470 12523:363 JLINK_ReadMem (0x400E0A08, 0x0004 Bytes, ...) -- CPU_ReadMem(4 bytes @ 0x400E0A08) - Data: 00 00 00 00  returns 0x00 (0002ms, 22442ms total)
T1470 12523:366 JLINK_ReadMem (0x400E0A08, 0x0004 Bytes, ...) -- CPU_ReadMem(4 bytes @ 0x400E0A08) - Data: 00 00 00 00  returns 0x00 (0001ms, 22443ms total)
T1470 12523:371 JLINK_ReadMem (0x400E0A08, 0x0004 Bytes, ...) -- CPU_ReadMem(4 bytes @ 0x400E0A08) - Data: 00 00 00 00  returns 0x00 (0001ms, 22444ms total)
T1470 12523:388 JLINK_ReadMem (0x400E0A08, 0x0004 Bytes, ...) -- CPU_ReadMem(4 bytes @ 0x400E0A08) - Data: 00 00 00 00  returns 0x00 (0001ms, 22445ms total)
T1470 12523:453 JLINK_ReadMem (0x400E0A08, 0x0004 Bytes, ...) -- CPU_ReadMem(4 bytes @ 0x400E0A08) - Data: 00 00 00 00  returns 0x00 (0001ms, 22446ms total)
T21F4 12523:480 JLINK_IsHalted()  returns TRUE (0000ms, 22446ms total)
T21F4 12523:680 JLINK_IsHalted()  returns TRUE (0001ms, 22447ms total)
T1470 12523:710 JLINK_ReadMem (0x400E0A08, 0x0004 Bytes, ...) -- CPU_ReadMem(4 bytes @ 0x400E0A08) - Data: 00 00 00 00  returns 0x00 (0001ms, 22447ms total)
T21F4 12523:881 JLINK_IsHalted()  returns TRUE (0000ms, 22447ms total)
T21F4 12524:081 JLINK_IsHalted()  returns TRUE (0000ms, 22447ms total)
T21F4 12524:281 JLINK_IsHalted()  returns TRUE (0001ms, 22448ms total)
T21F4 12524:482 JLINK_IsHalted()  returns TRUE (0000ms, 22447ms total)
T21F4 12524:682 JLINK_IsHalted()  returns TRUE (0000ms, 22447ms total)
T1470 12524:711 JLINK_ReadMem (0x400E0A08, 0x0004 Bytes, ...) -- CPU_ReadMem(4 bytes @ 0x400E0A08) - Data: 00 00 00 00  returns 0x00 (0002ms, 22449ms total)
T1470 12524:713 JLINK_ReadMem (0x400E0C08, 0x0004 Bytes, ...) -- CPU_ReadMem(4 bytes @ 0x400E0C08) - Data: 00 00 00 00  returns 0x00 (0002ms, 22451ms total)
T1470 12524:716 JLINK_ReadMem (0x400E0C08, 0x0004 Bytes, ...) -- CPU_ReadMem(4 bytes @ 0x400E0C08) - Data: 00 00 00 00  returns 0x00 (0001ms, 22452ms total)
T1470 12524:721 JLINK_ReadMem (0x400E0C08, 0x0004 Bytes, ...) -- CPU_ReadMem(4 bytes @ 0x400E0C08) - Data: 00 00 00 00  returns 0x00 (0001ms, 22453ms total)
T1470 12524:738 JLINK_ReadMem (0x400E0C08, 0x0004 Bytes, ...) -- CPU_ReadMem(4 bytes @ 0x400E0C08) - Data: 00 00 00 00  returns 0x00 (0001ms, 22454ms total)
T1470 12524:803 JLINK_ReadMem (0x400E0C08, 0x0004 Bytes, ...) -- CPU_ReadMem(4 bytes @ 0x400E0C08) - Data: 00 00 00 00  returns 0x00 (0001ms, 22455ms total)
T21F4 12524:882 JLINK_IsHalted()  returns TRUE (0003ms, 22458ms total)
T1470 12525:060 JLINK_ReadMem (0x400E0C08, 0x0004 Bytes, ...) -- CPU_ReadMem(4 bytes @ 0x400E0C08) - Data: 00 00 00 00  returns 0x00 (0001ms, 22456ms total)
T21F4 12525:085 JLINK_IsHalted()  returns TRUE (0000ms, 22456ms total)
T21F4 12525:285 JLINK_IsHalted()  returns TRUE (0000ms, 22456ms total)
T21F4 12525:485 JLINK_IsHalted()  returns TRUE (0001ms, 22457ms total)
T21F4 12525:686 JLINK_IsHalted()  returns TRUE (0000ms, 22456ms total)
T21F4 12525:886 JLINK_IsHalted()  returns TRUE (0000ms, 22456ms total)
T1470 12526:061 JLINK_ReadMem (0x400E0C08, 0x0004 Bytes, ...) -- CPU_ReadMem(4 bytes @ 0x400E0C08) - Data: 01 00 00 00  returns 0x00 (0001ms, 22457ms total)
T1470 12526:062 JLINK_ReadMem (0x400E0A08, 0x0004 Bytes, ...) -- CPU_ReadMem(4 bytes @ 0x400E0A08) - Data: 01 00 00 00  returns 0x00 (0002ms, 22459ms total)
T21F4 12526:086 JLINK_IsHalted()  returns TRUE (0001ms, 22460ms total)
T1470 12526:088 JLINK_ResetPullsRESET(ON) (0000ms, 22459ms total)
T1470 12526:088 JLINK_ResetNoHalt() >0x2F8 JTAG>TotalIRLen = 4, IRPrint = 0x01 >0x30 JTAG> >0x210 JTAG> >0x70 JTAG> >0x40 JTAG> >0x40 JTAG> >0x40 JTAG> >0x48 JTAG> >0x78 JTAG> >0x40 JTAG> >0x30 JTAG> >0x40 JTAG> >0x40 JTAG> >0x30 JTAG> >0x40 JTAG> >0x48 JTAG>Found Cortex-M4 r0p1, Little endian. -- CPU_WriteMem(4 bytes @ 0xE0002000) -- CPU_ReadMem(4 bytes @ 0xE000EDF0) -- CPU_ReadMem(4 bytes @ 0xE0002000)FPUnit: 6 code (BP) slots and 2 literal slots -- CPU_ReadMem(4 bytes @ 0xE000EDFC)
 -- CPU_ReadMem(4 bytes @ 0xE0001000) -- CPU_ReadMem(4 bytes @ 0xE000ED88) -- CPU_WriteMem(4 bytes @ 0xE000ED88) -- CPU_ReadMem(4 bytes @ 0xE000ED88) -- CPU_WriteMem(4 bytes @ 0xE000ED88)CoreSight components:ROMTbl 0 @ E00FF000 -- CPU_ReadMem(16 bytes @ 0xE00FF000) -- CPU_ReadMem(16 bytes @ 0xE000EFF0) -- CPU_ReadMem(16 bytes @ 0xE000EFE0)ROMTbl 0 [0]: FFF0F000, CID: B105E00D, PID: 000BB000 SCS -- CPU_WriteMem(4 bytes @ 0xE0001000) -- CPU_ReadMem(16 bytes @ 0xE0001FF0)
 -- CPU_ReadMem(16 bytes @ 0xE0001FE0)ROMTbl 0 [1]: FFF02000, CID: B105E00D, PID: 003BB002 DWT -- CPU_ReadMem(16 bytes @ 0xE0002FF0) -- CPU_ReadMem(16 bytes @ 0xE0002FE0)ROMTbl 0 [2]: FFF03000, CID: B105E00D, PID: 002BB003 FPB -- CPU_ReadMem(16 bytes @ 0xE0000FF0) -- CPU_ReadMem(16 bytes @ 0xE0000FE0)ROMTbl 0 [3]: FFF01000, CID: B105E00D, PID: 003BB001 ITM -- CPU_ReadMem(16 bytes @ 0xE00FF010) -- CPU_ReadMem(16 bytes @ 0xE0040FF0) -- CPU_ReadMem(16 bytes @ 0xE0040FE0)
ROMTbl 0 [4]: FFF41000, CID: B105900D, PID: 000BB9A1 TPIU
                JLINK_Reset() -- CPU_ReadMem(16 bytes @ 0x20000000) -- CPU_WriteMem(16 bytes @ 0x20000000) -- CPU_ReadMem(4 bytes @ 0xE000EDFC) -- CPU_WriteMem(4 bytes @ 0xE000EDFC) -- CPU_ReadMem(4 bytes @ 0xE0001000) -- CPU_WriteMem(4 bytes @ 0xE0001004) -- CPU_WriteMem(4 bytes @ 0xE000EDFC) -- CPU_WriteMem(16 bytes @ 0x20000000) -- CPU_WriteMem(4 bytes @ 0xE0002000) -- CPU_ReadMem(4 bytes @ 0xE000EDFC) -- CPU_ReadMem(4 bytes @ 0xE0001000) (0042ms, 0042ms total)
                JLINK_Go() -- CPU_ReadMem(4 bytes @ 0xE0001000) -- CPU_WriteMem(4 bytes @ 0xE0001004) (0003ms, 0045ms total)
               (0091ms, 22550ms total)
T1470 12526:180 JLINK_ExecCommand("ProjectFile = T:\11.02741-0\Entregas\Aula08\12-TIMER-COUNTER-COMPARE\Timer-Counter\jlink.config", ...)  returns 0x00 (0001ms, 22551ms total)
T1470 12526:203 JLINK_ExecCommand("Device = AT91SAM4SD32C", ...)Device "ATSAM4SD32C" selected.  returns 0x00 (0000ms, 22551ms total)
T1470 12526:203 JLINK_TIF_Select(JLINKARM_TIF_JTAG)  returns 0x00 (0001ms, 22552ms total)
T1470 12526:204 JLINK_GetIdData(...) ScanLen=4 NumDevices=1 aId[0]=0x4BA00477 aIrRead[0]=0 aScanLen[0]=0 aScanRead[0]=0 (0000ms, 22552ms total)
T1470 12526:204 JLINK_ConfigJTAG(IRPre = 0, DRPre = 0) (0000ms, 22552ms total)
T1470 12526:204 JLINK_SetSpeed(4000) (0000ms, 22552ms total)
T1470 12526:204 JLINK_ResetPullsRESET(OFF) (0000ms, 22552ms total)
T1470 12526:204 JLINK_Connect() >0x2F8 JTAG>TotalIRLen = 4, IRPrint = 0x01 >0x30 JTAG> >0x210 JTAG> >0x70 JTAG> >0x40 JTAG> >0x40 JTAG> >0x40 JTAG> >0x48 JTAG> >0x78 JTAG> >0x40 JTAG> >0x30 JTAG> >0x40 JTAG> >0x40 JTAG> >0x30 JTAG> >0x40 JTAG> >0x48 JTAG>Found Cortex-M4 r0p1, Little endian. -- CPU_WriteMem(4 bytes @ 0xE0002000) -- CPU_ReadMem(4 bytes @ 0xE000EDF0) -- CPU_ReadMem(4 bytes @ 0xE0002000)FPUnit: 6 code (BP) slots and 2 literal slots -- CPU_ReadMem(4 bytes @ 0xE000EDFC)
 -- CPU_ReadMem(4 bytes @ 0xE0001000) -- CPU_WriteMem(4 bytes @ 0xE0001000) -- CPU_ReadMem(4 bytes @ 0xE000ED88) -- CPU_WriteMem(4 bytes @ 0xE000ED88) -- CPU_ReadMem(4 bytes @ 0xE000ED88) -- CPU_WriteMem(4 bytes @ 0xE000ED88)CoreSight components:ROMTbl 0 @ E00FF000 -- CPU_ReadMem(16 bytes @ 0xE00FF000) -- CPU_ReadMem(16 bytes @ 0xE000EFF0) -- CPU_ReadMem(16 bytes @ 0xE000EFE0)ROMTbl 0 [0]: FFF0F000, CID: B105E00D, PID: 000BB000 SCS -- CPU_ReadMem(16 bytes @ 0xE0001FF0)
 -- CPU_ReadMem(16 bytes @ 0xE0001FE0)ROMTbl 0 [1]: FFF02000, CID: B105E00D, PID: 003BB002 DWT -- CPU_ReadMem(16 bytes @ 0xE0002FF0) -- CPU_ReadMem(16 bytes @ 0xE0002FE0)ROMTbl 0 [2]: FFF03000, CID: B105E00D, PID: 002BB003 FPB -- CPU_ReadMem(16 bytes @ 0xE0000FF0) -- CPU_ReadMem(16 bytes @ 0xE0000FE0)ROMTbl 0 [3]: FFF01000, CID: B105E00D, PID: 003BB001 ITM -- CPU_ReadMem(16 bytes @ 0xE00FF010) -- CPU_ReadMem(16 bytes @ 0xE0040FF0) -- CPU_ReadMem(16 bytes @ 0xE0040FE0)
ROMTbl 0 [4]: FFF41000, CID: B105900D, PID: 000BB9A1 TPIU  returns 0x00 (0034ms, 22586ms total)
T1470 12526:238 JLINK_WriteMem(0xE0001020, 0x0004 Bytes, ...) - Data: 00 00 00 00 -- CPU is running -- CPU_WriteMem(4 bytes @ 0xE0001020)  returns 0x04 (0001ms, 22587ms total)
T1470 12526:239 JLINK_WriteMem(0xE0001024, 0x0004 Bytes, ...) - Data: 00 00 00 00 -- CPU is running -- CPU_WriteMem(4 bytes @ 0xE0001024)  returns 0x04 (0001ms, 22588ms total)
T1470 12526:240 JLINK_WriteMem(0xE0001028, 0x0004 Bytes, ...) - Data: 00 00 00 00 -- CPU is running -- CPU_WriteMem(4 bytes @ 0xE0001028)  returns 0x04 (0001ms, 22589ms total)
T1470 12526:241 JLINK_WriteMem(0xE0001030, 0x0004 Bytes, ...) - Data: 00 00 00 00 -- CPU is running -- CPU_WriteMem(4 bytes @ 0xE0001030)  returns 0x04 (0001ms, 22590ms total)
T1470 12526:242 JLINK_WriteMem(0xE0001034, 0x0004 Bytes, ...) - Data: 00 00 00 00 -- CPU is running -- CPU_WriteMem(4 bytes @ 0xE0001034)  returns 0x04 (0001ms, 22591ms total)
T1470 12526:243 JLINK_WriteMem(0xE0001038, 0x0004 Bytes, ...) - Data: 00 00 00 00 -- CPU is running -- CPU_WriteMem(4 bytes @ 0xE0001038)  returns 0x04 (0001ms, 22592ms total)
T1470 12526:244 JLINK_WriteMem(0xE0001040, 0x0004 Bytes, ...) - Data: 00 00 00 00 -- CPU is running -- CPU_WriteMem(4 bytes @ 0xE0001040)  returns 0x04 (0001ms, 22593ms total)
T1470 12526:245 JLINK_WriteMem(0xE0001044, 0x0004 Bytes, ...) - Data: 00 00 00 00 -- CPU is running -- CPU_WriteMem(4 bytes @ 0xE0001044)  returns 0x04 (0001ms, 22594ms total)
T1470 12526:246 JLINK_WriteMem(0xE0001048, 0x0004 Bytes, ...) - Data: 00 00 00 00 -- CPU is running -- CPU_WriteMem(4 bytes @ 0xE0001048)  returns 0x04 (0001ms, 22595ms total)
T1470 12526:247 JLINK_WriteMem(0xE0001050, 0x0004 Bytes, ...) - Data: 00 00 00 00 -- CPU is running -- CPU_WriteMem(4 bytes @ 0xE0001050)  returns 0x04 (0001ms, 22596ms total)
T1470 12526:248 JLINK_WriteMem(0xE0001054, 0x0004 Bytes, ...) - Data: 00 00 00 00 -- CPU is running -- CPU_WriteMem(4 bytes @ 0xE0001054)  returns 0x04 (0000ms, 22596ms total)
T1470 12526:249 JLINK_WriteMem(0xE0001058, 0x0004 Bytes, ...) - Data: 00 00 00 00 -- CPU is running -- CPU_WriteMem(4 bytes @ 0xE0001058)  returns 0x04 (0000ms, 22596ms total)
T1470 12526:249 JLINK_Halt()  returns 0x00 (0005ms, 22601ms total)
T1470 12526:254 JLINK_WriteMem(0x400E0A04, 0x0004 Bytes, ...) - Data: 0B 01 00 5A -- CPU_WriteMem(4 bytes @ 0x400E0A04)  returns 0x04 (0001ms, 22602ms total)
T1470 12526:255 JLINK_ReadMem (0x400E0A08, 0x0004 Bytes, ...) -- CPU_ReadMem(4 bytes @ 0x400E0A08) - Data: 01 00 00 00  returns 0x00 (0001ms, 22603ms total)
T1470 12526:256 JLINK_WriteMem(0x400E0A04, 0x0004 Bytes, ...) - Data: 0C 02 00 5A -- CPU_WriteMem(4 bytes @ 0x400E0A04)  returns 0x04 (0001ms, 22604ms total)
T1470 12526:257 JLINK_ReadMem (0x400E0A08, 0x0004 Bytes, ...) -- CPU_ReadMem(4 bytes @ 0x400E0A08) - Data: 01 00 00 00  returns 0x00 (0001ms, 22605ms total)
T1470 12526:258 JLINK_Reset() -- CPU_ReadMem(16 bytes @ 0x20000000) -- CPU_WriteMem(16 bytes @ 0x20000000) -- CPU_ReadMem(4 bytes @ 0xE000EDFC) -- CPU_WriteMem(4 bytes @ 0xE000EDFC) -- CPU_ReadMem(4 bytes @ 0xE0001000) -- CPU_WriteMem(4 bytes @ 0xE000EDFC) -- CPU_WriteMem(16 bytes @ 0x20000000) -- CPU_WriteMem(4 bytes @ 0xE0002000) -- CPU_ReadMem(4 bytes @ 0xE000EDFC) -- CPU_ReadMem(4 bytes @ 0xE0001000) (0029ms, 22634ms total)
T1470 12526:289 JLINK_JTAG_GetDeviceID(DeviceIndex = 0)  returns 0x4BA00477 (0000ms, 22634ms total)
T1470 12526:289 JLINK_ReadMemU32(0x400E0740, 0x0001 Items, ...) -- CPU_ReadMem(4 bytes @ 0x400E0740) - Data: E0 0E A7 29  returns 0x01 (0001ms, 22635ms total)
T1470 12526:290 JLINK_ReadMemU32(0x400E0744, 0x0001 Items, ...) -- CPU_ReadMem(4 bytes @ 0x400E0744) - Data: 00 00 00 00  returns 0x01 (0000ms, 22635ms total)
T1470 12526:293 JLINK_BeginDownload(Flags = 0x00) (0000ms, 22635ms total)
T1470 12526:293 JLINK_WriteMem(0x00400000, 0x2114 Bytes, ...) - Data: D8 34 00 20 BD 10 40 00 85 11 40 00 85 11 40 00 ...  returns 0x2114 (0000ms, 22635ms total)
T1470 12526:294 JLINK_WriteMem(0x00402114, 0x0438 Bytes, ...) - Data: 01 00 00 00 00 00 20 00 00 09 3D 00 00 00 00 00 ...  returns 0x438 (0000ms, 22635ms total)
T119C 12526:313 JLINK_IsHalted()  returns TRUE (0000ms, 22635ms total)
T119C 12526:313 JLINK_GetMOEs(...) -- CPU_ReadMem(4 bytes @ 0xE000ED30) -- CPU_WriteMem(4 bytes @ 0xE000ED30)  returns 0x01 (0006ms, 22641ms total)
T119C 12526:319 JLINK_ReadReg(R15 (PC)) -- -------------------------------------- -- Start of determining dirty areas in flash cache -- End of determining dirty areas -- Start of preparing flash programming -- Calculating RAM usage -- RAM usage = 2884 Bytes -- Preserving registers -- Preparing memory -- Determining CPU clock frequency -- CPU clock frequency: 4162 kHz -- CPU frequency = 4162 kHz -- Preparing target -- Downloading RAMCode -- Using alternate TurboMode RAMCode -- Checking target RAM
 -- Preparing RAMCode -- End of preparing flash programmingCPU is running at low speed (4162 kHz). -- CPU is running at 4162 kHz. -- Start of comparing flash -- Read back was estimated as fastest method -- Comparing range 0x400000 - 0x4025FF (19 Sectors, 9 KB), using multi-block CRC calculation -- CPU is running -- CPU_ReadMem(512 bytes @ 0x00400000) -- CPU is running -- CPU_ReadMem(512 bytes @ 0x00400200) -- CPU is running -- CPU_ReadMem(512 bytes @ 0x00400400) -- CPU is running
 -- CPU_ReadMem(512 bytes @ 0x00400600) -- CPU is running -- CPU_ReadMem(512 bytes @ 0x00400800) -- CPU is running -- CPU_ReadMem(512 bytes @ 0x00400A00) -- CPU is running -- CPU_ReadMem(512 bytes @ 0x00400C00) -- CPU is running -- CPU_ReadMem(512 bytes @ 0x00400E00) -- CPU is running -- CPU_ReadMem(512 bytes @ 0x00401000) -- CPU is running -- CPU_ReadMem(512 bytes @ 0x00401200) -- CPU is running -- CPU_ReadMem(512 bytes @ 0x00401400) -- CPU is running -- CPU_ReadMem(512 bytes @ 0x00401600)
 -- CPU is running -- CPU_ReadMem(512 bytes @ 0x00401800) -- CPU is running -- CPU_ReadMem(512 bytes @ 0x00401A00) -- CPU is running -- CPU_ReadMem(512 bytes @ 0x00401C00) -- CPU is running -- CPU_ReadMem(512 bytes @ 0x00401E00) -- CPU is running -- CPU_ReadMem(512 bytes @ 0x00402000) -- CPU is running -- CPU_ReadMem(512 bytes @ 0x00402200) -- CPU is running -- CPU_ReadMem(512 bytes @ 0x00402400) -- CRC does not match for sectors 0-18 -- End of comparing flash -- Start of erasing sectors
 -- End of erasing sectors -- Start of flash programming -- Programming range 0x00400000 - 0x004025FF (019 Sectors, 9 KB) -- End of flash programming -- Flash programming performed for 1 range (9728 bytes) -- 0x400000 - 0x4025FF (019 Sectors, 9 KB) -- Start of verifying flash -- Checksum calculation was estimated as fastest method -- End of verifying flash -- Start of restoring -- Restore RAMCode -- Restore content of target memory -- Restore target -- Restore memory -- Restore content of registers
 -- End of restoring -- Total time needed: 0.341s (Prepare: 0.088s, Compare: 0.088s, Erase: 0.000s, Program: 0.150s, Verify: 0.005s, Restore: 0.007s)  returns 0xFFFFFFFE (0347ms, 22988ms total)
T21C4 12526:776 JLINK_Halt()  returns 0x00 (0001ms, 22989ms total)
T21C4 12526:777 JLINK_ReadReg(R15 (PC))  returns 0xFFFFFFFE (0000ms, 22989ms total)
T21C4 12526:777 JLINK_ReadReg(R13 (SP))  returns 0xFFFFFFFC (0000ms, 22989ms total)
T21C4 12526:828 JLINK_ReadReg(R0)  returns 0x400E1400 (0001ms, 22990ms total)
T21C4 12526:829 JLINK_ReadReg(R1)  returns 0x40C00000 (0000ms, 22990ms total)
T21C4 12526:829 JLINK_ReadReg(R2)  returns 0xA5000005 (0000ms, 22990ms total)
T21C4 12526:829 JLINK_ReadReg(R3)  returns 0x20000000 (0000ms, 22990ms total)
T21C4 12526:829 JLINK_ReadReg(R4)  returns 0x00401161 (0000ms, 22990ms total)
T21C4 12526:829 JLINK_ReadReg(R5)  returns 0x00000002 (0000ms, 22990ms total)
T21C4 12526:829 JLINK_ReadReg(R6)  returns 0x00401D59 (0000ms, 22990ms total)
T21C4 12526:829 JLINK_ReadReg(R7)  returns 0x20003438 (0000ms, 22990ms total)
T21C4 12526:829 JLINK_ReadReg(R8)  returns 0x00000140 (0000ms, 22990ms total)
T21C4 12526:829 JLINK_ReadReg(R9)  returns 0xC039843D (0000ms, 22990ms total)
T21C4 12526:829 JLINK_ReadReg(R10)  returns 0xBEFCB2AF (0000ms, 22990ms total)
T21C4 12526:829 JLINK_ReadReg(R11)  returns 0x9250A742 (0000ms, 22990ms total)
T21C4 12526:829 JLINK_ReadReg(R12)  returns 0x00000000 (0000ms, 22990ms total)
T21C4 12526:829 JLINK_ReadReg(R13 (SP))  returns 0xFFFFFFFC (0000ms, 22990ms total)
T21C4 12526:829 JLINK_ReadReg(R14)  returns 0xFFFFFFFF (0000ms, 22990ms total)
T21C4 12526:829 JLINK_ReadReg(R15 (PC))  returns 0xFFFFFFFE (0000ms, 22990ms total)
T21C4 12526:829 JLINK_ReadReg(XPSR)  returns 0x01000000 (0000ms, 22990ms total)
T21C4 12526:829 JLINK_ReadReg(MSP)  returns 0xFFFFFFFC (0000ms, 22990ms total)
T21C4 12526:829 JLINK_ReadReg(PSP)  returns 0x5DF3D164 (0000ms, 22990ms total)
T21C4 12526:829 JLINK_ReadReg(PRIMASK)  returns 0x00000000 (0000ms, 22990ms total)
T21C4 12526:829 JLINK_ReadReg(BASEPRI)  returns 0x00000000 (0001ms, 22991ms total)
T21C4 12526:830 JLINK_ReadReg(FAULTMASK)  returns 0x00000000 (0000ms, 22991ms total)
T21C4 12526:830 JLINK_ReadReg(CONTROL)  returns 0x00000000 (0000ms, 22991ms total)
T119C 12526:866 JLINK_IsHalted()  returns TRUE (0000ms, 22991ms total)
T21C4 12526:873 JLINK_EndDownload()  returns 0x00 (0000ms, 22991ms total)
T21C4 12526:873 JLINK_Reset() -- CPU_ReadMem(16 bytes @ 0x20000000) -- CPU_WriteMem(16 bytes @ 0x20000000) -- CPU_ReadMem(4 bytes @ 0xE000EDFC) -- CPU_WriteMem(4 bytes @ 0xE000EDFC) -- CPU_ReadMem(4 bytes @ 0xE0001000) -- CPU_WriteMem(4 bytes @ 0xE000EDFC) -- CPU_WriteMem(16 bytes @ 0x20000000) -- CPU_WriteMem(4 bytes @ 0xE0002000) -- CPU_ReadMem(4 bytes @ 0xE000EDFC) -- CPU_ReadMem(4 bytes @ 0xE0001000) (0027ms, 23018ms total)
T119C 12526:900 JLINK_IsHalted()  returns TRUE (0000ms, 23018ms total)
T119C 12526:900 JLINK_GetMOEs(...) -- CPU_ReadMem(4 bytes @ 0xE000ED30) -- CPU_WriteMem(4 bytes @ 0xE000ED30)  returns 0x01 (0002ms, 23020ms total)
T119C 12526:902 JLINK_ReadReg(R15 (PC))  returns 0x004010BC (0000ms, 23020ms total)
T21C4 12526:910 JLINK_ReadReg(R15 (PC))  returns 0x004010BC (0000ms, 23020ms total)
T21C4 12526:910 JLINK_ReadReg(R13 (SP))  returns 0x200034D8 (0000ms, 23020ms total)
T21C4 12526:934 JLINK_ReadMemHW(0x004010BC, 0x0004 Bytes, ...) -- CPU_ReadMem(4 bytes @ 0x004010BC) - Data: 80 B5 84 B0  returns 0x00 (0001ms, 23021ms total)
T21C4 12526:968 JLINK_ReadMemHW(0x00401798, 0x0001 Bytes, ...) -- CPU_ReadMem(1 bytes @ 0x00401798) - Data: 80  returns 0x00 (0001ms, 23022ms total)
T21C4 12527:010 JLINK_ReadReg(R15 (PC))  returns 0x004010BC (0000ms, 23022ms total)
T21C4 12527:010 JLINK_GetNumBPUnits(Type = 0xFFFFFF02)  returns 0x06 (0000ms, 23022ms total)
T21C4 12527:010 JLINK_SetBPEx(Addr = 0x00401798, Type = 0xFFFFFF02)  returns 0x00000001 (0000ms, 23022ms total)
T21C4 12527:010 JLINK_GetBPInfo(BPHandle = 1)  returns 0x00 (0000ms, 23022ms total)
T21C4 12527:011 JLINK_Go() -- CPU_ReadMem(4 bytes @ 0xE0001000) -- CPU_WriteMem(4 bytes @ 0xE0002008) -- CPU_WriteMem(4 bytes @ 0xE000200C) -- CPU_WriteMem(4 bytes @ 0xE0002010) -- CPU_WriteMem(4 bytes @ 0xE0002014) -- CPU_WriteMem(4 bytes @ 0xE0002018) -- CPU_WriteMem(4 bytes @ 0xE000201C) -- CPU_WriteMem(4 bytes @ 0xE0001004) (0004ms, 23026ms total)
T119C 12527:015 JLINK_IsHalted()  returns FALSE (0001ms, 23027ms total)
T119C 12527:036 JLINK_IsHalted()  returns TRUE (0004ms, 23030ms total)
T119C 12527:041 JLINK_GetMOEs(...) -- CPU_ReadMem(4 bytes @ 0xE000ED30) -- CPU_WriteMem(4 bytes @ 0xE000ED30)  returns 0x01 (0002ms, 23028ms total)
T119C 12527:043 JLINK_ReadReg(R15 (PC))  returns 0x00401798 (0000ms, 23028ms total)
T119C 12527:043 JLINK_GetBPInfo(BPHandle = 1)  returns 0x00 (0000ms, 23028ms total)
T119C 12527:043 JLINK_ClrBPEx(BPHandle = 0x00000001)  returns 0x00 (0000ms, 23028ms total)
T21C4 12527:045 JLINK_ReadReg(R15 (PC))  returns 0x00401798 (0000ms, 23028ms total)
T21C4 12527:045 JLINK_ReadReg(R13 (SP))  returns 0x200034C0 (0000ms, 23028ms total)
T21C4 12527:045 JLINK_ReadMemHW(0x00401798, 0x0004 Bytes, ...) -- CPU_ReadMem(4 bytes @ 0x00401798) - Data: 80 B5 00 AF  returns 0x00 (0001ms, 23029ms total)
T21C4 12527:058 JLINK_ReadReg(R15 (PC))  returns 0x00401798 (0000ms, 23029ms total)
T21C4 12527:059 JLINK_Go() -- CPU_ReadMem(4 bytes @ 0xE0001000) -- CPU_WriteMem(4 bytes @ 0xE0002008) (0003ms, 23032ms total)
T119C 12527:062 JLINK_IsHalted()  returns FALSE (0001ms, 23033ms total)
T119C 12527:103 JLINK_IsHalted()  returns FALSE (0001ms, 23033ms total)
T119C 12527:264 JLINK_IsHalted()  returns FALSE (0000ms, 23032ms total)
T119C 12527:904 JLINK_IsHalted()  returns FALSE (0001ms, 23033ms total)
T119C 12528:545 JLINK_IsHalted()  returns FALSE (0001ms, 23033ms total)
T119C 12529:186 JLINK_IsHalted()  returns FALSE (0001ms, 23033ms total)
T119C 12529:827 JLINK_IsHalted()  returns FALSE (0001ms, 23033ms total)
T119C 12530:468 JLINK_IsHalted()  returns FALSE (0001ms, 23033ms total)
T119C 12531:109 JLINK_IsHalted()  returns FALSE (0001ms, 23033ms total)
T119C 12531:750 JLINK_IsHalted()  returns FALSE (0001ms, 23033ms total)
T119C 12532:391 JLINK_IsHalted()  returns FALSE (0001ms, 23033ms total)
T119C 12533:032 JLINK_IsHalted()  returns FALSE (0001ms, 23033ms total)
T119C 12533:673 JLINK_IsHalted()  returns FALSE (0001ms, 23033ms total)
T119C 12534:314 JLINK_IsHalted()  returns FALSE (0001ms, 23033ms total)
T119C 12534:955 JLINK_IsHalted()  returns FALSE (0001ms, 23033ms total)
T119C 12535:596 JLINK_IsHalted()  returns FALSE (0001ms, 23033ms total)
T119C 12536:237 JLINK_IsHalted()  returns ERROR (0003ms, 23035ms total)
T119C 12536:240 JLINK_ExecCommand("ProjectFile = T:\11.02741-0\Entregas\Aula08\12-TIMER-COUNTER-COMPARE\Timer-Counter\jlink.config", ...)  returns 0x00 (0000ms, 23032ms total)
T119C 12536:277 JLINK_ExecCommand("Device = AT91SAM4SD32C", ...)Device "ATSAM4SD32C" selected.  returns 0x00 (0001ms, 23033ms total)
T119C 12536:278 JLINK_TIF_Select(JLINKARM_TIF_JTAG)  returns 0x00 (0000ms, 23033ms total)
T119C 12536:278 JLINK_GetIdData(...) ScanLen=4 NumDevices=1 aId[0]=0x4BA00477 aIrRead[0]=0 aScanLen[0]=0 aScanRead[0]=0 (0000ms, 23033ms total)
T119C 12536:278 JLINK_ConfigJTAG(IRPre = 0, DRPre = 0) (0000ms, 23033ms total)
T119C 12536:278 JLINK_SetSpeed(4000) (0001ms, 23034ms total)
T119C 12536:279 JLINK_ResetPullsRESET(OFF) (0000ms, 23034ms total)
T119C 12536:279 JLINK_Connect() >0x2F8 JTAG>TotalIRLen = 4, IRPrint = 0x01 >0x30 JTAG> >0x210 JTAG> >0x70 JTAG> >0x30 JTAG> >0x30 JTAG> >0x30 JTAG> >0x30 JTAG> >0x30 JTAG> >0x30 JTAG> >0x30 JTAG> >0x30 JTAG> >0x30 JTAG> >0x30 JTAG> >0x30 JTAG> >0x30 JTAG> >0x30 JTAG> >0x30 JTAG> >0x30 JTAG> >0x30 JTAG> >0x30 JTAG> >0x30 JTAG> >0x30 JTAG> >0x30 JTAG> >0x30 JTAG> >0x30 JTAG> >0x30 JTAG> >0x30 JTAG> >0x30 JTAG> >0x30 JTAG> >0x30 JTAG> >0x30 JTAG> >0x30 JTAG> >0x30 JTAG> >0x30 JTAG> >0x30 JTAG> >0x30 JTAG>
 >0x30 JTAG> >0x30 JTAG> >0x30 JTAG> >0x30 JTAG> >0x30 JTAG> >0x30 JTAG> >0x30 JTAG> >0x30 JTAG> >0x30 JTAG> >0x30 JTAG> >0x30 JTAG> >0x30 JTAG> >0x30 JTAG> >0x30 JTAG> >0x30 JTAG> >0x30 JTAG> >0x30 JTAG> >0x30 JTAG> >0x30 JTAG> >0x30 JTAG> >0x30 JTAG> >0x30 JTAG> >0x30 JTAG> >0x30 JTAG> >0x30 JTAG> >0x30 JTAG> >0x30 JTAG> >0x30 JTAG> >0x30 JTAG> >0x30 JTAG> >0x30 JTAG> >0x30 JTAG> >0x30 JTAG> >0x30 JTAG> >0x30 JTAG> >0x30 JTAG> >0x30 JTAG> >0x30 JTAG> >0x30 JTAG> >0x30 JTAG> >0x30 JTAG> >0x30 JTAG>
 >0x30 JTAG> >0x30 JTAG> >0x30 JTAG> >0x30 JTAG> >0x30 JTAG> >0x30 JTAG> >0x30 JTAG> >0x30 JTAG> >0x30 JTAG> >0x30 JTAG> >0x30 JTAG> >0x30 JTAG> >0x30 JTAG> >0x30 JTAG> >0x30 JTAG> >0x30 JTAG> >0x30 JTAG> >0x30 JTAG> >0x30 JTAG> >0x30 JTAG> >0x30 JTAG> >0x30 JTAG> >0x40 JTAG> >0x40 JTAG> >0x40 JTAG> >0x48 JTAG> >0x78 JTAG> >0x40 JTAG> >0x30 JTAG> >0x40 JTAG> >0x40 JTAG> >0x30 JTAG> >0x40 JTAG> >0x48 JTAG>Found Cortex-M4 r0p1, Little endian. -- CPU_WriteMem(4 bytes @ 0xE0002000)
 -- CPU_ReadMem(4 bytes @ 0xE000EDF0) -- CPU_ReadMem(4 bytes @ 0xE0002000)FPUnit: 6 code (BP) slots and 2 literal slots -- CPU_ReadMem(4 bytes @ 0xE000EDFC) -- CPU_ReadMem(4 bytes @ 0xE0001000) -- CPU_WriteMem(4 bytes @ 0xE0001000) -- CPU_ReadMem(4 bytes @ 0xE000ED88) -- CPU_WriteMem(4 bytes @ 0xE000ED88) -- CPU_ReadMem(4 bytes @ 0xE000ED88) -- CPU_WriteMem(4 bytes @ 0xE000ED88)CoreSight components:ROMTbl 0 @ E00FF000 -- CPU_ReadMem(16 bytes @ 0xE00FF000) -- CPU_ReadMem(16 bytes @ 0xE000EFF0)
 -- CPU_ReadMem(16 bytes @ 0xE000EFE0)ROMTbl 0 [0]: FFF0F000, CID: B105E00D, PID: 000BB000 SCS -- CPU_ReadMem(16 bytes @ 0xE0001FF0) -- CPU_ReadMem(16 bytes @ 0xE0001FE0)ROMTbl 0 [1]: FFF02000, CID: B105E00D, PID: 003BB002 DWT -- CPU_ReadMem(16 bytes @ 0xE0002FF0) -- CPU_ReadMem(16 bytes @ 0xE0002FE0)ROMTbl 0 [2]: FFF03000, CID: B105E00D, PID: 002BB003 FPB -- CPU_ReadMem(16 bytes @ 0xE0000FF0) -- CPU_ReadMem(16 bytes @ 0xE0000FE0)ROMTbl 0 [3]: FFF01000, CID: B105E00D, PID: 003BB001 ITM
 -- CPU_ReadMem(16 bytes @ 0xE00FF010) -- CPU_ReadMem(16 bytes @ 0xE0040FF0) -- CPU_ReadMem(16 bytes @ 0xE0040FE0)ROMTbl 0 [4]: FFF41000, CID: B105900D, PID: 000BB9A1 TPIU  returns 0x00 (0085ms, 23119ms total)
T119C 12536:364 JLINK_WriteMem(0xE0001020, 0x0004 Bytes, ...) - Data: 00 00 00 00 -- CPU is running -- CPU_WriteMem(4 bytes @ 0xE0001020)  returns 0x04 (0002ms, 23121ms total)
T119C 12536:366 JLINK_WriteMem(0xE0001024, 0x0004 Bytes, ...) - Data: 00 00 00 00 -- CPU is running -- CPU_WriteMem(4 bytes @ 0xE0001024)  returns 0x04 (0001ms, 23122ms total)
T119C 12536:367 JLINK_WriteMem(0xE0001028, 0x0004 Bytes, ...) - Data: 00 00 00 00 -- CPU is running -- CPU_WriteMem(4 bytes @ 0xE0001028)  returns 0x04 (0001ms, 23123ms total)
T119C 12536:368 JLINK_WriteMem(0xE0001030, 0x0004 Bytes, ...) - Data: 00 00 00 00 -- CPU is running -- CPU_WriteMem(4 bytes @ 0xE0001030)  returns 0x04 (0001ms, 23124ms total)
T119C 12536:369 JLINK_WriteMem(0xE0001034, 0x0004 Bytes, ...) - Data: 00 00 00 00 -- CPU is running -- CPU_WriteMem(4 bytes @ 0xE0001034)  returns 0x04 (0001ms, 23125ms total)
T119C 12536:370 JLINK_WriteMem(0xE0001038, 0x0004 Bytes, ...) - Data: 00 00 00 00 -- CPU is running -- CPU_WriteMem(4 bytes @ 0xE0001038)  returns 0x04 (0001ms, 23126ms total)
T119C 12536:371 JLINK_WriteMem(0xE0001040, 0x0004 Bytes, ...) - Data: 00 00 00 00 -- CPU is running -- CPU_WriteMem(4 bytes @ 0xE0001040)  returns 0x04 (0000ms, 23126ms total)
T119C 12536:372 JLINK_WriteMem(0xE0001044, 0x0004 Bytes, ...) - Data: 00 00 00 00 -- CPU is running -- CPU_WriteMem(4 bytes @ 0xE0001044)  returns 0x04 (0001ms, 23128ms total)
T119C 12536:373 JLINK_WriteMem(0xE0001048, 0x0004 Bytes, ...) - Data: 00 00 00 00 -- CPU is running -- CPU_WriteMem(4 bytes @ 0xE0001048)  returns 0x04 (0001ms, 23129ms total)
T119C 12536:374 JLINK_WriteMem(0xE0001050, 0x0004 Bytes, ...) - Data: 00 00 00 00 -- CPU is running -- CPU_WriteMem(4 bytes @ 0xE0001050)  returns 0x04 (0000ms, 23129ms total)
T119C 12536:375 JLINK_WriteMem(0xE0001054, 0x0004 Bytes, ...) - Data: 00 00 00 00 -- CPU is running -- CPU_WriteMem(4 bytes @ 0xE0001054)  returns 0x04 (0000ms, 23130ms total)
T119C 12536:375 JLINK_WriteMem(0xE0001058, 0x0004 Bytes, ...) - Data: 00 00 00 00 -- CPU is running -- CPU_WriteMem(4 bytes @ 0xE0001058)  returns 0x04 (0001ms, 23131ms total)
T119C 12536:376 JLINK_Go()
  ***** Error: CPU is not halted (0001ms, 23132ms total)
T119C 12537:017 JLINK_IsHalted()  returns FALSE (0001ms, 23133ms total)
T119C 12537:658 JLINK_IsHalted()  returns FALSE (0001ms, 23133ms total)
T119C 12538:300 JLINK_IsHalted()  returns FALSE (0001ms, 23133ms total)
T119C 12538:941 JLINK_IsHalted()  returns FALSE (0001ms, 23133ms total)
T119C 12539:582 JLINK_IsHalted()  returns FALSE (0001ms, 23133ms total)
T119C 12540:223 JLINK_IsHalted()  returns FALSE (0000ms, 23132ms total)
T119C 12540:893 JLINK_IsHalted()  returns FALSE (0011ms, 23143ms total)
T119C 12541:544 JLINK_IsHalted()  returns FALSE (0000ms, 23132ms total)
T119C 12542:184 JLINK_IsHalted()  returns FALSE (0001ms, 23133ms total)
T119C 12542:825 JLINK_IsHalted()  returns FALSE (0000ms, 23132ms total)
T119C 12543:465 JLINK_IsHalted()  returns FALSE (0001ms, 23133ms total)
T119C 12544:106 JLINK_IsHalted()  returns FALSE (0001ms, 23133ms total)
T119C 12544:747 JLINK_IsHalted()  returns FALSE (0001ms, 23133ms total)
T119C 12545:388 JLINK_IsHalted()  returns FALSE (0001ms, 23133ms total)
T119C 12546:029 JLINK_IsHalted()  returns FALSE (0001ms, 23133ms total)
T119C 12546:670 JLINK_IsHalted()  returns FALSE (0001ms, 23133ms total)
T119C 12547:319 JLINK_IsHalted()  returns FALSE (0015ms, 23147ms total)
T119C 12547:974 JLINK_IsHalted()  returns FALSE (0001ms, 23133ms total)
T119C 12548:615 JLINK_IsHalted()  returns FALSE (0001ms, 23133ms total)
T119C 12549:256 JLINK_IsHalted()  returns FALSE (0001ms, 23133ms total)
T119C 12549:897 JLINK_IsHalted()  returns FALSE (0001ms, 23133ms total)
T119C 12550:538 JLINK_IsHalted()  returns FALSE (0001ms, 23133ms total)
T119C 12551:179 JLINK_IsHalted()  returns FALSE (0001ms, 23133ms total)
T119C 12551:820 JLINK_IsHalted()  returns FALSE (0001ms, 23133ms total)
T119C 12552:461 JLINK_IsHalted()  returns FALSE (0001ms, 23133ms total)
T119C 12553:102 JLINK_IsHalted()  returns FALSE (0001ms, 23133ms total)
T119C 12553:743 JLINK_IsHalted()  returns FALSE (0001ms, 23133ms total)
T119C 12554:384 JLINK_IsHalted()  returns FALSE (0001ms, 23133ms total)
T119C 12555:025 JLINK_IsHalted()  returns FALSE (0002ms, 23134ms total)
T119C 12555:668 JLINK_IsHalted()  returns FALSE (0001ms, 23133ms total)
T119C 12556:309 JLINK_IsHalted()  returns FALSE (0001ms, 23133ms total)
T119C 12556:950 JLINK_IsHalted()  returns FALSE (0001ms, 23133ms total)
T119C 12557:591 JLINK_IsHalted()  returns FALSE (0001ms, 23133ms total)
T119C 12558:232 JLINK_IsHalted()  returns FALSE (0001ms, 23133ms total)
T119C 12558:873 JLINK_IsHalted()  returns FALSE (0001ms, 23133ms total)
T119C 12559:514 JLINK_IsHalted()  returns FALSE (0001ms, 23133ms total)
T119C 12560:155 JLINK_IsHalted()  returns FALSE (0001ms, 23133ms total)
T119C 12560:796 JLINK_IsHalted()  returns FALSE (0001ms, 23133ms total)
T119C 12561:437 JLINK_IsHalted()  returns FALSE (0001ms, 23133ms total)
T119C 12562:078 JLINK_IsHalted()  returns FALSE (0001ms, 23133ms total)
T119C 12562:719 JLINK_IsHalted()  returns FALSE (0001ms, 23133ms total)
T119C 12563:360 JLINK_IsHalted()  returns FALSE (0001ms, 23133ms total)
T119C 12564:001 JLINK_IsHalted()  returns FALSE (0001ms, 23133ms total)
T119C 12564:642 JLINK_IsHalted()  returns FALSE (0001ms, 23133ms total)
T119C 12565:283 JLINK_IsHalted()  returns FALSE (0001ms, 23133ms total)
T119C 12565:924 JLINK_IsHalted()  returns FALSE (0001ms, 23133ms total)
T119C 12566:565 JLINK_IsHalted()  returns FALSE (0001ms, 23133ms total)
T119C 12567:206 JLINK_IsHalted()  returns FALSE (0001ms, 23133ms total)
T119C 12567:847 JLINK_IsHalted()  returns FALSE (0001ms, 23133ms total)
T119C 12568:488 JLINK_IsHalted()  returns FALSE (0001ms, 23133ms total)
T119C 12569:129 JLINK_IsHalted()  returns FALSE (0001ms, 23133ms total)
T119C 12569:770 JLINK_IsHalted()  returns FALSE (0001ms, 23133ms total)
T119C 12570:411 JLINK_IsHalted()  returns FALSE (0001ms, 23133ms total)
T119C 12571:052 JLINK_IsHalted()  returns FALSE (0001ms, 23133ms total)
T119C 12571:693 JLINK_IsHalted()  returns FALSE (0001ms, 23133ms total)
T119C 12572:334 JLINK_IsHalted()  returns FALSE (0001ms, 23133ms total)
T119C 12572:976 JLINK_IsHalted()  returns FALSE (0001ms, 23133ms total)
T119C 12573:617 JLINK_IsHalted()  returns FALSE (0001ms, 23133ms total)
T119C 12574:258 JLINK_IsHalted()  returns FALSE (0001ms, 23133ms total)
T119C 12574:899 JLINK_IsHalted()  returns FALSE (0001ms, 23133ms total)
T119C 12575:540 JLINK_IsHalted()  returns FALSE (0001ms, 23133ms total)
T119C 12576:181 JLINK_IsHalted()  returns FALSE (0001ms, 23133ms total)
T119C 12576:822 JLINK_IsHalted()  returns FALSE (0001ms, 23133ms total)
T119C 12577:463 JLINK_IsHalted()  returns FALSE (0001ms, 23133ms total)
T119C 12578:104 JLINK_IsHalted()  returns FALSE (0001ms, 23133ms total)
T119C 12578:745 JLINK_IsHalted()  returns FALSE (0001ms, 23133ms total)
T119C 12579:386 JLINK_IsHalted()  returns FALSE (0001ms, 23133ms total)
T119C 12580:027 JLINK_IsHalted()  returns FALSE (0001ms, 23133ms total)
T119C 12580:668 JLINK_IsHalted()  returns FALSE (0001ms, 23133ms total)
T119C 12581:309 JLINK_IsHalted()  returns FALSE (0001ms, 23133ms total)
T119C 12581:950 JLINK_IsHalted()  returns FALSE (0001ms, 23133ms total)
T119C 12582:591 JLINK_IsHalted()  returns FALSE (0001ms, 23133ms total)
T119C 12583:232 JLINK_IsHalted()  returns FALSE (0001ms, 23133ms total)
T119C 12583:873 JLINK_IsHalted()  returns FALSE (0001ms, 23133ms total)
T119C 12584:514 JLINK_IsHalted()  returns FALSE (0001ms, 23133ms total)
T119C 12585:155 JLINK_IsHalted()  returns FALSE (0001ms, 23133ms total)
T119C 12585:796 JLINK_IsHalted()  returns FALSE (0002ms, 23134ms total)
T119C 12586:438 JLINK_IsHalted()  returns FALSE (0001ms, 23133ms total)
T119C 12587:079 JLINK_IsHalted()  returns FALSE (0002ms, 23134ms total)
T119C 12587:721 JLINK_IsHalted()  returns FALSE (0001ms, 23133ms total)
T119C 12588:362 JLINK_IsHalted()  returns FALSE (0001ms, 23133ms total)
T119C 12589:003 JLINK_IsHalted()  returns FALSE (0001ms, 23133ms total)
T119C 12589:644 JLINK_IsHalted()  returns FALSE (0001ms, 23133ms total)
T119C 12590:285 JLINK_IsHalted()  returns FALSE (0001ms, 23133ms total)
T119C 12590:927 JLINK_IsHalted()  returns FALSE (0001ms, 23133ms total)
T21C4 12591:025 JLINK_Halt()  returns 0x00 (0004ms, 23136ms total)
T119C 12591:568 JLINK_IsHalted()  returns TRUE (0001ms, 23137ms total)
T119C 12591:569 JLINK_GetMOEs(...) -- CPU_ReadMem(4 bytes @ 0xE000ED30) -- CPU_WriteMem(4 bytes @ 0xE000ED30)  returns 0x01 (0002ms, 23138ms total)
T119C 12591:571 JLINK_ReadReg(R15 (PC))  returns 0x00400C1A (0000ms, 23138ms total)
T1470 12591:573 JLINK_ResetPullsRESET(ON) (0000ms, 23138ms total)
T1470 12591:573 JLINK_ResetNoHalt() >0x2F8 JTAG>TotalIRLen = 4, IRPrint = 0x01 >0x30 JTAG> >0x210 JTAG> >0x70 JTAG> >0x40 JTAG> >0x40 JTAG> >0x40 JTAG> >0x48 JTAG> >0x78 JTAG> >0x40 JTAG> >0x30 JTAG> >0x40 JTAG> >0x40 JTAG> >0x30 JTAG> >0x40 JTAG> >0x48 JTAG>Found Cortex-M4 r0p1, Little endian. -- CPU_WriteMem(4 bytes @ 0xE0002000) -- CPU_ReadMem(4 bytes @ 0xE000EDF0) -- CPU_ReadMem(4 bytes @ 0xE0002000)FPUnit: 6 code (BP) slots and 2 literal slots -- CPU_ReadMem(4 bytes @ 0xE000EDFC)
 -- CPU_ReadMem(4 bytes @ 0xE0001000) -- CPU_ReadMem(4 bytes @ 0xE000ED88) -- CPU_WriteMem(4 bytes @ 0xE000ED88) -- CPU_ReadMem(4 bytes @ 0xE000ED88) -- CPU_WriteMem(4 bytes @ 0xE000ED88)CoreSight components:ROMTbl 0 @ E00FF000 -- CPU_ReadMem(16 bytes @ 0xE00FF000) -- CPU_ReadMem(16 bytes @ 0xE000EFF0) -- CPU_ReadMem(16 bytes @ 0xE000EFE0)ROMTbl 0 [0]: FFF0F000, CID: B105E00D, PID: 000BB000 SCS -- CPU_WriteMem(4 bytes @ 0xE0001000) -- CPU_ReadMem(16 bytes @ 0xE0001FF0)
 -- CPU_ReadMem(16 bytes @ 0xE0001FE0)ROMTbl 0 [1]: FFF02000, CID: B105E00D, PID: 003BB002 DWT -- CPU_ReadMem(16 bytes @ 0xE0002FF0) -- CPU_ReadMem(16 bytes @ 0xE0002FE0)ROMTbl 0 [2]: FFF03000, CID: B105E00D, PID: 002BB003 FPB -- CPU_ReadMem(16 bytes @ 0xE0000FF0) -- CPU_ReadMem(16 bytes @ 0xE0000FE0)ROMTbl 0 [3]: FFF01000, CID: B105E00D, PID: 003BB001 ITM -- CPU_ReadMem(16 bytes @ 0xE00FF010) -- CPU_ReadMem(16 bytes @ 0xE0040FF0) -- CPU_ReadMem(16 bytes @ 0xE0040FE0)
ROMTbl 0 [4]: FFF41000, CID: B105900D, PID: 000BB9A1 TPIU
                JLINK_Reset() -- CPU_ReadMem(16 bytes @ 0x20000000) -- CPU_WriteMem(16 bytes @ 0x20000000) -- CPU_ReadMem(4 bytes @ 0xE000EDFC) -- CPU_WriteMem(4 bytes @ 0xE000EDFC) -- CPU_ReadMem(4 bytes @ 0xE0001000) -- CPU_WriteMem(4 bytes @ 0xE000EDFC) -- CPU_WriteMem(16 bytes @ 0x20000000) -- CPU_WriteMem(4 bytes @ 0xE0002000) -- CPU_ReadMem(4 bytes @ 0xE000EDFC) -- CPU_ReadMem(4 bytes @ 0xE0001000) (0029ms, 0029ms total)
                JLINK_Go() -- CPU_ReadMem(4 bytes @ 0xE0001000) -- CPU_WriteMem(4 bytes @ 0xE0002008) -- CPU_WriteMem(4 bytes @ 0xE000200C) -- CPU_WriteMem(4 bytes @ 0xE0002010) -- CPU_WriteMem(4 bytes @ 0xE0002014) -- CPU_WriteMem(4 bytes @ 0xE0002018) -- CPU_WriteMem(4 bytes @ 0xE000201C) -- CPU_WriteMem(4 bytes @ 0xE0001004) (0005ms, 0034ms total)
               (0067ms, 23205ms total)
T1470 12591:649 JLINK_Close() -- CPU is running -- CPU_WriteMem(4 bytes @ 0xE0002008) -- CPU is running -- CPU_WriteMem(4 bytes @ 0xE000200C) -- CPU is running -- CPU_WriteMem(4 bytes @ 0xE0002010) -- CPU is running -- CPU_WriteMem(4 bytes @ 0xE0002014) -- CPU is running -- CPU_WriteMem(4 bytes @ 0xE0002018) -- CPU is running -- CPU_WriteMem(4 bytes @ 0xE000201C) >0x78 JTAG> >0x08 JTAG> (0008ms, 23213ms total)
T1470 12591:649  (0008ms, 23213ms total)
T1470 12591:649 Closed (0008ms, 23213ms total)
