T1E6C 5934:932 SEGGER J-Link V4.98e Log File (0000ms, 14351ms total)
T1E6C 5934:932 DLL Compiled: May  5 2015 11:00:52 (0000ms, 14351ms total)
T1E6C 5934:932 Logging started @ 2016-05-05 22:23 (0000ms, 14351ms total)
T1E6C 5934:970 JLINK_ExecCommand("Device = AT91SAM4SD32C", ...)Device "ATSAM4SD32C" selected.  returns 0x00 (0001ms, 14352ms total)
T1E6C 5935:061 JLINK_ExecCommand("ProjectFile = T:\11.02741-0\Entregas\Aula07\11 - INTERRUPCAO_PIO\jlink.config", ...)  returns 0x00 (0000ms, 14352ms total)
T1E6C 5935:079 JLINK_ExecCommand("Device = AT91SAM4SD32C", ...)Device "ATSAM4SD32C" selected.  returns 0x00 (0002ms, 14354ms total)
T1E6C 5935:081 JLINK_TIF_Select(JLINKARM_TIF_JTAG)  returns 0x00 (0005ms, 14359ms total)
T1E6C 5935:086 JLINK_GetIdData(...) >0x2F8 JTAG>TotalIRLen = 4, IRPrint = 0x01 >0x30 JTAG> >0x210 JTAG> >0x70 JTAG> >0x40 JTAG> >0x40 JTAG> >0x40 JTAG> >0x48 JTAG> >0x78 JTAG> >0x40 JTAG> >0x30 JTAG> >0x40 JTAG> >0x40 JTAG> >0x30 JTAG> >0x40 JTAG> >0x48 JTAG>Found Cortex-M4 r0p1, Little endian. -- CPU_WriteMem(4 bytes @ 0xE0002000) -- CPU_ReadMem(4 bytes @ 0xE000EDF0) -- CPU_ReadMem(4 bytes @ 0xE0002000)FPUnit: 6 code (BP) slots and 2 literal slots -- CPU_ReadMem(4 bytes @ 0xE000EDFC)
 -- CPU_ReadMem(4 bytes @ 0xE0001000) -- CPU_WriteMem(4 bytes @ 0xE0001000) -- CPU_ReadMem(4 bytes @ 0xE000ED88) -- CPU_WriteMem(4 bytes @ 0xE000ED88) -- CPU_ReadMem(4 bytes @ 0xE000ED88) -- CPU_WriteMem(4 bytes @ 0xE000ED88)CoreSight components:ROMTbl 0 @ E00FF000 -- CPU_ReadMem(16 bytes @ 0xE00FF000) -- CPU_ReadMem(16 bytes @ 0xE000EFF0) -- CPU_ReadMem(16 bytes @ 0xE000EFE0)ROMTbl 0 [0]: FFF0F000, CID: B105E00D, PID: 000BB000 SCS -- CPU_ReadMem(16 bytes @ 0xE0001FF0)
 -- CPU_ReadMem(16 bytes @ 0xE0001FE0)ROMTbl 0 [1]: FFF02000, CID: B105E00D, PID: 003BB002 DWT -- CPU_ReadMem(16 bytes @ 0xE0002FF0) -- CPU_ReadMem(16 bytes @ 0xE0002FE0)ROMTbl 0 [2]: FFF03000, CID: B105E00D, PID: 002BB003 FPB -- CPU_ReadMem(16 bytes @ 0xE0000FF0) -- CPU_ReadMem(16 bytes @ 0xE0000FE0)ROMTbl 0 [3]: FFF01000, CID: B105E00D, PID: 003BB001 ITM -- CPU_ReadMem(16 bytes @ 0xE00FF010) -- CPU_ReadMem(16 bytes @ 0xE0040FF0) -- CPU_ReadMem(16 bytes @ 0xE0040FE0)
ROMTbl 0 [4]: FFF41000, CID: B105900D, PID: 000BB9A1 TPIU ScanLen=4 NumDevices=1 aId[0]=0x4BA00477 aIrRead[0]=0 aScanLen[0]=0 aScanRead[0]=0 (0051ms, 14410ms total)
T1E6C 5935:137 JLINK_ConfigJTAG(IRPre = 0, DRPre = 0) (0000ms, 14410ms total)
T1E6C 5935:137 JLINK_SetSpeed(1000) (0000ms, 14410ms total)
T1E6C 5935:137 JLINK_ResetPullsRESET(OFF) (0000ms, 14410ms total)
T1E6C 5935:137 JLINK_Connect() >0x2F8 JTAG>TotalIRLen = 4, IRPrint = 0x01 >0x30 JTAG> >0x210 JTAG> >0x70 JTAG> >0x40 JTAG> >0x40 JTAG> >0x40 JTAG> >0x48 JTAG> >0x78 JTAG> >0x40 JTAG> >0x30 JTAG> >0x40 JTAG> >0x40 JTAG> >0x30 JTAG> >0x40 JTAG> >0x48 JTAG>Found Cortex-M4 r0p1, Little endian. -- CPU_WriteMem(4 bytes @ 0xE0002000) -- CPU_ReadMem(4 bytes @ 0xE000EDF0) -- CPU_ReadMem(4 bytes @ 0xE0002000)FPUnit: 6 code (BP) slots and 2 literal slots -- CPU_ReadMem(4 bytes @ 0xE000EDFC)
 -- CPU_ReadMem(4 bytes @ 0xE0001000) -- CPU_WriteMem(4 bytes @ 0xE0001000) -- CPU_ReadMem(4 bytes @ 0xE000ED88) -- CPU_WriteMem(4 bytes @ 0xE000ED88) -- CPU_ReadMem(4 bytes @ 0xE000ED88) -- CPU_WriteMem(4 bytes @ 0xE000ED88)CoreSight components:ROMTbl 0 @ E00FF000 -- CPU_ReadMem(16 bytes @ 0xE00FF000) -- CPU_ReadMem(16 bytes @ 0xE000EFF0) -- CPU_ReadMem(16 bytes @ 0xE000EFE0)ROMTbl 0 [0]: FFF0F000, CID: B105E00D, PID: 000BB000 SCS -- CPU_ReadMem(16 bytes @ 0xE0001FF0)
 -- CPU_ReadMem(16 bytes @ 0xE0001FE0)ROMTbl 0 [1]: FFF02000, CID: B105E00D, PID: 003BB002 DWT -- CPU_ReadMem(16 bytes @ 0xE0002FF0) -- CPU_ReadMem(16 bytes @ 0xE0002FE0)ROMTbl 0 [2]: FFF03000, CID: B105E00D, PID: 002BB003 FPB -- CPU_ReadMem(16 bytes @ 0xE0000FF0) -- CPU_ReadMem(16 bytes @ 0xE0000FE0)ROMTbl 0 [3]: FFF01000, CID: B105E00D, PID: 003BB001 ITM -- CPU_ReadMem(16 bytes @ 0xE00FF010) -- CPU_ReadMem(16 bytes @ 0xE0040FF0) -- CPU_ReadMem(16 bytes @ 0xE0040FE0)
ROMTbl 0 [4]: FFF41000, CID: B105900D, PID: 000BB9A1 TPIU  returns 0x00 (0041ms, 14451ms total)
T1E6C 5935:178 JLINK_GetDebugInfo(0x100) -- Value=0xE00FF003  returns 0x00 (0000ms, 14451ms total)
T1E6C 5935:178 JLINK_ReadMem (0xE00FFFF0, 0x0010 Bytes, ...) -- CPU is running -- CPU_ReadMem(16 bytes @ 0xE00FFFF0) - Data: 0D 00 00 00 10 00 00 00 05 00 00 00 B1 00 00 00  returns 0x00 (0003ms, 14454ms total)
T1E6C 5935:181 JLINK_ReadMem (0xE00FFFD0, 0x0020 Bytes, ...) -- CPU is running -- CPU_ReadMem(32 bytes @ 0xE00FFFD0) - Data: 04 00 00 00 00 00 00 00 00 00 00 00 00 00 00 00 ...  returns 0x00 (0001ms, 14455ms total)
T1E6C 5935:182 JLINK_ReadMemU32(0xE00FF000, 0x0001 Items, ...) -- CPU is running -- CPU_ReadMem(4 bytes @ 0xE00FF000) - Data: 03 F0 F0 FF  returns 0x01 (0002ms, 14457ms total)
T1E6C 5935:184 JLINK_ReadMem (0xE000EFF0, 0x0010 Bytes, ...) -- CPU is running -- CPU_ReadMem(16 bytes @ 0xE000EFF0) - Data: 0D 00 00 00 E0 00 00 00 05 00 00 00 B1 00 00 00  returns 0x00 (0001ms, 14458ms total)
T1E6C 5935:185 JLINK_ReadMem (0xE000EFD0, 0x0020 Bytes, ...) -- CPU is running -- CPU_ReadMem(32 bytes @ 0xE000EFD0) - Data: 04 00 00 00 00 00 00 00 00 00 00 00 00 00 00 00 ...  returns 0x00 (0002ms, 14460ms total)
T1E6C 5935:187 JLINK_ReadMemU32(0xE00FF004, 0x0001 Items, ...) -- CPU is running -- CPU_ReadMem(4 bytes @ 0xE00FF004) - Data: 03 20 F0 FF  returns 0x01 (0001ms, 14461ms total)
T1E6C 5935:188 JLINK_ReadMem (0xE0001FF0, 0x0010 Bytes, ...) -- CPU is running -- CPU_ReadMem(16 bytes @ 0xE0001FF0) - Data: 0D 00 00 00 E0 00 00 00 05 00 00 00 B1 00 00 00  returns 0x00 (0001ms, 14462ms total)
T1E6C 5935:189 JLINK_ReadMem (0xE0001FD0, 0x0020 Bytes, ...) -- CPU is running -- CPU_ReadMem(32 bytes @ 0xE0001FD0) - Data: 04 00 00 00 00 00 00 00 00 00 00 00 00 00 00 00 ...  returns 0x00 (0001ms, 14463ms total)
T1E6C 5935:190 JLINK_ReadMemU32(0xE00FF008, 0x0001 Items, ...) -- CPU is running -- CPU_ReadMem(4 bytes @ 0xE00FF008) - Data: 03 30 F0 FF  returns 0x01 (0001ms, 14464ms total)
T1E6C 5935:191 JLINK_ReadMem (0xE0002FF0, 0x0010 Bytes, ...) -- CPU is running -- CPU_ReadMem(16 bytes @ 0xE0002FF0) - Data: 0D 00 00 00 E0 00 00 00 05 00 00 00 B1 00 00 00  returns 0x00 (0002ms, 14466ms total)
T1E6C 5935:193 JLINK_ReadMem (0xE0002FD0, 0x0020 Bytes, ...) -- CPU is running -- CPU_ReadMem(32 bytes @ 0xE0002FD0) - Data: 04 00 00 00 00 00 00 00 00 00 00 00 00 00 00 00 ...  returns 0x00 (0001ms, 14467ms total)
T1E6C 5935:194 JLINK_ReadMemU32(0xE00FF00C, 0x0001 Items, ...) -- CPU is running -- CPU_ReadMem(4 bytes @ 0xE00FF00C) - Data: 03 10 F0 FF  returns 0x01 (0001ms, 14468ms total)
T1E6C 5935:195 JLINK_ReadMem (0xE0000FF0, 0x0010 Bytes, ...) -- CPU is running -- CPU_ReadMem(16 bytes @ 0xE0000FF0) - Data: 0D 00 00 00 E0 00 00 00 05 00 00 00 B1 00 00 00  returns 0x00 (0003ms, 14471ms total)
T1E6C 5935:198 JLINK_ReadMem (0xE0000FD0, 0x0020 Bytes, ...) -- CPU is running -- CPU_ReadMem(32 bytes @ 0xE0000FD0) - Data: 04 00 00 00 00 00 00 00 00 00 00 00 00 00 00 00 ...  returns 0x00 (0002ms, 14473ms total)
T1E6C 5935:200 JLINK_ReadMemU32(0xE00FF010, 0x0001 Items, ...) -- CPU is running -- CPU_ReadMem(4 bytes @ 0xE00FF010) - Data: 03 10 F4 FF  returns 0x01 (0001ms, 14474ms total)
T1E6C 5935:201 JLINK_ReadMem (0xE0040FF0, 0x0010 Bytes, ...) -- CPU is running -- CPU_ReadMem(16 bytes @ 0xE0040FF0) - Data: 0D 00 00 00 90 00 00 00 05 00 00 00 B1 00 00 00  returns 0x00 (0001ms, 14475ms total)
T1E6C 5935:202 JLINK_ReadMem (0xE0040FD0, 0x0020 Bytes, ...) -- CPU is running -- CPU_ReadMem(32 bytes @ 0xE0040FD0) - Data: 04 00 00 00 00 00 00 00 00 00 00 00 00 00 00 00 ...  returns 0x00 (0002ms, 14477ms total)
T1E6C 5935:204 JLINK_ReadMemU32(0xE00FF014, 0x0001 Items, ...) -- CPU is running -- CPU_ReadMem(4 bytes @ 0xE00FF014) - Data: 02 20 F4 FF  returns 0x01 (0001ms, 14478ms total)
T1E6C 5935:205 JLINK_ReadMemU32(0xE00FF018, 0x0001 Items, ...) -- CPU is running -- CPU_ReadMem(4 bytes @ 0xE00FF018) - Data: 00 00 00 00  returns 0x01 (0001ms, 14479ms total)
T1E6C 5935:206 JLINK_ReadMem (0xE0001000, 0x0004 Bytes, ...) -- CPU is running -- CPU_ReadMem(4 bytes @ 0xE0001000) - Data: 01 00 00 40  returns 0x00 (0001ms, 14480ms total)
T1E6C 5935:207 JLINK_ReadMem (0xE0001000, 0x0004 Bytes, ...) -- CPU is running -- CPU_ReadMem(4 bytes @ 0xE0001000) - Data: 01 00 00 40  returns 0x00 (0001ms, 14481ms total)
T1E6C 5935:208 JLINK_ReadMem (0xE0001028, 0x0004 Bytes, ...) -- CPU is running -- CPU_ReadMem(4 bytes @ 0xE0001028) - Data: 00 00 00 00  returns 0x00 (0002ms, 14483ms total)
T1E6C 5935:210 JLINK_WriteMem(0xE0001028, 0x0004 Bytes, ...) - Data: 00 01 00 00 -- CPU is running -- CPU_WriteMem(4 bytes @ 0xE0001028)  returns 0x04 (0001ms, 14484ms total)
T1E6C 5935:211 JLINK_ReadMem (0xE0001028, 0x0004 Bytes, ...) -- CPU is running -- CPU_ReadMem(4 bytes @ 0xE0001028) - Data: 00 00 00 00  returns 0x00 (0001ms, 14485ms total)
T1E6C 5935:212 JLINK_ReadMem (0xE0001038, 0x0004 Bytes, ...) -- CPU is running -- CPU_ReadMem(4 bytes @ 0xE0001038) - Data: 00 02 00 00  returns 0x00 (0002ms, 14487ms total)
T1E6C 5935:214 JLINK_WriteMem(0xE0001038, 0x0004 Bytes, ...) - Data: 00 03 00 00 -- CPU is running -- CPU_WriteMem(4 bytes @ 0xE0001038)  returns 0x04 (0002ms, 14489ms total)
T1E6C 5935:216 JLINK_ReadMem (0xE0001038, 0x0004 Bytes, ...) -- CPU is running -- CPU_ReadMem(4 bytes @ 0xE0001038) - Data: 00 03 00 00  returns 0x00 (0001ms, 14490ms total)
T1E6C 5935:217 JLINK_ReadMem (0xE0001048, 0x0004 Bytes, ...) -- CPU is running -- CPU_ReadMem(4 bytes @ 0xE0001048) - Data: 00 00 00 00  returns 0x00 (0002ms, 14492ms total)
T1E6C 5935:219 JLINK_WriteMem(0xE0001048, 0x0004 Bytes, ...) - Data: 00 01 00 00 -- CPU is running -- CPU_WriteMem(4 bytes @ 0xE0001048)  returns 0x04 (0001ms, 14493ms total)
T1E6C 5935:220 JLINK_ReadMem (0xE0001048, 0x0004 Bytes, ...) -- CPU is running -- CPU_ReadMem(4 bytes @ 0xE0001048) - Data: 00 00 00 00  returns 0x00 (0001ms, 14494ms total)
T1E6C 5935:221 JLINK_ReadMem (0xE0001058, 0x0004 Bytes, ...) -- CPU is running -- CPU_ReadMem(4 bytes @ 0xE0001058) - Data: 00 00 00 00  returns 0x00 (0001ms, 14495ms total)
T1E6C 5935:222 JLINK_WriteMem(0xE0001058, 0x0004 Bytes, ...) - Data: 00 01 00 00 -- CPU is running -- CPU_WriteMem(4 bytes @ 0xE0001058)  returns 0x04 (0001ms, 14496ms total)
T1E6C 5935:223 JLINK_ReadMem (0xE0001058, 0x0004 Bytes, ...) -- CPU is running -- CPU_ReadMem(4 bytes @ 0xE0001058) - Data: 00 00 00 00  returns 0x00 (0001ms, 14497ms total)
T1E6C 5935:224 JLINK_ReadMem (0xE0001024, 0x0004 Bytes, ...) -- CPU is running -- CPU_ReadMem(4 bytes @ 0xE0001024) - Data: 00 00 00 00  returns 0x00 (0001ms, 14498ms total)
T1E6C 5935:225 JLINK_WriteMem(0xE0001024, 0x0004 Bytes, ...) - Data: 1F 00 00 00 -- CPU is running -- CPU_WriteMem(4 bytes @ 0xE0001024)  returns 0x04 (0001ms, 14499ms total)
T1E6C 5935:226 JLINK_ReadMem (0xE0001024, 0x0004 Bytes, ...) -- CPU is running -- CPU_ReadMem(4 bytes @ 0xE0001024) - Data: 0F 00 00 00  returns 0x00 (0002ms, 14501ms total)
T1E6C 5935:229 JLINK_ReadMem (0xE0001034, 0x0004 Bytes, ...) -- CPU is running -- CPU_ReadMem(4 bytes @ 0xE0001034) - Data: 00 00 00 00  returns 0x00 (0002ms, 14503ms total)
T1E6C 5935:231 JLINK_WriteMem(0xE0001034, 0x0004 Bytes, ...) - Data: 1F 00 00 00 -- CPU is running -- CPU_WriteMem(4 bytes @ 0xE0001034)  returns 0x04 (0001ms, 14504ms total)
T1E6C 5935:232 JLINK_ReadMem (0xE0001034, 0x0004 Bytes, ...) -- CPU is running -- CPU_ReadMem(4 bytes @ 0xE0001034) - Data: 0F 00 00 00  returns 0x00 (0002ms, 14506ms total)
T1E6C 5935:234 JLINK_ReadMem (0xE0001044, 0x0004 Bytes, ...) -- CPU is running -- CPU_ReadMem(4 bytes @ 0xE0001044) - Data: 00 00 00 00  returns 0x00 (0001ms, 14507ms total)
T1E6C 5935:236 JLINK_WriteMem(0xE0001044, 0x0004 Bytes, ...) - Data: 1F 00 00 00 -- CPU is running -- CPU_WriteMem(4 bytes @ 0xE0001044)  returns 0x04 (0001ms, 14508ms total)
T1E6C 5935:237 JLINK_ReadMem (0xE0001044, 0x0004 Bytes, ...) -- CPU is running -- CPU_ReadMem(4 bytes @ 0xE0001044) - Data: 0F 00 00 00  returns 0x00 (0001ms, 14509ms total)
T1E6C 5935:238 JLINK_ReadMem (0xE0001054, 0x0004 Bytes, ...) -- CPU is running -- CPU_ReadMem(4 bytes @ 0xE0001054) - Data: 00 00 00 00  returns 0x00 (0001ms, 14510ms total)
T1E6C 5935:239 JLINK_WriteMem(0xE0001054, 0x0004 Bytes, ...) - Data: 1F 00 00 00 -- CPU is running -- CPU_WriteMem(4 bytes @ 0xE0001054)  returns 0x04 (0001ms, 14511ms total)
T1E6C 5935:240 JLINK_ReadMem (0xE0001054, 0x0004 Bytes, ...) -- CPU is running -- CPU_ReadMem(4 bytes @ 0xE0001054) - Data: 0F 00 00 00  returns 0x00 (0001ms, 14512ms total)
T1E6C 5935:241 JLINK_ReadMem (0xE0001028, 0x0004 Bytes, ...) -- CPU is running -- CPU_ReadMem(4 bytes @ 0xE0001028) - Data: 00 00 00 00  returns 0x00 (0001ms, 14513ms total)
T1E6C 5935:242 JLINK_ReadMem (0xE0001038, 0x0004 Bytes, ...) -- CPU is running -- CPU_ReadMem(4 bytes @ 0xE0001038) - Data: 00 03 00 00  returns 0x00 (0001ms, 14514ms total)
T1E6C 5935:243 JLINK_ReadMem (0xE0001048, 0x0004 Bytes, ...) -- CPU is running -- CPU_ReadMem(4 bytes @ 0xE0001048) - Data: 00 00 00 00  returns 0x00 (0001ms, 14515ms total)
T1E6C 5935:244 JLINK_ReadMem (0xE0001058, 0x0004 Bytes, ...) -- CPU is running -- CPU_ReadMem(4 bytes @ 0xE0001058) - Data: 00 00 00 00  returns 0x00 (0002ms, 14517ms total)
T1E6C 5935:246 JLINK_WriteMem(0xE0001020, 0x0004 Bytes, ...) - Data: 00 00 00 00 -- CPU is running -- CPU_WriteMem(4 bytes @ 0xE0001020)  returns 0x04 (0002ms, 14519ms total)
T1E6C 5935:248 JLINK_WriteMem(0xE0001024, 0x0004 Bytes, ...) - Data: 00 00 00 00 -- CPU is running -- CPU_WriteMem(4 bytes @ 0xE0001024)  returns 0x04 (0002ms, 14521ms total)
T1E6C 5935:250 JLINK_WriteMem(0xE0001028, 0x0004 Bytes, ...) - Data: 00 00 00 00 -- CPU is running -- CPU_WriteMem(4 bytes @ 0xE0001028)  returns 0x04 (0001ms, 14522ms total)
T1E6C 5935:251 JLINK_WriteMem(0xE0001030, 0x0004 Bytes, ...) - Data: 00 00 00 00 -- CPU is running -- CPU_WriteMem(4 bytes @ 0xE0001030)  returns 0x04 (0001ms, 14523ms total)
T1E6C 5935:252 JLINK_WriteMem(0xE0001034, 0x0004 Bytes, ...) - Data: 00 00 00 00 -- CPU is running -- CPU_WriteMem(4 bytes @ 0xE0001034)  returns 0x04 (0001ms, 14524ms total)
T1E6C 5935:253 JLINK_WriteMem(0xE0001038, 0x0004 Bytes, ...) - Data: 00 00 00 00 -- CPU is running -- CPU_WriteMem(4 bytes @ 0xE0001038)  returns 0x04 (0001ms, 14525ms total)
T1E6C 5935:254 JLINK_WriteMem(0xE0001040, 0x0004 Bytes, ...) - Data: 00 00 00 00 -- CPU is running -- CPU_WriteMem(4 bytes @ 0xE0001040)  returns 0x04 (0001ms, 14526ms total)
T1E6C 5935:255 JLINK_WriteMem(0xE0001044, 0x0004 Bytes, ...) - Data: 00 00 00 00 -- CPU is running -- CPU_WriteMem(4 bytes @ 0xE0001044)  returns 0x04 (0000ms, 14526ms total)
T1E6C 5935:255 JLINK_WriteMem(0xE0001048, 0x0004 Bytes, ...) - Data: 00 00 00 00 -- CPU is running -- CPU_WriteMem(4 bytes @ 0xE0001048)  returns 0x04 (0001ms, 14527ms total)
T1E6C 5935:256 JLINK_WriteMem(0xE0001050, 0x0004 Bytes, ...) - Data: 00 00 00 00 -- CPU is running -- CPU_WriteMem(4 bytes @ 0xE0001050)  returns 0x04 (0001ms, 14528ms total)
T1E6C 5935:257 JLINK_WriteMem(0xE0001054, 0x0004 Bytes, ...) - Data: 00 00 00 00 -- CPU is running -- CPU_WriteMem(4 bytes @ 0xE0001054)  returns 0x04 (0001ms, 14529ms total)
T1E6C 5935:258 JLINK_WriteMem(0xE0001058, 0x0004 Bytes, ...) - Data: 00 00 00 00 -- CPU is running -- CPU_WriteMem(4 bytes @ 0xE0001058)  returns 0x04 (0001ms, 14530ms total)
T1E6C 5935:259 JLINK_Halt()  returns 0x00 (0008ms, 14538ms total)
T1E6C 5935:267 JLINK_WriteMem(0x400E0A04, 0x0004 Bytes, ...) - Data: 0B 01 00 5A -- CPU_WriteMem(4 bytes @ 0x400E0A04)  returns 0x04 (0001ms, 14539ms total)
T1E6C 5935:268 JLINK_ReadMem (0x400E0A08, 0x0004 Bytes, ...) -- CPU_ReadMem(4 bytes @ 0x400E0A08) - Data: 01 00 00 00  returns 0x00 (0002ms, 14541ms total)
T1E6C 5935:270 JLINK_WriteMem(0x400E0A04, 0x0004 Bytes, ...) - Data: 0C 02 00 5A -- CPU_WriteMem(4 bytes @ 0x400E0A04)  returns 0x04 (0001ms, 14542ms total)
T1E6C 5935:271 JLINK_ReadMem (0x400E0A08, 0x0004 Bytes, ...) -- CPU_ReadMem(4 bytes @ 0x400E0A08) - Data: 01 00 00 00  returns 0x00 (0001ms, 14543ms total)
T1E6C 5935:272 JLINK_Reset() -- CPU_ReadMem(16 bytes @ 0x20000000) -- CPU_WriteMem(16 bytes @ 0x20000000) -- CPU_ReadMem(4 bytes @ 0xE000EDFC) -- CPU_WriteMem(4 bytes @ 0xE000EDFC) -- CPU_ReadMem(4 bytes @ 0xE0001000) -- CPU_WriteMem(4 bytes @ 0xE000EDFC) -- CPU_WriteMem(16 bytes @ 0x20000000) -- CPU_WriteMem(4 bytes @ 0xE0002000) -- CPU_ReadMem(4 bytes @ 0xE000EDFC) -- CPU_ReadMem(4 bytes @ 0xE0001000) (0042ms, 14585ms total)
T1E6C 5935:318 JLINK_JTAG_GetDeviceID(DeviceIndex = 0)  returns 0x4BA00477 (0000ms, 14585ms total)
T1E6C 5935:318 JLINK_ReadMemU32(0x400E0740, 0x0001 Items, ...) -- CPU_ReadMem(4 bytes @ 0x400E0740) - Data: E0 0E A7 29  returns 0x01 (0001ms, 14586ms total)
T1E6C 5935:319 JLINK_ReadMemU32(0x400E0744, 0x0001 Items, ...) -- CPU_ReadMem(4 bytes @ 0x400E0744) - Data: 00 00 00 00  returns 0x01 (0002ms, 14588ms total)
T1E6C 5935:321 JLINK_WriteMem(0x400E0A04, 0x0004 Bytes, ...) - Data: 05 00 00 5A -- CPU_WriteMem(4 bytes @ 0x400E0A04)  returns 0x04 (0001ms, 14589ms total)
T1E6C 5935:322 JLINK_WriteMem(0x400E0C04, 0x0004 Bytes, ...) - Data: 05 00 00 5A -- CPU_WriteMem(4 bytes @ 0x400E0C04)  returns 0x04 (0001ms, 14590ms total)
T1E6C 5935:323 JLINK_ReadMem (0x400E0A08, 0x0004 Bytes, ...) -- CPU_ReadMem(4 bytes @ 0x400E0A08) - Data: 00 00 00 00  returns 0x00 (0001ms, 14591ms total)
T1E6C 5935:325 JLINK_ReadMem (0x400E0A08, 0x0004 Bytes, ...) -- CPU_ReadMem(4 bytes @ 0x400E0A08) - Data: 00 00 00 00  returns 0x00 (0001ms, 14592ms total)
T1184 5935:328 JLINK_IsHalted()  returns TRUE (0000ms, 14592ms total)
T1184 5935:328 JLINK_GetMOEs(...) -- CPU_ReadMem(4 bytes @ 0xE000ED30) -- CPU_WriteMem(4 bytes @ 0xE000ED30)  returns 0x01 (0001ms, 14593ms total)
T1184 5935:329 JLINK_ReadReg(R15 (PC))  returns 0x00400F4C (0000ms, 14593ms total)
T1E6C 5935:330 JLINK_ReadMem (0x400E0A08, 0x0004 Bytes, ...) -- CPU_ReadMem(4 bytes @ 0x400E0A08) - Data: 00 00 00 00  returns 0x00 (0001ms, 14594ms total)
T1E6C 5935:347 JLINK_ReadMem (0x400E0A08, 0x0004 Bytes, ...) -- CPU_ReadMem(4 bytes @ 0x400E0A08) - Data: 00 00 00 00  returns 0x00 (0002ms, 14596ms total)
T1E6C 5935:413 JLINK_ReadMem (0x400E0A08, 0x0004 Bytes, ...) -- CPU_ReadMem(4 bytes @ 0x400E0A08) - Data: 00 00 00 00  returns 0x00 (0001ms, 14597ms total)
T1184 5935:529 JLINK_IsHalted()  returns TRUE (0000ms, 14597ms total)
T1E6C 5935:670 JLINK_ReadMem (0x400E0A08, 0x0004 Bytes, ...) -- CPU_ReadMem(4 bytes @ 0x400E0A08) - Data: 00 00 00 00  returns 0x00 (0001ms, 14598ms total)
T1184 5935:729 JLINK_IsHalted()  returns TRUE (0000ms, 14598ms total)
T1184 5935:929 JLINK_IsHalted()  returns TRUE (0001ms, 14599ms total)
T1184 5936:130 JLINK_IsHalted()  returns TRUE (0000ms, 14598ms total)
T1184 5936:330 JLINK_IsHalted()  returns TRUE (0000ms, 14598ms total)
T1184 5936:530 JLINK_IsHalted()  returns TRUE (0001ms, 14599ms total)
T1E6C 5936:671 JLINK_ReadMem (0x400E0A08, 0x0004 Bytes, ...) -- CPU_ReadMem(4 bytes @ 0x400E0A08) - Data: 00 00 00 00  returns 0x00 (0001ms, 14599ms total)
T1E6C 5936:672 JLINK_ReadMem (0x400E0C08, 0x0004 Bytes, ...) -- CPU_ReadMem(4 bytes @ 0x400E0C08) - Data: 00 00 00 00  returns 0x00 (0001ms, 14600ms total)
T1E6C 5936:674 JLINK_ReadMem (0x400E0C08, 0x0004 Bytes, ...) -- CPU_ReadMem(4 bytes @ 0x400E0C08) - Data: 00 00 00 00  returns 0x00 (0001ms, 14601ms total)
T1E6C 5936:679 JLINK_ReadMem (0x400E0C08, 0x0004 Bytes, ...) -- CPU_ReadMem(4 bytes @ 0x400E0C08) - Data: 00 00 00 00  returns 0x00 (0001ms, 14602ms total)
T1E6C 5936:696 JLINK_ReadMem (0x400E0C08, 0x0004 Bytes, ...) -- CPU_ReadMem(4 bytes @ 0x400E0C08) - Data: 00 00 00 00  returns 0x00 (0001ms, 14603ms total)
T1184 5936:731 JLINK_IsHalted()  returns TRUE (0000ms, 14603ms total)
T1E6C 5936:761 JLINK_ReadMem (0x400E0C08, 0x0004 Bytes, ...) -- CPU_ReadMem(4 bytes @ 0x400E0C08) - Data: 00 00 00 00  returns 0x00 (0001ms, 14604ms total)
T1184 5936:931 JLINK_IsHalted()  returns TRUE (0000ms, 14604ms total)
T1E6C 5937:018 JLINK_ReadMem (0x400E0C08, 0x0004 Bytes, ...) -- CPU_ReadMem(4 bytes @ 0x400E0C08) - Data: 00 00 00 00  returns 0x00 (0001ms, 14605ms total)
T1184 5937:131 JLINK_IsHalted()  returns TRUE (0001ms, 14606ms total)
T1184 5937:332 JLINK_IsHalted()  returns TRUE (0001ms, 14606ms total)
T1184 5937:533 JLINK_IsHalted()  returns TRUE (0000ms, 14605ms total)
T1184 5937:733 JLINK_IsHalted()  returns TRUE (0001ms, 14606ms total)
T1184 5937:934 JLINK_IsHalted()  returns TRUE (0000ms, 14605ms total)
T1E6C 5938:019 JLINK_ReadMem (0x400E0C08, 0x0004 Bytes, ...) -- CPU_ReadMem(4 bytes @ 0x400E0C08) - Data: 00 00 00 00  returns 0x00 (0001ms, 14606ms total)
T1E6C 5938:020 JLINK_ReadMem (0x400E0A08, 0x0004 Bytes, ...) -- CPU_ReadMem(4 bytes @ 0x400E0A08) - Data: 00 00 00 00  returns 0x00 (0001ms, 14607ms total)
T1E6C 5938:022 JLINK_ReadMem (0x400E0A08, 0x0004 Bytes, ...) -- CPU_ReadMem(4 bytes @ 0x400E0A08) - Data: 00 00 00 00  returns 0x00 (0001ms, 14608ms total)
T1E6C 5938:027 JLINK_ReadMem (0x400E0A08, 0x0004 Bytes, ...) -- CPU_ReadMem(4 bytes @ 0x400E0A08) - Data: 00 00 00 00  returns 0x00 (0001ms, 14609ms total)
T1E6C 5938:044 JLINK_ReadMem (0x400E0A08, 0x0004 Bytes, ...) -- CPU_ReadMem(4 bytes @ 0x400E0A08) - Data: 00 00 00 00  returns 0x00 (0001ms, 14610ms total)
T1E6C 5938:109 JLINK_ReadMem (0x400E0A08, 0x0004 Bytes, ...) -- CPU_ReadMem(4 bytes @ 0x400E0A08) - Data: 00 00 00 00  returns 0x00 (0001ms, 14611ms total)
T1184 5938:134 JLINK_IsHalted()  returns TRUE (0000ms, 14611ms total)
T1184 5938:334 JLINK_IsHalted()  returns TRUE (0001ms, 14612ms total)
T1E6C 5938:366 JLINK_ReadMem (0x400E0A08, 0x0004 Bytes, ...) -- CPU_ReadMem(4 bytes @ 0x400E0A08) - Data: 00 00 00 00  returns 0x00 (0001ms, 14612ms total)
T1184 5938:535 JLINK_IsHalted()  returns TRUE (0000ms, 14612ms total)
T1184 5938:735 JLINK_IsHalted()  returns TRUE (0000ms, 14612ms total)
T1184 5938:935 JLINK_IsHalted()  returns TRUE (0001ms, 14613ms total)
T1184 5939:136 JLINK_IsHalted()  returns TRUE (0000ms, 14612ms total)
T1184 5939:336 JLINK_IsHalted()  returns TRUE (0000ms, 14612ms total)
T1E6C 5939:367 JLINK_ReadMem (0x400E0A08, 0x0004 Bytes, ...) -- CPU_ReadMem(4 bytes @ 0x400E0A08) - Data: 00 00 00 00  returns 0x00 (0001ms, 14613ms total)
T1E6C 5939:368 JLINK_ReadMem (0x400E0C08, 0x0004 Bytes, ...) -- CPU_ReadMem(4 bytes @ 0x400E0C08) - Data: 00 00 00 00  returns 0x00 (0001ms, 14614ms total)
T1E6C 5939:370 JLINK_ReadMem (0x400E0C08, 0x0004 Bytes, ...) -- CPU_ReadMem(4 bytes @ 0x400E0C08) - Data: 00 00 00 00  returns 0x00 (0001ms, 14615ms total)
T1E6C 5939:375 JLINK_ReadMem (0x400E0C08, 0x0004 Bytes, ...) -- CPU_ReadMem(4 bytes @ 0x400E0C08) - Data: 00 00 00 00  returns 0x00 (0001ms, 14616ms total)
T1E6C 5939:392 JLINK_ReadMem (0x400E0C08, 0x0004 Bytes, ...) -- CPU_ReadMem(4 bytes @ 0x400E0C08) - Data: 00 00 00 00  returns 0x00 (0001ms, 14617ms total)
T1E6C 5939:457 JLINK_ReadMem (0x400E0C08, 0x0004 Bytes, ...) -- CPU_ReadMem(4 bytes @ 0x400E0C08) - Data: 00 00 00 00  returns 0x00 (0001ms, 14618ms total)
T1184 5939:536 JLINK_IsHalted()  returns TRUE (0001ms, 14619ms total)
T1E6C 5939:714 JLINK_ReadMem (0x400E0C08, 0x0004 Bytes, ...) -- CPU_ReadMem(4 bytes @ 0x400E0C08) - Data: 00 00 00 00  returns 0x00 (0001ms, 14619ms total)
T1184 5939:737 JLINK_IsHalted()  returns TRUE (0000ms, 14619ms total)
T1184 5939:937 JLINK_IsHalted()  returns TRUE (0000ms, 14619ms total)
T1184 5940:138 JLINK_IsHalted()  returns TRUE (0001ms, 14620ms total)
T1184 5940:339 JLINK_IsHalted()  returns TRUE (0000ms, 14619ms total)
T1184 5940:539 JLINK_IsHalted()  returns TRUE (0000ms, 14619ms total)
T1E6C 5940:716 JLINK_ReadMem (0x400E0C08, 0x0004 Bytes, ...) -- CPU_ReadMem(4 bytes @ 0x400E0C08) - Data: 01 00 00 00  returns 0x00 (0001ms, 14620ms total)
T1E6C 5940:717 JLINK_ReadMem (0x400E0A08, 0x0004 Bytes, ...) -- CPU_ReadMem(4 bytes @ 0x400E0A08) - Data: 01 00 00 00  returns 0x00 (0001ms, 14621ms total)
T1184 5940:739 JLINK_IsHalted()  returns TRUE (0001ms, 14622ms total)
T1E6C 5940:741 JLINK_ResetPullsRESET(ON) (0000ms, 14621ms total)
T1E6C 5940:741 JLINK_ResetNoHalt() >0x2F8 JTAG>TotalIRLen = 4, IRPrint = 0x01 >0x30 JTAG> >0x210 JTAG> >0x70 JTAG> >0x40 JTAG> >0x40 JTAG> >0x40 JTAG> >0x48 JTAG> >0x78 JTAG> >0x40 JTAG> >0x30 JTAG> >0x40 JTAG> >0x40 JTAG> >0x30 JTAG> >0x40 JTAG> >0x48 JTAG>Found Cortex-M4 r0p1, Little endian. -- CPU_WriteMem(4 bytes @ 0xE0002000) -- CPU_ReadMem(4 bytes @ 0xE000EDF0) -- CPU_ReadMem(4 bytes @ 0xE0002000)FPUnit: 6 code (BP) slots and 2 literal slots -- CPU_ReadMem(4 bytes @ 0xE000EDFC)
 -- CPU_ReadMem(4 bytes @ 0xE0001000) -- CPU_ReadMem(4 bytes @ 0xE000ED88) -- CPU_WriteMem(4 bytes @ 0xE000ED88) -- CPU_ReadMem(4 bytes @ 0xE000ED88) -- CPU_WriteMem(4 bytes @ 0xE000ED88)CoreSight components:ROMTbl 0 @ E00FF000 -- CPU_ReadMem(16 bytes @ 0xE00FF000) -- CPU_ReadMem(16 bytes @ 0xE000EFF0) -- CPU_ReadMem(16 bytes @ 0xE000EFE0)ROMTbl 0 [0]: FFF0F000, CID: B105E00D, PID: 000BB000 SCS -- CPU_WriteMem(4 bytes @ 0xE0001000) -- CPU_ReadMem(16 bytes @ 0xE0001FF0)
 -- CPU_ReadMem(16 bytes @ 0xE0001FE0)ROMTbl 0 [1]: FFF02000, CID: B105E00D, PID: 003BB002 DWT -- CPU_ReadMem(16 bytes @ 0xE0002FF0) -- CPU_ReadMem(16 bytes @ 0xE0002FE0)ROMTbl 0 [2]: FFF03000, CID: B105E00D, PID: 002BB003 FPB -- CPU_ReadMem(16 bytes @ 0xE0000FF0) -- CPU_ReadMem(16 bytes @ 0xE0000FE0)ROMTbl 0 [3]: FFF01000, CID: B105E00D, PID: 003BB001 ITM -- CPU_ReadMem(16 bytes @ 0xE00FF010) -- CPU_ReadMem(16 bytes @ 0xE0040FF0) -- CPU_ReadMem(16 bytes @ 0xE0040FE0)
ROMTbl 0 [4]: FFF41000, CID: B105900D, PID: 000BB9A1 TPIU
                JLINK_Reset() -- CPU_ReadMem(16 bytes @ 0x20000000) -- CPU_WriteMem(16 bytes @ 0x20000000) -- CPU_ReadMem(4 bytes @ 0xE000EDFC) -- CPU_WriteMem(4 bytes @ 0xE000EDFC) -- CPU_ReadMem(4 bytes @ 0xE0001000) -- CPU_WriteMem(4 bytes @ 0xE0001004) -- CPU_WriteMem(4 bytes @ 0xE000EDFC) -- CPU_WriteMem(16 bytes @ 0x20000000) -- CPU_WriteMem(4 bytes @ 0xE0002000) -- CPU_ReadMem(4 bytes @ 0xE000EDFC) -- CPU_ReadMem(4 bytes @ 0xE0001000) (0042ms, 0042ms total)
                JLINK_Go() -- CPU_ReadMem(4 bytes @ 0xE0001000) -- CPU_WriteMem(4 bytes @ 0xE0001004) (0003ms, 0045ms total)
               (0083ms, 14704ms total)
T1E6C 5940:824 JLINK_ExecCommand("ProjectFile = T:\11.02741-0\Entregas\Aula07\11 - INTERRUPCAO_PIO\jlink.config", ...)  returns 0x00 (0001ms, 14705ms total)
T1E6C 5940:851 JLINK_ExecCommand("Device = AT91SAM4SD32C", ...)Device "ATSAM4SD32C" selected.  returns 0x00 (0001ms, 14706ms total)
T1E6C 5940:852 JLINK_TIF_Select(JLINKARM_TIF_JTAG)  returns 0x00 (0000ms, 14706ms total)
T1E6C 5940:852 JLINK_GetIdData(...) ScanLen=4 NumDevices=1 aId[0]=0x4BA00477 aIrRead[0]=0 aScanLen[0]=0 aScanRead[0]=0 (0000ms, 14706ms total)
T1E6C 5940:852 JLINK_ConfigJTAG(IRPre = 0, DRPre = 0) (0000ms, 14706ms total)
T1E6C 5940:852 JLINK_SetSpeed(4000) (0001ms, 14707ms total)
T1E6C 5940:853 JLINK_ResetPullsRESET(OFF) (0000ms, 14707ms total)
T1E6C 5940:853 JLINK_Connect() >0x2F8 JTAG>TotalIRLen = 4, IRPrint = 0x01 >0x30 JTAG> >0x210 JTAG> >0x70 JTAG> >0x40 JTAG> >0x40 JTAG> >0x40 JTAG> >0x48 JTAG> >0x78 JTAG> >0x40 JTAG> >0x30 JTAG> >0x40 JTAG> >0x40 JTAG> >0x30 JTAG> >0x40 JTAG> >0x48 JTAG>Found Cortex-M4 r0p1, Little endian. -- CPU_WriteMem(4 bytes @ 0xE0002000) -- CPU_ReadMem(4 bytes @ 0xE000EDF0) -- CPU_ReadMem(4 bytes @ 0xE0002000)FPUnit: 6 code (BP) slots and 2 literal slots -- CPU_ReadMem(4 bytes @ 0xE000EDFC)
 -- CPU_ReadMem(4 bytes @ 0xE0001000) -- CPU_WriteMem(4 bytes @ 0xE0001000) -- CPU_ReadMem(4 bytes @ 0xE000ED88) -- CPU_WriteMem(4 bytes @ 0xE000ED88) -- CPU_ReadMem(4 bytes @ 0xE000ED88) -- CPU_WriteMem(4 bytes @ 0xE000ED88)CoreSight components:ROMTbl 0 @ E00FF000 -- CPU_ReadMem(16 bytes @ 0xE00FF000) -- CPU_ReadMem(16 bytes @ 0xE000EFF0) -- CPU_ReadMem(16 bytes @ 0xE000EFE0)ROMTbl 0 [0]: FFF0F000, CID: B105E00D, PID: 000BB000 SCS -- CPU_ReadMem(16 bytes @ 0xE0001FF0)
 -- CPU_ReadMem(16 bytes @ 0xE0001FE0)ROMTbl 0 [1]: FFF02000, CID: B105E00D, PID: 003BB002 DWT -- CPU_ReadMem(16 bytes @ 0xE0002FF0) -- CPU_ReadMem(16 bytes @ 0xE0002FE0)ROMTbl 0 [2]: FFF03000, CID: B105E00D, PID: 002BB003 FPB -- CPU_ReadMem(16 bytes @ 0xE0000FF0) -- CPU_ReadMem(16 bytes @ 0xE0000FE0)ROMTbl 0 [3]: FFF01000, CID: B105E00D, PID: 003BB001 ITM -- CPU_ReadMem(16 bytes @ 0xE00FF010) -- CPU_ReadMem(16 bytes @ 0xE0040FF0) -- CPU_ReadMem(16 bytes @ 0xE0040FE0)
ROMTbl 0 [4]: FFF41000, CID: B105900D, PID: 000BB9A1 TPIU  returns 0x00 (0025ms, 14732ms total)
T1E6C 5940:878 JLINK_WriteMem(0xE0001020, 0x0004 Bytes, ...) - Data: 00 00 00 00 -- CPU is running -- CPU_WriteMem(4 bytes @ 0xE0001020)  returns 0x04 (0001ms, 14733ms total)
T1E6C 5940:879 JLINK_WriteMem(0xE0001024, 0x0004 Bytes, ...) - Data: 00 00 00 00 -- CPU is running -- CPU_WriteMem(4 bytes @ 0xE0001024)  returns 0x04 (0001ms, 14734ms total)
T1E6C 5940:880 JLINK_WriteMem(0xE0001028, 0x0004 Bytes, ...) - Data: 00 00 00 00 -- CPU is running -- CPU_WriteMem(4 bytes @ 0xE0001028)  returns 0x04 (0000ms, 14734ms total)
T1E6C 5940:880 JLINK_WriteMem(0xE0001030, 0x0004 Bytes, ...) - Data: 00 00 00 00 -- CPU is running -- CPU_WriteMem(4 bytes @ 0xE0001030)  returns 0x04 (0001ms, 14735ms total)
T1E6C 5940:881 JLINK_WriteMem(0xE0001034, 0x0004 Bytes, ...) - Data: 00 00 00 00 -- CPU is running -- CPU_WriteMem(4 bytes @ 0xE0001034)  returns 0x04 (0001ms, 14736ms total)
T1E6C 5940:882 JLINK_WriteMem(0xE0001038, 0x0004 Bytes, ...) - Data: 00 00 00 00 -- CPU is running -- CPU_WriteMem(4 bytes @ 0xE0001038)  returns 0x04 (0001ms, 14737ms total)
T1E6C 5940:883 JLINK_WriteMem(0xE0001040, 0x0004 Bytes, ...) - Data: 00 00 00 00 -- CPU is running -- CPU_WriteMem(4 bytes @ 0xE0001040)  returns 0x04 (0000ms, 14737ms total)
T1E6C 5940:883 JLINK_WriteMem(0xE0001044, 0x0004 Bytes, ...) - Data: 00 00 00 00 -- CPU is running -- CPU_WriteMem(4 bytes @ 0xE0001044)  returns 0x04 (0001ms, 14738ms total)
T1E6C 5940:884 JLINK_WriteMem(0xE0001048, 0x0004 Bytes, ...) - Data: 00 00 00 00 -- CPU is running -- CPU_WriteMem(4 bytes @ 0xE0001048)  returns 0x04 (0001ms, 14739ms total)
T1E6C 5940:885 JLINK_WriteMem(0xE0001050, 0x0004 Bytes, ...) - Data: 00 00 00 00 -- CPU is running -- CPU_WriteMem(4 bytes @ 0xE0001050)  returns 0x04 (0001ms, 14740ms total)
T1E6C 5940:886 JLINK_WriteMem(0xE0001054, 0x0004 Bytes, ...) - Data: 00 00 00 00 -- CPU is running -- CPU_WriteMem(4 bytes @ 0xE0001054)  returns 0x04 (0000ms, 14740ms total)
T1E6C 5940:886 JLINK_WriteMem(0xE0001058, 0x0004 Bytes, ...) - Data: 00 00 00 00 -- CPU is running -- CPU_WriteMem(4 bytes @ 0xE0001058)  returns 0x04 (0001ms, 14741ms total)
T1E6C 5940:887 JLINK_Halt()  returns 0x00 (0004ms, 14745ms total)
T1E6C 5940:891 JLINK_WriteMem(0x400E0A04, 0x0004 Bytes, ...) - Data: 0B 01 00 5A -- CPU_WriteMem(4 bytes @ 0x400E0A04)  returns 0x04 (0000ms, 14745ms total)
T1E6C 5940:891 JLINK_ReadMem (0x400E0A08, 0x0004 Bytes, ...) -- CPU_ReadMem(4 bytes @ 0x400E0A08) - Data: 01 00 00 00  returns 0x00 (0001ms, 14746ms total)
T1E6C 5940:892 JLINK_WriteMem(0x400E0A04, 0x0004 Bytes, ...) - Data: 0C 02 00 5A -- CPU_WriteMem(4 bytes @ 0x400E0A04)  returns 0x04 (0001ms, 14747ms total)
T1E6C 5940:893 JLINK_ReadMem (0x400E0A08, 0x0004 Bytes, ...) -- CPU_ReadMem(4 bytes @ 0x400E0A08) - Data: 01 00 00 00  returns 0x00 (0001ms, 14748ms total)
T1E6C 5940:894 JLINK_Reset() -- CPU_ReadMem(16 bytes @ 0x20000000) -- CPU_WriteMem(16 bytes @ 0x20000000) -- CPU_ReadMem(4 bytes @ 0xE000EDFC) -- CPU_WriteMem(4 bytes @ 0xE000EDFC) -- CPU_ReadMem(4 bytes @ 0xE0001000) -- CPU_WriteMem(4 bytes @ 0xE000EDFC) -- CPU_WriteMem(16 bytes @ 0x20000000) -- CPU_WriteMem(4 bytes @ 0xE0002000) -- CPU_ReadMem(4 bytes @ 0xE000EDFC) -- CPU_ReadMem(4 bytes @ 0xE0001000) (0026ms, 14774ms total)
T1E6C 5940:922 JLINK_JTAG_GetDeviceID(DeviceIndex = 0)  returns 0x4BA00477 (0000ms, 14774ms total)
T1E6C 5940:922 JLINK_ReadMemU32(0x400E0740, 0x0001 Items, ...) -- CPU_ReadMem(4 bytes @ 0x400E0740) - Data: E0 0E A7 29  returns 0x01 (0000ms, 14774ms total)
T1E6C 5940:922 JLINK_ReadMemU32(0x400E0744, 0x0001 Items, ...) -- CPU_ReadMem(4 bytes @ 0x400E0744) - Data: 00 00 00 00  returns 0x01 (0001ms, 14775ms total)
T1E6C 5940:925 JLINK_BeginDownload(Flags = 0x00) (0000ms, 14775ms total)
T1E6C 5940:925 JLINK_WriteMem(0x00400000, 0x1EF4 Bytes, ...) - Data: F0 34 00 20 4D 0F 40 00 15 10 40 00 15 10 40 00 ...  returns 0x1EF4 (0001ms, 14776ms total)
T1E6C 5940:926 JLINK_WriteMem(0x00401EF4, 0x0008 Bytes, ...) - Data: 8C F9 FF 7F 01 00 00 00  returns 0x08 (0000ms, 14776ms total)
T1E6C 5940:926 JLINK_WriteMem(0x00401EFC, 0x0450 Bytes, ...) - Data: 80 B4 83 B0 00 AF 78 60 BF F3 5F 8F 01 38 FB D1 ...  returns 0x450 (0000ms, 14776ms total)
T2014 5940:935 JLINK_IsHalted()  returns TRUE (0000ms, 14776ms total)
T2014 5940:935 JLINK_GetMOEs(...) -- CPU_ReadMem(4 bytes @ 0xE000ED30) -- CPU_WriteMem(4 bytes @ 0xE000ED30)  returns 0x01 (0001ms, 14777ms total)
T2014 5940:936 JLINK_ReadReg(R15 (PC)) -- -------------------------------------- -- Start of determining dirty areas in flash cache -- End of determining dirty areas -- Start of preparing flash programming -- Calculating RAM usage -- RAM usage = 2884 Bytes -- Preserving registers -- Preparing memory -- Determining CPU clock frequency -- CPU clock frequency: 4165 kHz -- CPU frequency = 4165 kHz -- Preparing target -- Downloading RAMCode -- Using alternate TurboMode RAMCode -- Checking target RAM
 -- Preparing RAMCode -- End of preparing flash programmingCPU is running at low speed (4165 kHz). -- CPU is running at 4165 kHz. -- Start of comparing flash -- Read back was estimated as fastest method -- Comparing range 0x400000 - 0x4023FF (18 Sectors, 9 KB), using multi-block CRC calculation -- CPU is running -- CPU_ReadMem(512 bytes @ 0x00400000) -- CPU is running -- CPU_ReadMem(512 bytes @ 0x00400200) -- CPU is running -- CPU_ReadMem(512 bytes @ 0x00400400) -- CPU is running
 -- CPU_ReadMem(512 bytes @ 0x00400600) -- CPU is running -- CPU_ReadMem(512 bytes @ 0x00400800) -- CPU is running -- CPU_ReadMem(512 bytes @ 0x00400A00) -- CPU is running -- CPU_ReadMem(512 bytes @ 0x00400C00) -- CPU is running -- CPU_ReadMem(512 bytes @ 0x00400E00) -- CPU is running -- CPU_ReadMem(512 bytes @ 0x00401000) -- CPU is running -- CPU_ReadMem(512 bytes @ 0x00401200) -- CPU is running -- CPU_ReadMem(512 bytes @ 0x00401400) -- CPU is running -- CPU_ReadMem(512 bytes @ 0x00401600)
 -- CPU is running -- CPU_ReadMem(512 bytes @ 0x00401800) -- CPU is running -- CPU_ReadMem(512 bytes @ 0x00401A00) -- CPU is running -- CPU_ReadMem(512 bytes @ 0x00401C00) -- CPU is running -- CPU_ReadMem(512 bytes @ 0x00401E00) -- CPU is running -- CPU_ReadMem(512 bytes @ 0x00402000) -- CPU is running -- CPU_ReadMem(512 bytes @ 0x00402200) -- CRC does not match for sectors 0-17 -- End of comparing flash -- Start of erasing sectors -- End of erasing sectors -- Start of flash programming
 -- Programming range 0x00400000 - 0x004023FF (018 Sectors, 9 KB) -- End of flash programming -- Flash programming performed for 1 range (9216 bytes) -- 0x400000 - 0x4023FF (018 Sectors, 9 KB) -- Start of verifying flash -- Checksum calculation was estimated as fastest method -- End of verifying flash -- Start of restoring -- Restore RAMCode -- Restore content of target memory -- Restore target -- Restore memory -- Restore content of registers -- End of restoring
 -- Total time needed: 0.299s (Prepare: 0.080s, Compare: 0.080s, Erase: 0.000s, Program: 0.127s, Verify: 0.005s, Restore: 0.006s)  returns 0xFFFFFFFE (0305ms, 15082ms total)
T2264 5941:350 JLINK_Halt()  returns 0x00 (0001ms, 15083ms total)
T2264 5941:351 JLINK_ReadReg(R15 (PC))  returns 0xFFFFFFFE (0000ms, 15083ms total)
T2264 5941:351 JLINK_ReadReg(R13 (SP))  returns 0xFFFFFFFC (0000ms, 15083ms total)
T2014 5941:441 JLINK_IsHalted()  returns TRUE (0000ms, 15083ms total)
T2264 5941:501 JLINK_ReadReg(R0)  returns 0x400E1400 (0000ms, 15083ms total)
T2264 5941:501 JLINK_ReadReg(R1)  returns 0x40C00000 (0000ms, 15083ms total)
T2264 5941:501 JLINK_ReadReg(R2)  returns 0xA5000005 (0000ms, 15083ms total)
T2264 5941:501 JLINK_ReadReg(R3)  returns 0x2000001C (0000ms, 15083ms total)
T2264 5941:501 JLINK_ReadReg(R4)  returns 0x00400795 (0000ms, 15083ms total)
T2264 5941:501 JLINK_ReadReg(R5)  returns 0x00000003 (0000ms, 15083ms total)
T2264 5941:501 JLINK_ReadReg(R6)  returns 0x5876F8BD (0000ms, 15083ms total)
T2264 5941:501 JLINK_ReadReg(R7)  returns 0x200033E0 (0000ms, 15083ms total)
T2264 5941:501 JLINK_ReadReg(R8)  returns 0xF8475800 (0000ms, 15083ms total)
T2264 5941:501 JLINK_ReadReg(R9)  returns 0x0000000D (0000ms, 15083ms total)
T2264 5941:501 JLINK_ReadReg(R10)  returns 0xF8475800 (0000ms, 15083ms total)
T2264 5941:501 JLINK_ReadReg(R11)  returns 0x0000000D (0000ms, 15083ms total)
T2264 5941:501 JLINK_ReadReg(R12)  returns 0x20003458 (0000ms, 15083ms total)
T2264 5941:501 JLINK_ReadReg(R13 (SP))  returns 0xFFFFFFFC (0000ms, 15083ms total)
T2264 5941:501 JLINK_ReadReg(R14)  returns 0xFFFFFFFF (0000ms, 15083ms total)
T2264 5941:501 JLINK_ReadReg(R15 (PC))  returns 0xFFFFFFFE (0000ms, 15083ms total)
T2264 5941:501 JLINK_ReadReg(XPSR)  returns 0x01000000 (0001ms, 15084ms total)
T2264 5941:502 JLINK_ReadReg(MSP)  returns 0xFFFFFFFC (0000ms, 15084ms total)
T2264 5941:502 JLINK_ReadReg(PSP)  returns 0x5DF3D164 (0000ms, 15084ms total)
T2264 5941:502 JLINK_ReadReg(PRIMASK)  returns 0x00000000 (0000ms, 15084ms total)
T2264 5941:502 JLINK_ReadReg(BASEPRI)  returns 0x00000000 (0000ms, 15084ms total)
T2264 5941:502 JLINK_ReadReg(FAULTMASK)  returns 0x00000000 (0000ms, 15084ms total)
T2264 5941:502 JLINK_ReadReg(CONTROL)  returns 0x00000000 (0000ms, 15084ms total)
T2264 5941:544 JLINK_EndDownload()  returns 0x00 (0000ms, 15084ms total)
T2264 5941:544 JLINK_Reset() -- CPU_ReadMem(16 bytes @ 0x20000000) -- CPU_WriteMem(16 bytes @ 0x20000000) -- CPU_ReadMem(4 bytes @ 0xE000EDFC) -- CPU_WriteMem(4 bytes @ 0xE000EDFC) -- CPU_ReadMem(4 bytes @ 0xE0001000) -- CPU_WriteMem(4 bytes @ 0xE000EDFC) -- CPU_WriteMem(16 bytes @ 0x20000000) -- CPU_WriteMem(4 bytes @ 0xE0002000) -- CPU_ReadMem(4 bytes @ 0xE000EDFC) -- CPU_ReadMem(4 bytes @ 0xE0001000) (0024ms, 15108ms total)
T2014 5941:568 JLINK_IsHalted()  returns TRUE (0000ms, 15108ms total)
T2014 5941:568 JLINK_GetMOEs(...) -- CPU_ReadMem(4 bytes @ 0xE000ED30) -- CPU_WriteMem(4 bytes @ 0xE000ED30)  returns 0x01 (0002ms, 15110ms total)
T2014 5941:570 JLINK_ReadReg(R15 (PC))  returns 0x00400F4C (0000ms, 15110ms total)
T2264 5941:578 JLINK_ReadReg(R15 (PC))  returns 0x00400F4C (0000ms, 15110ms total)
T2264 5941:578 JLINK_ReadReg(R13 (SP))  returns 0x200034F0 (0000ms, 15110ms total)
T2264 5941:585 JLINK_ReadMemHW(0x00400F4C, 0x0004 Bytes, ...) -- CPU_ReadMem(4 bytes @ 0x00400F4C) - Data: 80 B5 84 B0  returns 0x00 (0000ms, 15110ms total)
T2264 5941:600 JLINK_ReadMemHW(0x00401490, 0x0001 Bytes, ...) -- CPU_ReadMem(1 bytes @ 0x00401490) - Data: 2D  returns 0x00 (0001ms, 15112ms total)
T2264 5941:641 JLINK_ReadReg(R15 (PC))  returns 0x00400F4C (0000ms, 15112ms total)
T2264 5941:641 JLINK_GetNumBPUnits(Type = 0xFFFFFF02)  returns 0x06 (0000ms, 15112ms total)
T2264 5941:641 JLINK_SetBPEx(Addr = 0x00401490, Type = 0xFFFFFF02)  returns 0x00000001 (0000ms, 15112ms total)
T2264 5941:641 JLINK_GetBPInfo(BPHandle = 1)  returns 0x00 (0000ms, 15112ms total)
T2264 5941:641 JLINK_Go() -- CPU_ReadMem(4 bytes @ 0xE0001000) -- CPU_WriteMem(4 bytes @ 0xE0002008) -- CPU_WriteMem(4 bytes @ 0xE000200C) -- CPU_WriteMem(4 bytes @ 0xE0002010) -- CPU_WriteMem(4 bytes @ 0xE0002014) -- CPU_WriteMem(4 bytes @ 0xE0002018) -- CPU_WriteMem(4 bytes @ 0xE000201C) -- CPU_WriteMem(4 bytes @ 0xE0001004) (0005ms, 15117ms total)
T2014 5941:646 JLINK_IsHalted()  returns FALSE (0001ms, 15118ms total)
T2014 5941:667 JLINK_IsHalted()  returns TRUE (0003ms, 15120ms total)
T2014 5941:670 JLINK_GetMOEs(...) -- CPU_ReadMem(4 bytes @ 0xE000ED30) -- CPU_WriteMem(4 bytes @ 0xE000ED30)  returns 0x01 (0002ms, 15119ms total)
T2014 5941:672 JLINK_ReadReg(R15 (PC))  returns 0x00401490 (0000ms, 15119ms total)
T2014 5941:672 JLINK_GetBPInfo(BPHandle = 1)  returns 0x00 (0000ms, 15119ms total)
T2014 5941:672 JLINK_ClrBPEx(BPHandle = 0x00000001)  returns 0x00 (0000ms, 15119ms total)
T2264 5941:676 JLINK_ReadReg(R15 (PC))  returns 0x00401490 (0000ms, 15119ms total)
T2264 5941:676 JLINK_ReadReg(R13 (SP))  returns 0x200034D8 (0000ms, 15119ms total)
T2264 5941:677 JLINK_ReadMemHW(0x00401490, 0x0004 Bytes, ...) -- CPU_ReadMem(4 bytes @ 0x00401490) - Data: 2D E9 B0 4F  returns 0x00 (0001ms, 15120ms total)
T2264 5941:690 JLINK_ReadReg(R15 (PC))  returns 0x00401490 (0000ms, 15120ms total)
T2264 5941:690 JLINK_Go() -- CPU_ReadMem(4 bytes @ 0xE0001000) -- CPU_WriteMem(4 bytes @ 0xE0002008) (0002ms, 15122ms total)
T2014 5941:692 JLINK_IsHalted()  returns FALSE (0001ms, 15123ms total)
T2014 5941:733 JLINK_IsHalted()  returns FALSE (0000ms, 15122ms total)
T2014 5941:893 JLINK_IsHalted()  returns FALSE (0000ms, 15122ms total)
T2014 5942:534 JLINK_IsHalted()  returns FALSE (0001ms, 15123ms total)
T2014 5943:175 JLINK_IsHalted()  returns FALSE (0001ms, 15123ms total)
T2014 5943:816 JLINK_IsHalted()  returns FALSE (0001ms, 15123ms total)
T2014 5944:457 JLINK_IsHalted()  returns FALSE (0000ms, 15122ms total)
T2014 5945:097 JLINK_IsHalted()  returns FALSE (0001ms, 15123ms total)
T2014 5945:738 JLINK_IsHalted()  returns FALSE (0000ms, 15122ms total)
T2014 5946:378 JLINK_IsHalted()  returns FALSE (0001ms, 15123ms total)
T2014 5947:019 JLINK_IsHalted()  returns FALSE (0001ms, 15123ms total)
T2014 5947:660 JLINK_IsHalted()  returns FALSE (0001ms, 15123ms total)
T2014 5948:301 JLINK_IsHalted()  returns FALSE (0000ms, 15122ms total)
T2014 5948:941 JLINK_IsHalted()  returns FALSE (0001ms, 15123ms total)
T2014 5949:582 JLINK_IsHalted()  returns FALSE (0000ms, 15122ms total)
T2014 5950:222 JLINK_IsHalted()  returns FALSE (0001ms, 15123ms total)
T2014 5950:863 JLINK_IsHalted()  returns FALSE (0000ms, 15122ms total)
T2014 5951:503 JLINK_IsHalted()  returns FALSE (0001ms, 15123ms total)
T2014 5952:144 JLINK_IsHalted()  returns FALSE (0000ms, 15122ms total)
T2014 5952:784 JLINK_IsHalted()  returns FALSE (0001ms, 15123ms total)
T2014 5953:425 JLINK_IsHalted()  returns FALSE (0000ms, 15122ms total)
T2014 5954:065 JLINK_IsHalted()  returns FALSE (0001ms, 15123ms total)
T2014 5954:706 JLINK_IsHalted()  returns FALSE (0000ms, 15122ms total)
T2014 5955:346 JLINK_IsHalted()  returns FALSE (0001ms, 15123ms total)
T2014 5955:987 JLINK_IsHalted()  returns FALSE (0000ms, 15122ms total)
T2014 5956:628 JLINK_IsHalted()  returns FALSE (0001ms, 15123ms total)
T2014 5957:269 JLINK_IsHalted()  returns FALSE (0001ms, 15123ms total)
T2014 5957:911 JLINK_IsHalted()  returns FALSE (0001ms, 15123ms total)
T2014 5958:552 JLINK_IsHalted()  returns FALSE (0000ms, 15122ms total)
T2014 5959:192 JLINK_IsHalted()  returns FALSE (0001ms, 15123ms total)
T2014 5959:834 JLINK_IsHalted()  returns FALSE (0001ms, 15123ms total)
T2014 5960:475 JLINK_IsHalted()  returns FALSE (0001ms, 15123ms total)
T2014 5961:116 JLINK_IsHalted()  returns FALSE (0000ms, 15122ms total)
T2014 5961:756 JLINK_IsHalted()  returns FALSE (0001ms, 15123ms total)
T2014 5962:397 JLINK_IsHalted()  returns FALSE (0001ms, 15123ms total)
T2014 5963:038 JLINK_IsHalted()  returns FALSE (0001ms, 15123ms total)
T2014 5963:679 JLINK_IsHalted()  returns FALSE (0000ms, 15122ms total)
T2014 5964:319 JLINK_IsHalted()  returns FALSE (0001ms, 15123ms total)
T2014 5964:960 JLINK_IsHalted()  returns FALSE (0001ms, 15123ms total)
T2014 5965:601 JLINK_IsHalted()  returns FALSE (0001ms, 15123ms total)
T2014 5966:242 JLINK_IsHalted()  returns FALSE (0000ms, 15122ms total)
T2014 5966:882 JLINK_IsHalted()  returns FALSE (0001ms, 15123ms total)
T2014 5967:523 JLINK_IsHalted()  returns FALSE (0000ms, 15122ms total)
T2014 5968:163 JLINK_IsHalted()  returns FALSE (0001ms, 15123ms total)
T2014 5968:804 JLINK_IsHalted()  returns FALSE (0000ms, 15122ms total)
T2014 5969:444 JLINK_IsHalted()  returns FALSE (0001ms, 15123ms total)
T2014 5970:085 JLINK_IsHalted()  returns FALSE (0000ms, 15122ms total)
T2014 5970:725 JLINK_IsHalted()  returns FALSE (0001ms, 15123ms total)
T2014 5971:366 JLINK_IsHalted()  returns FALSE (0000ms, 15122ms total)
T2014 5972:006 JLINK_IsHalted()  returns FALSE (0003ms, 15125ms total)
T2014 5972:650 JLINK_IsHalted()  returns FALSE (0001ms, 15123ms total)
T2014 5973:291 JLINK_IsHalted()  returns FALSE (0001ms, 15123ms total)
T2014 5973:933 JLINK_IsHalted()  returns FALSE (0000ms, 15122ms total)
T2014 5974:573 JLINK_IsHalted()  returns FALSE (0001ms, 15123ms total)
T2014 5975:215 JLINK_IsHalted()  returns FALSE (0000ms, 15122ms total)
T2014 5975:855 JLINK_IsHalted()  returns FALSE (0001ms, 15123ms total)
T2014 5976:496 JLINK_IsHalted()  returns FALSE (0000ms, 15122ms total)
T2014 5977:136 JLINK_IsHalted()  returns FALSE (0001ms, 15123ms total)
T2014 5977:777 JLINK_IsHalted()  returns FALSE (0000ms, 15122ms total)
T2014 5978:417 JLINK_IsHalted()  returns FALSE (0001ms, 15123ms total)
T2014 5979:058 JLINK_IsHalted()  returns FALSE (0000ms, 15122ms total)
T2014 5979:698 JLINK_IsHalted()  returns FALSE (0001ms, 15123ms total)
T2014 5980:339 JLINK_IsHalted()  returns FALSE (0001ms, 15123ms total)
T2014 5980:980 JLINK_IsHalted()  returns FALSE (0001ms, 15123ms total)
T2014 5981:621 JLINK_IsHalted()  returns FALSE (0001ms, 15123ms total)
T2014 5982:262 JLINK_IsHalted()  returns FALSE (0001ms, 15123ms total)
T2014 5982:903 JLINK_IsHalted()  returns FALSE (0000ms, 15122ms total)
T2014 5983:543 JLINK_IsHalted()  returns FALSE (0001ms, 15123ms total)
T2014 5984:184 JLINK_IsHalted()  returns FALSE (0000ms, 15122ms total)
T2014 5984:824 JLINK_IsHalted()  returns FALSE (0001ms, 15123ms total)
T2014 5985:465 JLINK_IsHalted()  returns FALSE (0000ms, 15122ms total)
T2014 5986:105 JLINK_IsHalted()  returns FALSE (0001ms, 15123ms total)
T2014 5986:746 JLINK_IsHalted()  returns FALSE (0000ms, 15122ms total)
T2014 5987:386 JLINK_IsHalted()  returns FALSE (0001ms, 15123ms total)
T2014 5988:027 JLINK_IsHalted()  returns FALSE (0000ms, 15122ms total)
T2014 5988:668 JLINK_IsHalted()  returns FALSE (0001ms, 15123ms total)
T2014 5989:309 JLINK_IsHalted()  returns FALSE (0000ms, 15122ms total)
T2014 5989:949 JLINK_IsHalted()  returns FALSE (0001ms, 15123ms total)
T2014 5990:590 JLINK_IsHalted()  returns FALSE (0000ms, 15122ms total)
T2014 5991:230 JLINK_IsHalted()  returns FALSE (0001ms, 15123ms total)
T2014 5991:871 JLINK_IsHalted()  returns FALSE (0001ms, 15123ms total)
T2014 5992:513 JLINK_IsHalted()  returns FALSE (0001ms, 15123ms total)
T2014 5993:154 JLINK_IsHalted()  returns FALSE (0000ms, 15122ms total)
T2014 5993:794 JLINK_IsHalted()  returns FALSE (0001ms, 15123ms total)
T2014 5994:435 JLINK_IsHalted()  returns FALSE (0000ms, 15122ms total)
T2014 5995:075 JLINK_IsHalted()  returns FALSE (0001ms, 15123ms total)
T2014 5995:716 JLINK_IsHalted()  returns FALSE (0000ms, 15122ms total)
T2014 5996:357 JLINK_IsHalted()  returns FALSE (0001ms, 15123ms total)
T2014 5996:998 JLINK_IsHalted()  returns FALSE (0001ms, 15123ms total)
T2014 5997:639 JLINK_IsHalted()  returns FALSE (0001ms, 15123ms total)
T2014 5998:280 JLINK_IsHalted()  returns FALSE (0000ms, 15122ms total)
T2014 5998:920 JLINK_IsHalted()  returns FALSE (0001ms, 15123ms total)
T2014 5999:561 JLINK_IsHalted()  returns FALSE (0000ms, 15122ms total)
T2014 6000:201 JLINK_IsHalted()  returns FALSE (0001ms, 15123ms total)
T2014 6000:842 JLINK_IsHalted()  returns FALSE (0000ms, 15122ms total)
T2014 6001:482 JLINK_IsHalted()  returns FALSE (0001ms, 15123ms total)
T2014 6002:123 JLINK_IsHalted()  returns FALSE (0000ms, 15122ms total)
T2014 6002:763 JLINK_IsHalted()  returns FALSE (0005ms, 15127ms total)
T2014 6003:408 JLINK_IsHalted()  returns FALSE (0000ms, 15122ms total)
T2014 6004:048 JLINK_IsHalted()  returns FALSE (0001ms, 15123ms total)
T2014 6004:689 JLINK_IsHalted()  returns FALSE (0000ms, 15122ms total)
T2014 6005:329 JLINK_IsHalted()  returns FALSE (0001ms, 15123ms total)
T2014 6005:970 JLINK_IsHalted()  returns FALSE (0000ms, 15122ms total)
T2014 6006:610 JLINK_IsHalted()  returns FALSE (0001ms, 15123ms total)
T2014 6007:251 JLINK_IsHalted()  returns FALSE (0002ms, 15124ms total)
T2014 6007:893 JLINK_IsHalted()  returns FALSE (0001ms, 15123ms total)
T2014 6008:534 JLINK_IsHalted()  returns FALSE (0000ms, 15122ms total)
T2014 6009:174 JLINK_IsHalted()  returns FALSE (0001ms, 15123ms total)
T2264 6009:578 JLINK_Halt()  returns 0x00 (0004ms, 15126ms total)
T2014 6009:815 JLINK_IsHalted()  returns TRUE (0001ms, 15127ms total)
T2014 6009:816 JLINK_GetMOEs(...) -- CPU_ReadMem(4 bytes @ 0xE000ED30) -- CPU_WriteMem(4 bytes @ 0xE000ED30)  returns 0x01 (0001ms, 15127ms total)
T2014 6009:817 JLINK_ReadReg(R15 (PC))  returns 0x00400B96 (0000ms, 15127ms total)
T1E6C 6009:818 JLINK_ResetPullsRESET(ON) (0000ms, 15127ms total)
T1E6C 6009:818 JLINK_ResetNoHalt() >0x2F8 JTAG>TotalIRLen = 4, IRPrint = 0x01 >0x30 JTAG> >0x210 JTAG> >0x70 JTAG> >0x40 JTAG> >0x40 JTAG> >0x40 JTAG> >0x48 JTAG> >0x78 JTAG> >0x40 JTAG> >0x30 JTAG> >0x40 JTAG> >0x40 JTAG> >0x30 JTAG> >0x40 JTAG> >0x48 JTAG>Found Cortex-M4 r0p1, Little endian. -- CPU_WriteMem(4 bytes @ 0xE0002000) -- CPU_ReadMem(4 bytes @ 0xE000EDF0) -- CPU_ReadMem(4 bytes @ 0xE0002000)FPUnit: 6 code (BP) slots and 2 literal slots -- CPU_ReadMem(4 bytes @ 0xE000EDFC)
 -- CPU_ReadMem(4 bytes @ 0xE0001000) -- CPU_ReadMem(4 bytes @ 0xE000ED88) -- CPU_WriteMem(4 bytes @ 0xE000ED88) -- CPU_ReadMem(4 bytes @ 0xE000ED88) -- CPU_WriteMem(4 bytes @ 0xE000ED88)CoreSight components:ROMTbl 0 @ E00FF000 -- CPU_ReadMem(16 bytes @ 0xE00FF000) -- CPU_ReadMem(16 bytes @ 0xE000EFF0) -- CPU_ReadMem(16 bytes @ 0xE000EFE0)ROMTbl 0 [0]: FFF0F000, CID: B105E00D, PID: 000BB000 SCS -- CPU_WriteMem(4 bytes @ 0xE0001000) -- CPU_ReadMem(16 bytes @ 0xE0001FF0)
 -- CPU_ReadMem(16 bytes @ 0xE0001FE0)ROMTbl 0 [1]: FFF02000, CID: B105E00D, PID: 003BB002 DWT -- CPU_ReadMem(16 bytes @ 0xE0002FF0) -- CPU_ReadMem(16 bytes @ 0xE0002FE0)ROMTbl 0 [2]: FFF03000, CID: B105E00D, PID: 002BB003 FPB -- CPU_ReadMem(16 bytes @ 0xE0000FF0) -- CPU_ReadMem(16 bytes @ 0xE0000FE0)ROMTbl 0 [3]: FFF01000, CID: B105E00D, PID: 003BB001 ITM -- CPU_ReadMem(16 bytes @ 0xE00FF010) -- CPU_ReadMem(16 bytes @ 0xE0040FF0) -- CPU_ReadMem(16 bytes @ 0xE0040FE0)
ROMTbl 0 [4]: FFF41000, CID: B105900D, PID: 000BB9A1 TPIU
                JLINK_Reset() -- CPU_ReadMem(16 bytes @ 0x20000000) -- CPU_WriteMem(16 bytes @ 0x20000000) -- CPU_ReadMem(4 bytes @ 0xE000EDFC) -- CPU_WriteMem(4 bytes @ 0xE000EDFC) -- CPU_ReadMem(4 bytes @ 0xE0001000) -- CPU_WriteMem(4 bytes @ 0xE000EDFC) -- CPU_WriteMem(16 bytes @ 0x20000000) -- CPU_WriteMem(4 bytes @ 0xE0002000) -- CPU_ReadMem(4 bytes @ 0xE000EDFC) -- CPU_ReadMem(4 bytes @ 0xE0001000) (0034ms, 0034ms total)
                JLINK_Go() -- CPU_ReadMem(4 bytes @ 0xE0001000) -- CPU_WriteMem(4 bytes @ 0xE0002008) -- CPU_WriteMem(4 bytes @ 0xE000200C) -- CPU_WriteMem(4 bytes @ 0xE0002010) -- CPU_WriteMem(4 bytes @ 0xE0002014) -- CPU_WriteMem(4 bytes @ 0xE0002018) -- CPU_WriteMem(4 bytes @ 0xE000201C) -- CPU_WriteMem(4 bytes @ 0xE0001004) (0004ms, 0038ms total)
               (0081ms, 15208ms total)
T1E6C 6009:908 JLINK_Close() -- CPU is running -- CPU_WriteMem(4 bytes @ 0xE0002008) -- CPU is running -- CPU_WriteMem(4 bytes @ 0xE000200C) -- CPU is running -- CPU_WriteMem(4 bytes @ 0xE0002010) -- CPU is running -- CPU_WriteMem(4 bytes @ 0xE0002014) -- CPU is running -- CPU_WriteMem(4 bytes @ 0xE0002018) -- CPU is running -- CPU_WriteMem(4 bytes @ 0xE000201C) >0x78 JTAG> >0x08 JTAG> (0006ms, 15214ms total)
T1E6C 6009:908  (0007ms, 15215ms total)
T1E6C 6009:908 Closed (0007ms, 15215ms total)
