T1980 8538:465 SEGGER J-Link V4.98e Log File (0000ms, 30971ms total)
T1980 8538:465 DLL Compiled: May  5 2015 11:00:52 (0000ms, 30971ms total)
T1980 8538:465 Logging started @ 2016-08-25 22:06 (0000ms, 30971ms total)
T1980 8538:479 JLINK_ExecCommand("Device = AT91SAM4SD32C", ...)Device "ATSAM4SD32C" selected.  returns 0x00 (0001ms, 30972ms total)
T1980 8538:539 JLINK_ExecCommand("ProjectFile = T:\11.02741-0\Entregas\Aula20-UART\20-UART\20-UART\jlink.config", ...)  returns 0x00 (0001ms, 30973ms total)
T1980 8538:553 JLINK_ExecCommand("Device = AT91SAM4SD32C", ...)Device "ATSAM4SD32C" selected.  returns 0x00 (0000ms, 30973ms total)
T1980 8538:553 JLINK_TIF_Select(JLINKARM_TIF_JTAG)  returns 0x00 (0002ms, 30975ms total)
T1980 8538:555 JLINK_GetIdData(...) >0x2F8 JTAG>TotalIRLen = 4, IRPrint = 0x01 >0x30 JTAG> >0x210 JTAG> >0x70 JTAG> >0x40 JTAG> >0x40 JTAG> >0x40 JTAG> >0x48 JTAG> >0x78 JTAG> >0x40 JTAG> >0x30 JTAG> >0x40 JTAG> >0x40 JTAG> >0x30 JTAG> >0x40 JTAG> >0x48 JTAG>Found Cortex-M4 r0p1, Little endian. -- CPU_WriteMem(4 bytes @ 0xE0002000) -- CPU_ReadMem(4 bytes @ 0xE000EDF0) -- CPU_ReadMem(4 bytes @ 0xE0002000)FPUnit: 6 code (BP) slots and 2 literal slots -- CPU_ReadMem(4 bytes @ 0xE000EDFC)
 -- CPU_ReadMem(4 bytes @ 0xE0001000) -- CPU_WriteMem(4 bytes @ 0xE0001000) -- CPU_ReadMem(4 bytes @ 0xE000ED88) -- CPU_WriteMem(4 bytes @ 0xE000ED88) -- CPU_ReadMem(4 bytes @ 0xE000ED88) -- CPU_WriteMem(4 bytes @ 0xE000ED88)CoreSight components:ROMTbl 0 @ E00FF000 -- CPU_ReadMem(16 bytes @ 0xE00FF000) -- CPU_ReadMem(16 bytes @ 0xE000EFF0) -- CPU_ReadMem(16 bytes @ 0xE000EFE0)ROMTbl 0 [0]: FFF0F000, CID: B105E00D, PID: 000BB000 SCS -- CPU_ReadMem(16 bytes @ 0xE0001FF0)
 -- CPU_ReadMem(16 bytes @ 0xE0001FE0)ROMTbl 0 [1]: FFF02000, CID: B105E00D, PID: 003BB002 DWT -- CPU_ReadMem(16 bytes @ 0xE0002FF0) -- CPU_ReadMem(16 bytes @ 0xE0002FE0)ROMTbl 0 [2]: FFF03000, CID: B105E00D, PID: 002BB003 FPB -- CPU_ReadMem(16 bytes @ 0xE0000FF0) -- CPU_ReadMem(16 bytes @ 0xE0000FE0)ROMTbl 0 [3]: FFF01000, CID: B105E00D, PID: 003BB001 ITM -- CPU_ReadMem(16 bytes @ 0xE00FF010) -- CPU_ReadMem(16 bytes @ 0xE0040FF0) -- CPU_ReadMem(16 bytes @ 0xE0040FE0)
ROMTbl 0 [4]: FFF41000, CID: B105900D, PID: 000BB9A1 TPIU ScanLen=4 NumDevices=1 aId[0]=0x4BA00477 aIrRead[0]=0 aScanLen[0]=0 aScanRead[0]=0 (0039ms, 31014ms total)
T1980 8538:594 JLINK_ConfigJTAG(IRPre = 0, DRPre = 0) (0000ms, 31014ms total)
T1980 8538:594 JLINK_SetSpeed(1000) (0001ms, 31015ms total)
T1980 8538:595 JLINK_ResetPullsRESET(OFF) (0000ms, 31015ms total)
T1980 8538:595 JLINK_Connect() >0x2F8 JTAG>TotalIRLen = 4, IRPrint = 0x01 >0x30 JTAG> >0x210 JTAG> >0x70 JTAG> >0x40 JTAG> >0x40 JTAG> >0x40 JTAG> >0x48 JTAG> >0x78 JTAG> >0x40 JTAG> >0x30 JTAG> >0x40 JTAG> >0x40 JTAG> >0x30 JTAG> >0x40 JTAG> >0x48 JTAG>Found Cortex-M4 r0p1, Little endian. -- CPU_WriteMem(4 bytes @ 0xE0002000) -- CPU_ReadMem(4 bytes @ 0xE000EDF0) -- CPU_ReadMem(4 bytes @ 0xE0002000)FPUnit: 6 code (BP) slots and 2 literal slots -- CPU_ReadMem(4 bytes @ 0xE000EDFC)
 -- CPU_ReadMem(4 bytes @ 0xE0001000) -- CPU_WriteMem(4 bytes @ 0xE0001000) -- CPU_ReadMem(4 bytes @ 0xE000ED88) -- CPU_WriteMem(4 bytes @ 0xE000ED88) -- CPU_ReadMem(4 bytes @ 0xE000ED88) -- CPU_WriteMem(4 bytes @ 0xE000ED88)CoreSight components:ROMTbl 0 @ E00FF000 -- CPU_ReadMem(16 bytes @ 0xE00FF000) -- CPU_ReadMem(16 bytes @ 0xE000EFF0) -- CPU_ReadMem(16 bytes @ 0xE000EFE0)ROMTbl 0 [0]: FFF0F000, CID: B105E00D, PID: 000BB000 SCS -- CPU_ReadMem(16 bytes @ 0xE0001FF0)
 -- CPU_ReadMem(16 bytes @ 0xE0001FE0)ROMTbl 0 [1]: FFF02000, CID: B105E00D, PID: 003BB002 DWT -- CPU_ReadMem(16 bytes @ 0xE0002FF0) -- CPU_ReadMem(16 bytes @ 0xE0002FE0)ROMTbl 0 [2]: FFF03000, CID: B105E00D, PID: 002BB003 FPB -- CPU_ReadMem(16 bytes @ 0xE0000FF0) -- CPU_ReadMem(16 bytes @ 0xE0000FE0)ROMTbl 0 [3]: FFF01000, CID: B105E00D, PID: 003BB001 ITM -- CPU_ReadMem(16 bytes @ 0xE00FF010) -- CPU_ReadMem(16 bytes @ 0xE0040FF0) -- CPU_ReadMem(16 bytes @ 0xE0040FE0)
ROMTbl 0 [4]: FFF41000, CID: B105900D, PID: 000BB9A1 TPIU  returns 0x00 (0036ms, 31051ms total)
T1980 8538:631 JLINK_GetDebugInfo(0x100) -- Value=0xE00FF003  returns 0x00 (0001ms, 31052ms total)
T1980 8538:632 JLINK_ReadMem (0xE00FFFF0, 0x0010 Bytes, ...) -- CPU is running -- CPU_ReadMem(16 bytes @ 0xE00FFFF0) - Data: 0D 00 00 00 10 00 00 00 05 00 00 00 B1 00 00 00  returns 0x00 (0001ms, 31053ms total)
T1980 8538:633 JLINK_ReadMem (0xE00FFFD0, 0x0020 Bytes, ...) -- CPU is running -- CPU_ReadMem(32 bytes @ 0xE00FFFD0) - Data: 04 00 00 00 00 00 00 00 00 00 00 00 00 00 00 00 ...  returns 0x00 (0002ms, 31055ms total)
T1980 8538:635 JLINK_ReadMemU32(0xE00FF000, 0x0001 Items, ...) -- CPU is running -- CPU_ReadMem(4 bytes @ 0xE00FF000) - Data: 03 F0 F0 FF  returns 0x01 (0001ms, 31056ms total)
T1980 8538:636 JLINK_ReadMem (0xE000EFF0, 0x0010 Bytes, ...) -- CPU is running -- CPU_ReadMem(16 bytes @ 0xE000EFF0) - Data: 0D 00 00 00 E0 00 00 00 05 00 00 00 B1 00 00 00  returns 0x00 (0001ms, 31057ms total)
T1980 8538:637 JLINK_ReadMem (0xE000EFD0, 0x0020 Bytes, ...) -- CPU is running -- CPU_ReadMem(32 bytes @ 0xE000EFD0) - Data: 04 00 00 00 00 00 00 00 00 00 00 00 00 00 00 00 ...  returns 0x00 (0002ms, 31059ms total)
T1980 8538:639 JLINK_ReadMemU32(0xE00FF004, 0x0001 Items, ...) -- CPU is running -- CPU_ReadMem(4 bytes @ 0xE00FF004) - Data: 03 20 F0 FF  returns 0x01 (0001ms, 31060ms total)
T1980 8538:640 JLINK_ReadMem (0xE0001FF0, 0x0010 Bytes, ...) -- CPU is running -- CPU_ReadMem(16 bytes @ 0xE0001FF0) - Data: 0D 00 00 00 E0 00 00 00 05 00 00 00 B1 00 00 00  returns 0x00 (0001ms, 31061ms total)
T1980 8538:641 JLINK_ReadMem (0xE0001FD0, 0x0020 Bytes, ...) -- CPU is running -- CPU_ReadMem(32 bytes @ 0xE0001FD0) - Data: 04 00 00 00 00 00 00 00 00 00 00 00 00 00 00 00 ...  returns 0x00 (0001ms, 31062ms total)
T1980 8538:642 JLINK_ReadMemU32(0xE00FF008, 0x0001 Items, ...) -- CPU is running -- CPU_ReadMem(4 bytes @ 0xE00FF008) - Data: 03 30 F0 FF  returns 0x01 (0001ms, 31063ms total)
T1980 8538:643 JLINK_ReadMem (0xE0002FF0, 0x0010 Bytes, ...) -- CPU is running -- CPU_ReadMem(16 bytes @ 0xE0002FF0) - Data: 0D 00 00 00 E0 00 00 00 05 00 00 00 B1 00 00 00  returns 0x00 (0002ms, 31065ms total)
T1980 8538:645 JLINK_ReadMem (0xE0002FD0, 0x0020 Bytes, ...) -- CPU is running -- CPU_ReadMem(32 bytes @ 0xE0002FD0) - Data: 04 00 00 00 00 00 00 00 00 00 00 00 00 00 00 00 ...  returns 0x00 (0001ms, 31066ms total)
T1980 8538:646 JLINK_ReadMemU32(0xE00FF00C, 0x0001 Items, ...) -- CPU is running -- CPU_ReadMem(4 bytes @ 0xE00FF00C) - Data: 03 10 F0 FF  returns 0x01 (0001ms, 31067ms total)
T1980 8538:647 JLINK_ReadMem (0xE0000FF0, 0x0010 Bytes, ...) -- CPU is running -- CPU_ReadMem(16 bytes @ 0xE0000FF0) - Data: 0D 00 00 00 E0 00 00 00 05 00 00 00 B1 00 00 00  returns 0x00 (0002ms, 31069ms total)
T1980 8538:649 JLINK_ReadMem (0xE0000FD0, 0x0020 Bytes, ...) -- CPU is running -- CPU_ReadMem(32 bytes @ 0xE0000FD0) - Data: 04 00 00 00 00 00 00 00 00 00 00 00 00 00 00 00 ...  returns 0x00 (0001ms, 31070ms total)
T1980 8538:650 JLINK_ReadMemU32(0xE00FF010, 0x0001 Items, ...) -- CPU is running -- CPU_ReadMem(4 bytes @ 0xE00FF010) - Data: 03 10 F4 FF  returns 0x01 (0001ms, 31071ms total)
T1980 8538:651 JLINK_ReadMem (0xE0040FF0, 0x0010 Bytes, ...) -- CPU is running -- CPU_ReadMem(16 bytes @ 0xE0040FF0) - Data: 0D 00 00 00 90 00 00 00 05 00 00 00 B1 00 00 00  returns 0x00 (0002ms, 31073ms total)
T1980 8538:653 JLINK_ReadMem (0xE0040FD0, 0x0020 Bytes, ...) -- CPU is running -- CPU_ReadMem(32 bytes @ 0xE0040FD0) - Data: 04 00 00 00 00 00 00 00 00 00 00 00 00 00 00 00 ...  returns 0x00 (0001ms, 31074ms total)
T1980 8538:654 JLINK_ReadMemU32(0xE00FF014, 0x0001 Items, ...) -- CPU is running -- CPU_ReadMem(4 bytes @ 0xE00FF014) - Data: 02 20 F4 FF  returns 0x01 (0002ms, 31076ms total)
T1980 8538:656 JLINK_ReadMemU32(0xE00FF018, 0x0001 Items, ...) -- CPU is running -- CPU_ReadMem(4 bytes @ 0xE00FF018) - Data: 00 00 00 00  returns 0x01 (0001ms, 31077ms total)
T1980 8538:657 JLINK_ReadMem (0xE0001000, 0x0004 Bytes, ...) -- CPU is running -- CPU_ReadMem(4 bytes @ 0xE0001000) - Data: 01 00 00 40  returns 0x00 (0001ms, 31078ms total)
T1980 8538:658 JLINK_ReadMem (0xE0001000, 0x0004 Bytes, ...) -- CPU is running -- CPU_ReadMem(4 bytes @ 0xE0001000) - Data: 01 00 00 40  returns 0x00 (0001ms, 31079ms total)
T1980 8538:659 JLINK_ReadMem (0xE0001028, 0x0004 Bytes, ...) -- CPU is running -- CPU_ReadMem(4 bytes @ 0xE0001028) - Data: 00 00 00 00  returns 0x00 (0002ms, 31081ms total)
T1980 8538:661 JLINK_WriteMem(0xE0001028, 0x0004 Bytes, ...) - Data: 00 01 00 00 -- CPU is running -- CPU_WriteMem(4 bytes @ 0xE0001028)  returns 0x04 (0001ms, 31082ms total)
T1980 8538:662 JLINK_ReadMem (0xE0001028, 0x0004 Bytes, ...) -- CPU is running -- CPU_ReadMem(4 bytes @ 0xE0001028) - Data: 00 00 00 00  returns 0x00 (0001ms, 31083ms total)
T1980 8538:663 JLINK_ReadMem (0xE0001038, 0x0004 Bytes, ...) -- CPU is running -- CPU_ReadMem(4 bytes @ 0xE0001038) - Data: 00 02 00 00  returns 0x00 (0001ms, 31084ms total)
T1980 8538:664 JLINK_WriteMem(0xE0001038, 0x0004 Bytes, ...) - Data: 00 03 00 00 -- CPU is running -- CPU_WriteMem(4 bytes @ 0xE0001038)  returns 0x04 (0001ms, 31085ms total)
T1980 8538:665 JLINK_ReadMem (0xE0001038, 0x0004 Bytes, ...) -- CPU is running -- CPU_ReadMem(4 bytes @ 0xE0001038) - Data: 00 03 00 00  returns 0x00 (0001ms, 31086ms total)
T1980 8538:666 JLINK_ReadMem (0xE0001048, 0x0004 Bytes, ...) -- CPU is running -- CPU_ReadMem(4 bytes @ 0xE0001048) - Data: 00 00 00 00  returns 0x00 (0001ms, 31087ms total)
T1980 8538:667 JLINK_WriteMem(0xE0001048, 0x0004 Bytes, ...) - Data: 00 01 00 00 -- CPU is running -- CPU_WriteMem(4 bytes @ 0xE0001048)  returns 0x04 (0001ms, 31088ms total)
T1980 8538:668 JLINK_ReadMem (0xE0001048, 0x0004 Bytes, ...) -- CPU is running -- CPU_ReadMem(4 bytes @ 0xE0001048) - Data: 00 00 00 00  returns 0x00 (0001ms, 31089ms total)
T1980 8538:669 JLINK_ReadMem (0xE0001058, 0x0004 Bytes, ...) -- CPU is running -- CPU_ReadMem(4 bytes @ 0xE0001058) - Data: 00 00 00 00  returns 0x00 (0001ms, 31090ms total)
T1980 8538:670 JLINK_WriteMem(0xE0001058, 0x0004 Bytes, ...) - Data: 00 01 00 00 -- CPU is running -- CPU_WriteMem(4 bytes @ 0xE0001058)  returns 0x04 (0001ms, 31091ms total)
T1980 8538:671 JLINK_ReadMem (0xE0001058, 0x0004 Bytes, ...) -- CPU is running -- CPU_ReadMem(4 bytes @ 0xE0001058) - Data: 00 00 00 00  returns 0x00 (0001ms, 31092ms total)
T1980 8538:672 JLINK_ReadMem (0xE0001024, 0x0004 Bytes, ...) -- CPU is running -- CPU_ReadMem(4 bytes @ 0xE0001024) - Data: 00 00 00 00  returns 0x00 (0001ms, 31093ms total)
T1980 8538:673 JLINK_WriteMem(0xE0001024, 0x0004 Bytes, ...) - Data: 1F 00 00 00 -- CPU is running -- CPU_WriteMem(4 bytes @ 0xE0001024)  returns 0x04 (0001ms, 31094ms total)
T1980 8538:674 JLINK_ReadMem (0xE0001024, 0x0004 Bytes, ...) -- CPU is running -- CPU_ReadMem(4 bytes @ 0xE0001024) - Data: 0F 00 00 00  returns 0x00 (0001ms, 31095ms total)
T1980 8538:675 JLINK_ReadMem (0xE0001034, 0x0004 Bytes, ...) -- CPU is running -- CPU_ReadMem(4 bytes @ 0xE0001034) - Data: 00 00 00 00  returns 0x00 (0001ms, 31096ms total)
T1980 8538:676 JLINK_WriteMem(0xE0001034, 0x0004 Bytes, ...) - Data: 1F 00 00 00 -- CPU is running -- CPU_WriteMem(4 bytes @ 0xE0001034)  returns 0x04 (0001ms, 31097ms total)
T1980 8538:677 JLINK_ReadMem (0xE0001034, 0x0004 Bytes, ...) -- CPU is running -- CPU_ReadMem(4 bytes @ 0xE0001034) - Data: 0F 00 00 00  returns 0x00 (0001ms, 31098ms total)
T1980 8538:678 JLINK_ReadMem (0xE0001044, 0x0004 Bytes, ...) -- CPU is running -- CPU_ReadMem(4 bytes @ 0xE0001044) - Data: 00 00 00 00  returns 0x00 (0001ms, 31099ms total)
T1980 8538:679 JLINK_WriteMem(0xE0001044, 0x0004 Bytes, ...) - Data: 1F 00 00 00 -- CPU is running -- CPU_WriteMem(4 bytes @ 0xE0001044)  returns 0x04 (0001ms, 31100ms total)
T1980 8538:680 JLINK_ReadMem (0xE0001044, 0x0004 Bytes, ...) -- CPU is running -- CPU_ReadMem(4 bytes @ 0xE0001044) - Data: 0F 00 00 00  returns 0x00 (0001ms, 31101ms total)
T1980 8538:681 JLINK_ReadMem (0xE0001054, 0x0004 Bytes, ...) -- CPU is running -- CPU_ReadMem(4 bytes @ 0xE0001054) - Data: 00 00 00 00  returns 0x00 (0001ms, 31102ms total)
T1980 8538:682 JLINK_WriteMem(0xE0001054, 0x0004 Bytes, ...) - Data: 1F 00 00 00 -- CPU is running -- CPU_WriteMem(4 bytes @ 0xE0001054)  returns 0x04 (0001ms, 31103ms total)
T1980 8538:683 JLINK_ReadMem (0xE0001054, 0x0004 Bytes, ...) -- CPU is running -- CPU_ReadMem(4 bytes @ 0xE0001054) - Data: 0F 00 00 00  returns 0x00 (0002ms, 31105ms total)
T1980 8538:685 JLINK_ReadMem (0xE0001028, 0x0004 Bytes, ...) -- CPU is running -- CPU_ReadMem(4 bytes @ 0xE0001028) - Data: 00 00 00 00  returns 0x00 (0001ms, 31106ms total)
T1980 8538:686 JLINK_ReadMem (0xE0001038, 0x0004 Bytes, ...) -- CPU is running -- CPU_ReadMem(4 bytes @ 0xE0001038) - Data: 00 03 00 00  returns 0x00 (0001ms, 31107ms total)
T1980 8538:687 JLINK_ReadMem (0xE0001048, 0x0004 Bytes, ...) -- CPU is running -- CPU_ReadMem(4 bytes @ 0xE0001048) - Data: 00 00 00 00  returns 0x00 (0001ms, 31108ms total)
T1980 8538:688 JLINK_ReadMem (0xE0001058, 0x0004 Bytes, ...) -- CPU is running -- CPU_ReadMem(4 bytes @ 0xE0001058) - Data: 00 00 00 00  returns 0x00 (0002ms, 31110ms total)
T1980 8538:690 JLINK_WriteMem(0xE0001020, 0x0004 Bytes, ...) - Data: 00 00 00 00 -- CPU is running -- CPU_WriteMem(4 bytes @ 0xE0001020)  returns 0x04 (0001ms, 31111ms total)
T1980 8538:691 JLINK_WriteMem(0xE0001024, 0x0004 Bytes, ...) - Data: 00 00 00 00 -- CPU is running -- CPU_WriteMem(4 bytes @ 0xE0001024)  returns 0x04 (0001ms, 31112ms total)
T1980 8538:692 JLINK_WriteMem(0xE0001028, 0x0004 Bytes, ...) - Data: 00 00 00 00 -- CPU is running -- CPU_WriteMem(4 bytes @ 0xE0001028)  returns 0x04 (0000ms, 31112ms total)
T1980 8538:692 JLINK_WriteMem(0xE0001030, 0x0004 Bytes, ...) - Data: 00 00 00 00 -- CPU is running -- CPU_WriteMem(4 bytes @ 0xE0001030)  returns 0x04 (0001ms, 31113ms total)
T1980 8538:693 JLINK_WriteMem(0xE0001034, 0x0004 Bytes, ...) - Data: 00 00 00 00 -- CPU is running -- CPU_WriteMem(4 bytes @ 0xE0001034)  returns 0x04 (0001ms, 31114ms total)
T1980 8538:694 JLINK_WriteMem(0xE0001038, 0x0004 Bytes, ...) - Data: 00 00 00 00 -- CPU is running -- CPU_WriteMem(4 bytes @ 0xE0001038)  returns 0x04 (0001ms, 31115ms total)
T1980 8538:695 JLINK_WriteMem(0xE0001040, 0x0004 Bytes, ...) - Data: 00 00 00 00 -- CPU is running -- CPU_WriteMem(4 bytes @ 0xE0001040)  returns 0x04 (0001ms, 31116ms total)
T1980 8538:696 JLINK_WriteMem(0xE0001044, 0x0004 Bytes, ...) - Data: 00 00 00 00 -- CPU is running -- CPU_WriteMem(4 bytes @ 0xE0001044)  returns 0x04 (0001ms, 31117ms total)
T1980 8538:697 JLINK_WriteMem(0xE0001048, 0x0004 Bytes, ...) - Data: 00 00 00 00 -- CPU is running -- CPU_WriteMem(4 bytes @ 0xE0001048)  returns 0x04 (0001ms, 31118ms total)
T1980 8538:698 JLINK_WriteMem(0xE0001050, 0x0004 Bytes, ...) - Data: 00 00 00 00 -- CPU is running -- CPU_WriteMem(4 bytes @ 0xE0001050)  returns 0x04 (0001ms, 31119ms total)
T1980 8538:699 JLINK_WriteMem(0xE0001054, 0x0004 Bytes, ...) - Data: 00 00 00 00 -- CPU is running -- CPU_WriteMem(4 bytes @ 0xE0001054)  returns 0x04 (0001ms, 31120ms total)
T1980 8538:700 JLINK_WriteMem(0xE0001058, 0x0004 Bytes, ...) - Data: 00 00 00 00 -- CPU is running -- CPU_WriteMem(4 bytes @ 0xE0001058)  returns 0x04 (0001ms, 31121ms total)
T1980 8538:701 JLINK_Halt()  returns 0x00 (0008ms, 31129ms total)
T1980 8538:709 JLINK_WriteMem(0x400E0A04, 0x0004 Bytes, ...) - Data: 0B 01 00 5A -- CPU_WriteMem(4 bytes @ 0x400E0A04)  returns 0x04 (0001ms, 31130ms total)
T1980 8538:710 JLINK_ReadMem (0x400E0A08, 0x0004 Bytes, ...) -- CPU_ReadMem(4 bytes @ 0x400E0A08) - Data: 01 00 00 00  returns 0x00 (0001ms, 31131ms total)
T1980 8538:711 JLINK_WriteMem(0x400E0A04, 0x0004 Bytes, ...) - Data: 0C 02 00 5A -- CPU_WriteMem(4 bytes @ 0x400E0A04)  returns 0x04 (0001ms, 31132ms total)
T1980 8538:712 JLINK_ReadMem (0x400E0A08, 0x0004 Bytes, ...) -- CPU_ReadMem(4 bytes @ 0x400E0A08) - Data: 01 00 00 00  returns 0x00 (0001ms, 31133ms total)
T1980 8538:713 JLINK_Reset() -- CPU_ReadMem(16 bytes @ 0x20000000) -- CPU_WriteMem(16 bytes @ 0x20000000) -- CPU_ReadMem(4 bytes @ 0xE000EDFC) -- CPU_WriteMem(4 bytes @ 0xE000EDFC) -- CPU_ReadMem(4 bytes @ 0xE0001000) -- CPU_WriteMem(4 bytes @ 0xE000EDFC) -- CPU_WriteMem(16 bytes @ 0x20000000) -- CPU_WriteMem(4 bytes @ 0xE0002000) -- CPU_ReadMem(4 bytes @ 0xE000EDFC) -- CPU_ReadMem(4 bytes @ 0xE0001000) (0039ms, 31172ms total)
T1980 8538:754 JLINK_JTAG_GetDeviceID(DeviceIndex = 0)  returns 0x4BA00477 (0000ms, 31172ms total)
T1980 8538:754 JLINK_ReadMemU32(0x400E0740, 0x0001 Items, ...) -- CPU_ReadMem(4 bytes @ 0x400E0740) - Data: E0 0E A7 29  returns 0x01 (0001ms, 31173ms total)
T1980 8538:755 JLINK_ReadMemU32(0x400E0744, 0x0001 Items, ...) -- CPU_ReadMem(4 bytes @ 0x400E0744) - Data: 00 00 00 00  returns 0x01 (0002ms, 31175ms total)
T1980 8538:757 JLINK_WriteMem(0x400E0A04, 0x0004 Bytes, ...) - Data: 05 00 00 5A -- CPU_WriteMem(4 bytes @ 0x400E0A04)  returns 0x04 (0001ms, 31176ms total)
T1980 8538:758 JLINK_WriteMem(0x400E0C04, 0x0004 Bytes, ...) - Data: 05 00 00 5A -- CPU_WriteMem(4 bytes @ 0x400E0C04)  returns 0x04 (0001ms, 31177ms total)
T1980 8538:759 JLINK_ReadMem (0x400E0A08, 0x0004 Bytes, ...) -- CPU_ReadMem(4 bytes @ 0x400E0A08) - Data: 00 00 00 00  returns 0x00 (0001ms, 31178ms total)
T1980 8538:761 JLINK_ReadMem (0x400E0A08, 0x0004 Bytes, ...) -- CPU_ReadMem(4 bytes @ 0x400E0A08) - Data: 00 00 00 00  returns 0x00 (0001ms, 31179ms total)
T1F00 8538:764 JLINK_IsHalted()  returns TRUE (0000ms, 31179ms total)
T1F00 8538:764 JLINK_GetMOEs(...) -- CPU_ReadMem(4 bytes @ 0xE000ED30) -- CPU_WriteMem(4 bytes @ 0xE000ED30)  returns 0x01 (0002ms, 31181ms total)
T1980 8538:766 JLINK_ReadMem (0x400E0A08, 0x0004 Bytes, ...) -- CPU_ReadMem(4 bytes @ 0x400E0A08) - Data: 00 00 00 00  returns 0x00 (0002ms, 31183ms total)
T1F00 8538:768 JLINK_ReadReg(R15 (PC))  returns 0x00400D4C (0000ms, 31183ms total)
T1980 8538:784 JLINK_ReadMem (0x400E0A08, 0x0004 Bytes, ...) -- CPU_ReadMem(4 bytes @ 0x400E0A08) - Data: 00 00 00 00  returns 0x00 (0001ms, 31184ms total)
T1980 8538:850 JLINK_ReadMem (0x400E0A08, 0x0004 Bytes, ...) -- CPU_ReadMem(4 bytes @ 0x400E0A08) - Data: 00 00 00 00  returns 0x00 (0002ms, 31186ms total)
T1F00 8538:968 JLINK_IsHalted()  returns TRUE (0000ms, 31186ms total)
T1980 8539:108 JLINK_ReadMem (0x400E0A08, 0x0004 Bytes, ...) -- CPU_ReadMem(4 bytes @ 0x400E0A08) - Data: 00 00 00 00  returns 0x00 (0001ms, 31187ms total)
T1F00 8539:168 JLINK_IsHalted()  returns TRUE (0000ms, 31187ms total)
T1F00 8539:368 JLINK_IsHalted()  returns TRUE (0001ms, 31188ms total)
T1F00 8539:569 JLINK_IsHalted()  returns TRUE (0000ms, 31187ms total)
T1F00 8539:769 JLINK_IsHalted()  returns TRUE (0000ms, 31187ms total)
T1F00 8539:970 JLINK_IsHalted()  returns TRUE (0002ms, 31189ms total)
T1980 8540:109 JLINK_ReadMem (0x400E0A08, 0x0004 Bytes, ...) -- CPU_ReadMem(4 bytes @ 0x400E0A08) - Data: 00 00 00 00  returns 0x00 (0001ms, 31188ms total)
T1980 8540:111 JLINK_ReadMem (0x400E0C08, 0x0004 Bytes, ...) -- CPU_ReadMem(4 bytes @ 0x400E0C08) - Data: 00 00 00 00  returns 0x00 (0001ms, 31189ms total)
T1980 8540:113 JLINK_ReadMem (0x400E0C08, 0x0004 Bytes, ...) -- CPU_ReadMem(4 bytes @ 0x400E0C08) - Data: 00 00 00 00  returns 0x00 (0001ms, 31190ms total)
T1980 8540:119 JLINK_ReadMem (0x400E0C08, 0x0004 Bytes, ...) -- CPU_ReadMem(4 bytes @ 0x400E0C08) - Data: 00 00 00 00  returns 0x00 (0001ms, 31191ms total)
T1980 8540:136 JLINK_ReadMem (0x400E0C08, 0x0004 Bytes, ...) -- CPU_ReadMem(4 bytes @ 0x400E0C08) - Data: 00 00 00 00  returns 0x00 (0001ms, 31192ms total)
T1F00 8540:172 JLINK_IsHalted()  returns TRUE (0000ms, 31192ms total)
T1980 8540:201 JLINK_ReadMem (0x400E0C08, 0x0004 Bytes, ...) -- CPU_ReadMem(4 bytes @ 0x400E0C08) - Data: 00 00 00 00  returns 0x00 (0001ms, 31193ms total)
T1F00 8540:372 JLINK_IsHalted()  returns TRUE (0000ms, 31193ms total)
T1980 8540:458 JLINK_ReadMem (0x400E0C08, 0x0004 Bytes, ...) -- CPU_ReadMem(4 bytes @ 0x400E0C08) - Data: 00 00 00 00  returns 0x00 (0001ms, 31194ms total)
T1F00 8540:572 JLINK_IsHalted()  returns TRUE (0001ms, 31195ms total)
T1F00 8540:773 JLINK_IsHalted()  returns TRUE (0000ms, 31194ms total)
T1F00 8540:973 JLINK_IsHalted()  returns TRUE (0000ms, 31194ms total)
T1F00 8541:173 JLINK_IsHalted()  returns TRUE (0002ms, 31196ms total)
T1F00 8541:375 JLINK_IsHalted()  returns TRUE (0000ms, 31194ms total)
T1980 8541:459 JLINK_ReadMem (0x400E0C08, 0x0004 Bytes, ...) -- CPU_ReadMem(4 bytes @ 0x400E0C08) - Data: 00 00 00 00  returns 0x00 (0001ms, 31195ms total)
T1980 8541:460 JLINK_ReadMem (0x400E0A08, 0x0004 Bytes, ...) -- CPU_ReadMem(4 bytes @ 0x400E0A08) - Data: 00 00 00 00  returns 0x00 (0002ms, 31197ms total)
T1980 8541:463 JLINK_ReadMem (0x400E0A08, 0x0004 Bytes, ...) -- CPU_ReadMem(4 bytes @ 0x400E0A08) - Data: 00 00 00 00  returns 0x00 (0001ms, 31198ms total)
T1980 8541:468 JLINK_ReadMem (0x400E0A08, 0x0004 Bytes, ...) -- CPU_ReadMem(4 bytes @ 0x400E0A08) - Data: 00 00 00 00  returns 0x00 (0002ms, 31200ms total)
T1980 8541:486 JLINK_ReadMem (0x400E0A08, 0x0004 Bytes, ...) -- CPU_ReadMem(4 bytes @ 0x400E0A08) - Data: 00 00 00 00  returns 0x00 (0001ms, 31201ms total)
T1980 8541:551 JLINK_ReadMem (0x400E0A08, 0x0004 Bytes, ...) -- CPU_ReadMem(4 bytes @ 0x400E0A08) - Data: 00 00 00 00  returns 0x00 (0001ms, 31202ms total)
T1F00 8541:575 JLINK_IsHalted()  returns TRUE (0000ms, 31202ms total)
T1F00 8541:775 JLINK_IsHalted()  returns TRUE (0002ms, 31204ms total)
T1980 8541:808 JLINK_ReadMem (0x400E0A08, 0x0004 Bytes, ...) -- CPU_ReadMem(4 bytes @ 0x400E0A08) - Data: 00 00 00 00  returns 0x00 (0001ms, 31203ms total)
T1F00 8541:977 JLINK_IsHalted()  returns TRUE (0000ms, 31203ms total)
T1F00 8542:177 JLINK_IsHalted()  returns TRUE (0000ms, 31203ms total)
T1F00 8542:377 JLINK_IsHalted()  returns TRUE (0001ms, 31204ms total)
T1F00 8542:578 JLINK_IsHalted()  returns TRUE (0000ms, 31203ms total)
T1F00 8542:779 JLINK_IsHalted()  returns TRUE (0000ms, 31203ms total)
T1980 8542:809 JLINK_ReadMem (0x400E0A08, 0x0004 Bytes, ...) -- CPU_ReadMem(4 bytes @ 0x400E0A08) - Data: 00 00 00 00  returns 0x00 (0002ms, 31205ms total)
T1980 8542:811 JLINK_ReadMem (0x400E0C08, 0x0004 Bytes, ...) -- CPU_ReadMem(4 bytes @ 0x400E0C08) - Data: 00 00 00 00  returns 0x00 (0002ms, 31207ms total)
T1980 8542:814 JLINK_ReadMem (0x400E0C08, 0x0004 Bytes, ...) -- CPU_ReadMem(4 bytes @ 0x400E0C08) - Data: 00 00 00 00  returns 0x00 (0001ms, 31208ms total)
T1980 8542:819 JLINK_ReadMem (0x400E0C08, 0x0004 Bytes, ...) -- CPU_ReadMem(4 bytes @ 0x400E0C08) - Data: 00 00 00 00  returns 0x00 (0001ms, 31209ms total)
T1980 8542:836 JLINK_ReadMem (0x400E0C08, 0x0004 Bytes, ...) -- CPU_ReadMem(4 bytes @ 0x400E0C08) - Data: 00 00 00 00  returns 0x00 (0001ms, 31210ms total)
T1980 8542:901 JLINK_ReadMem (0x400E0C08, 0x0004 Bytes, ...) -- CPU_ReadMem(4 bytes @ 0x400E0C08) - Data: 00 00 00 00  returns 0x00 (0001ms, 31211ms total)
T1F00 8542:979 JLINK_IsHalted()  returns TRUE (0001ms, 31212ms total)
T1980 8543:158 JLINK_ReadMem (0x400E0C08, 0x0004 Bytes, ...) -- CPU_ReadMem(4 bytes @ 0x400E0C08) - Data: 00 00 00 00  returns 0x00 (0001ms, 31212ms total)
T1F00 8543:180 JLINK_IsHalted()  returns TRUE (0000ms, 31212ms total)
T1F00 8543:380 JLINK_IsHalted()  returns TRUE (0000ms, 31212ms total)
T1F00 8543:580 JLINK_IsHalted()  returns TRUE (0001ms, 31213ms total)
T1F00 8543:781 JLINK_IsHalted()  returns TRUE (0000ms, 31212ms total)
T1F00 8543:981 JLINK_IsHalted()  returns TRUE (0000ms, 31212ms total)
T1980 8544:159 JLINK_ReadMem (0x400E0C08, 0x0004 Bytes, ...) -- CPU_ReadMem(4 bytes @ 0x400E0C08) - Data: 01 00 00 00  returns 0x00 (0001ms, 31213ms total)
T1980 8544:160 JLINK_ReadMem (0x400E0A08, 0x0004 Bytes, ...) -- CPU_ReadMem(4 bytes @ 0x400E0A08) - Data: 01 00 00 00  returns 0x00 (0002ms, 31215ms total)
T1F00 8544:181 JLINK_IsHalted()  returns TRUE (0001ms, 31216ms total)
T1980 8544:183 JLINK_ResetPullsRESET(ON) (0000ms, 31215ms total)
T1980 8544:183 JLINK_ResetNoHalt() >0x2F8 JTAG>TotalIRLen = 4, IRPrint = 0x01 >0x30 JTAG> >0x210 JTAG> >0x70 JTAG> >0x40 JTAG> >0x40 JTAG> >0x40 JTAG> >0x48 JTAG> >0x78 JTAG> >0x40 JTAG> >0x30 JTAG> >0x40 JTAG> >0x40 JTAG> >0x30 JTAG> >0x40 JTAG> >0x48 JTAG>Found Cortex-M4 r0p1, Little endian. -- CPU_WriteMem(4 bytes @ 0xE0002000) -- CPU_ReadMem(4 bytes @ 0xE000EDF0) -- CPU_ReadMem(4 bytes @ 0xE0002000)FPUnit: 6 code (BP) slots and 2 literal slots -- CPU_ReadMem(4 bytes @ 0xE000EDFC)
 -- CPU_ReadMem(4 bytes @ 0xE0001000) -- CPU_ReadMem(4 bytes @ 0xE000ED88) -- CPU_WriteMem(4 bytes @ 0xE000ED88) -- CPU_ReadMem(4 bytes @ 0xE000ED88) -- CPU_WriteMem(4 bytes @ 0xE000ED88)CoreSight components:ROMTbl 0 @ E00FF000 -- CPU_ReadMem(16 bytes @ 0xE00FF000) -- CPU_ReadMem(16 bytes @ 0xE000EFF0) -- CPU_ReadMem(16 bytes @ 0xE000EFE0)ROMTbl 0 [0]: FFF0F000, CID: B105E00D, PID: 000BB000 SCS -- CPU_WriteMem(4 bytes @ 0xE0001000) -- CPU_ReadMem(16 bytes @ 0xE0001FF0)
 -- CPU_ReadMem(16 bytes @ 0xE0001FE0)ROMTbl 0 [1]: FFF02000, CID: B105E00D, PID: 003BB002 DWT -- CPU_ReadMem(16 bytes @ 0xE0002FF0) -- CPU_ReadMem(16 bytes @ 0xE0002FE0)ROMTbl 0 [2]: FFF03000, CID: B105E00D, PID: 002BB003 FPB -- CPU_ReadMem(16 bytes @ 0xE0000FF0) -- CPU_ReadMem(16 bytes @ 0xE0000FE0)ROMTbl 0 [3]: FFF01000, CID: B105E00D, PID: 003BB001 ITM -- CPU_ReadMem(16 bytes @ 0xE00FF010) -- CPU_ReadMem(16 bytes @ 0xE0040FF0) -- CPU_ReadMem(16 bytes @ 0xE0040FE0)
ROMTbl 0 [4]: FFF41000, CID: B105900D, PID: 000BB9A1 TPIU
                JLINK_Reset() -- CPU_ReadMem(16 bytes @ 0x20000000) -- CPU_WriteMem(16 bytes @ 0x20000000) -- CPU_ReadMem(4 bytes @ 0xE000EDFC) -- CPU_WriteMem(4 bytes @ 0xE000EDFC) -- CPU_ReadMem(4 bytes @ 0xE0001000) -- CPU_WriteMem(4 bytes @ 0xE0001004) -- CPU_WriteMem(4 bytes @ 0xE000EDFC) -- CPU_WriteMem(16 bytes @ 0x20000000) -- CPU_WriteMem(4 bytes @ 0xE0002000) -- CPU_ReadMem(4 bytes @ 0xE000EDFC) -- CPU_ReadMem(4 bytes @ 0xE0001000) (0042ms, 0042ms total)
                JLINK_Go() -- CPU_ReadMem(4 bytes @ 0xE0001000) -- CPU_WriteMem(4 bytes @ 0xE0001004) (0005ms, 0047ms total)
               (0096ms, 31311ms total)
T1980 8544:279 JLINK_ExecCommand("ProjectFile = T:\11.02741-0\Entregas\Aula20-UART\20-UART\20-UART\jlink.config", ...)  returns 0x00 (0001ms, 31312ms total)
T1980 8544:292 JLINK_ExecCommand("Device = AT91SAM4SD32C", ...)Device "ATSAM4SD32C" selected.  returns 0x00 (0001ms, 31313ms total)
T1980 8544:293 JLINK_TIF_Select(JLINKARM_TIF_JTAG)  returns 0x00 (0000ms, 31313ms total)
T1980 8544:293 JLINK_GetIdData(...) ScanLen=4 NumDevices=1 aId[0]=0x4BA00477 aIrRead[0]=0 aScanLen[0]=0 aScanRead[0]=0 (0000ms, 31313ms total)
T1980 8544:293 JLINK_ConfigJTAG(IRPre = 0, DRPre = 0) (0000ms, 31313ms total)
T1980 8544:293 JLINK_SetSpeed(1000) (0001ms, 31314ms total)
T1980 8544:294 JLINK_ResetPullsRESET(OFF) (0000ms, 31314ms total)
T1980 8544:294 JLINK_Connect() >0x2F8 JTAG>TotalIRLen = 4, IRPrint = 0x01 >0x30 JTAG> >0x210 JTAG> >0x70 JTAG> >0x40 JTAG> >0x40 JTAG> >0x40 JTAG> >0x48 JTAG> >0x78 JTAG> >0x40 JTAG> >0x30 JTAG> >0x40 JTAG> >0x40 JTAG> >0x30 JTAG> >0x40 JTAG> >0x48 JTAG>Found Cortex-M4 r0p1, Little endian. -- CPU_WriteMem(4 bytes @ 0xE0002000) -- CPU_ReadMem(4 bytes @ 0xE000EDF0) -- CPU_ReadMem(4 bytes @ 0xE0002000)FPUnit: 6 code (BP) slots and 2 literal slots -- CPU_ReadMem(4 bytes @ 0xE000EDFC)
 -- CPU_ReadMem(4 bytes @ 0xE0001000) -- CPU_WriteMem(4 bytes @ 0xE0001000) -- CPU_ReadMem(4 bytes @ 0xE000ED88) -- CPU_WriteMem(4 bytes @ 0xE000ED88) -- CPU_ReadMem(4 bytes @ 0xE000ED88) -- CPU_WriteMem(4 bytes @ 0xE000ED88)CoreSight components:ROMTbl 0 @ E00FF000 -- CPU_ReadMem(16 bytes @ 0xE00FF000) -- CPU_ReadMem(16 bytes @ 0xE000EFF0) -- CPU_ReadMem(16 bytes @ 0xE000EFE0)ROMTbl 0 [0]: FFF0F000, CID: B105E00D, PID: 000BB000 SCS -- CPU_ReadMem(16 bytes @ 0xE0001FF0)
 -- CPU_ReadMem(16 bytes @ 0xE0001FE0)ROMTbl 0 [1]: FFF02000, CID: B105E00D, PID: 003BB002 DWT -- CPU_ReadMem(16 bytes @ 0xE0002FF0) -- CPU_ReadMem(16 bytes @ 0xE0002FE0)ROMTbl 0 [2]: FFF03000, CID: B105E00D, PID: 002BB003 FPB -- CPU_ReadMem(16 bytes @ 0xE0000FF0) -- CPU_ReadMem(16 bytes @ 0xE0000FE0)ROMTbl 0 [3]: FFF01000, CID: B105E00D, PID: 003BB001 ITM -- CPU_ReadMem(16 bytes @ 0xE00FF010) -- CPU_ReadMem(16 bytes @ 0xE0040FF0) -- CPU_ReadMem(16 bytes @ 0xE0040FE0)
ROMTbl 0 [4]: FFF41000, CID: B105900D, PID: 000BB9A1 TPIU  returns 0x00 (0050ms, 31364ms total)
T1980 8544:344 JLINK_WriteMem(0xE0001020, 0x0004 Bytes, ...) - Data: 00 00 00 00 -- CPU is running -- CPU_WriteMem(4 bytes @ 0xE0001020)  returns 0x04 (0002ms, 31366ms total)
T1980 8544:346 JLINK_WriteMem(0xE0001024, 0x0004 Bytes, ...) - Data: 00 00 00 00 -- CPU is running -- CPU_WriteMem(4 bytes @ 0xE0001024)  returns 0x04 (0001ms, 31367ms total)
T1980 8544:347 JLINK_WriteMem(0xE0001028, 0x0004 Bytes, ...) - Data: 00 00 00 00 -- CPU is running -- CPU_WriteMem(4 bytes @ 0xE0001028)  returns 0x04 (0002ms, 31369ms total)
T1980 8544:349 JLINK_WriteMem(0xE0001030, 0x0004 Bytes, ...) - Data: 00 00 00 00 -- CPU is running -- CPU_WriteMem(4 bytes @ 0xE0001030)  returns 0x04 (0001ms, 31370ms total)
T1980 8544:350 JLINK_WriteMem(0xE0001034, 0x0004 Bytes, ...) - Data: 00 00 00 00 -- CPU is running -- CPU_WriteMem(4 bytes @ 0xE0001034)  returns 0x04 (0001ms, 31371ms total)
T1980 8544:351 JLINK_WriteMem(0xE0001038, 0x0004 Bytes, ...) - Data: 00 00 00 00 -- CPU is running -- CPU_WriteMem(4 bytes @ 0xE0001038)  returns 0x04 (0002ms, 31373ms total)
T1980 8544:353 JLINK_WriteMem(0xE0001040, 0x0004 Bytes, ...) - Data: 00 00 00 00 -- CPU is running -- CPU_WriteMem(4 bytes @ 0xE0001040)  returns 0x04 (0001ms, 31374ms total)
T1980 8544:354 JLINK_WriteMem(0xE0001044, 0x0004 Bytes, ...) - Data: 00 00 00 00 -- CPU is running -- CPU_WriteMem(4 bytes @ 0xE0001044)  returns 0x04 (0001ms, 31375ms total)
T1980 8544:355 JLINK_WriteMem(0xE0001048, 0x0004 Bytes, ...) - Data: 00 00 00 00 -- CPU is running -- CPU_WriteMem(4 bytes @ 0xE0001048)  returns 0x04 (0001ms, 31376ms total)
T1980 8544:356 JLINK_WriteMem(0xE0001050, 0x0004 Bytes, ...) - Data: 00 00 00 00 -- CPU is running -- CPU_WriteMem(4 bytes @ 0xE0001050)  returns 0x04 (0002ms, 31378ms total)
T1980 8544:359 JLINK_WriteMem(0xE0001054, 0x0004 Bytes, ...) - Data: 00 00 00 00 -- CPU is running -- CPU_WriteMem(4 bytes @ 0xE0001054)  returns 0x04 (0001ms, 31379ms total)
T1980 8544:360 JLINK_WriteMem(0xE0001058, 0x0004 Bytes, ...) - Data: 00 00 00 00 -- CPU is running -- CPU_WriteMem(4 bytes @ 0xE0001058)  returns 0x04 (0001ms, 31380ms total)
T1980 8544:361 JLINK_Halt()  returns 0x00 (0009ms, 31389ms total)
T1980 8544:370 JLINK_WriteMem(0x400E0A04, 0x0004 Bytes, ...) - Data: 0B 01 00 5A -- CPU_WriteMem(4 bytes @ 0x400E0A04)  returns 0x04 (0001ms, 31390ms total)
T1980 8544:371 JLINK_ReadMem (0x400E0A08, 0x0004 Bytes, ...) -- CPU_ReadMem(4 bytes @ 0x400E0A08) - Data: 01 00 00 00  returns 0x00 (0002ms, 31392ms total)
T1980 8544:373 JLINK_WriteMem(0x400E0A04, 0x0004 Bytes, ...) - Data: 0C 02 00 5A -- CPU_WriteMem(4 bytes @ 0x400E0A04)  returns 0x04 (0001ms, 31393ms total)
T1980 8544:374 JLINK_ReadMem (0x400E0A08, 0x0004 Bytes, ...) -- CPU_ReadMem(4 bytes @ 0x400E0A08) - Data: 01 00 00 00  returns 0x00 (0001ms, 31394ms total)
T1980 8544:375 JLINK_Reset() -- CPU_ReadMem(16 bytes @ 0x20000000) -- CPU_WriteMem(16 bytes @ 0x20000000) -- CPU_ReadMem(4 bytes @ 0xE000EDFC) -- CPU_WriteMem(4 bytes @ 0xE000EDFC) -- CPU_ReadMem(4 bytes @ 0xE0001000) -- CPU_WriteMem(4 bytes @ 0xE000EDFC) -- CPU_WriteMem(16 bytes @ 0x20000000) -- CPU_WriteMem(4 bytes @ 0xE0002000) -- CPU_ReadMem(4 bytes @ 0xE000EDFC) -- CPU_ReadMem(4 bytes @ 0xE0001000) (0043ms, 31437ms total)
T1980 8544:420 JLINK_JTAG_GetDeviceID(DeviceIndex = 0)  returns 0x4BA00477 (0000ms, 31437ms total)
T1980 8544:420 JLINK_ReadMemU32(0x400E0740, 0x0001 Items, ...) -- CPU_ReadMem(4 bytes @ 0x400E0740) - Data: E0 0E A7 29  returns 0x01 (0001ms, 31438ms total)
T1980 8544:421 JLINK_ReadMemU32(0x400E0744, 0x0001 Items, ...) -- CPU_ReadMem(4 bytes @ 0x400E0744) - Data: 00 00 00 00  returns 0x01 (0002ms, 31440ms total)
T1980 8544:425 JLINK_BeginDownload(Flags = 0x00) (0000ms, 31440ms total)
T1980 8544:425 JLINK_WriteMem(0x00400000, 0x4000 Bytes, ...) - Data: 58 3D 00 20 4D 0D 40 00 49 0D 40 00 49 0D 40 00 ...  returns 0x4000 (0001ms, 31441ms total)
T1980 8544:426 JLINK_WriteMem(0x00404000, 0x44EC Bytes, ...) - Data: 79 FF 20 9B 01 2B 80 46 40 F3 96 82 4F F0 00 09 ...  returns 0x44EC (0000ms, 31441ms total)
T1980 8544:426 JLINK_WriteMem(0x004084EC, 0x0008 Bytes, ...) - Data: 28 F0 FF 7F 01 00 00 00  returns 0x08 (0000ms, 31441ms total)
T1980 8544:426 JLINK_WriteMem(0x004084F4, 0x08A4 Bytes, ...) - Data: 00 09 3D 00 00 00 00 00 00 00 00 00 F4 02 00 20 ...  returns 0x8A4 (0000ms, 31441ms total)
T2494 8544:439 JLINK_IsHalted()  returns TRUE (0000ms, 31441ms total)
T2494 8544:439 JLINK_GetMOEs(...) -- CPU_ReadMem(4 bytes @ 0xE000ED30) -- CPU_WriteMem(4 bytes @ 0xE000ED30)  returns 0x01 (0007ms, 31448ms total)
T2494 8544:446 JLINK_ReadReg(R15 (PC)) -- -------------------------------------- -- Start of determining dirty areas in flash cache -- End of determining dirty areas -- Start of preparing flash programming -- Calculating RAM usage -- RAM usage = 3908 Bytes -- Preserving registers -- Preparing memory -- Determining CPU clock frequency -- CPU clock frequency: 4169 kHz -- CPU frequency = 4169 kHz -- Preparing target -- Downloading RAMCode -- Using alternate TurboMode RAMCode -- Checking target RAM
 -- Preparing RAMCode -- End of preparing flash programmingCPU is running at low speed (4169 kHz). -- CPU is running at 4169 kHz. -- Start of comparing flash -- CRC check was estimated as fastest method -- Comparing range 0x400000 - 0x403FFF (32 Sectors, 16 KB), using multi-block CRC calculation -- CRC does not match for sectors 0-31 -- Comparing range 0x404000 - 0x408FFF (5 Sectors, 20 KB), using multi-block CRC calculation -- CRC does not match for sectors 0-4 -- End of comparing flash
 -- Start of erasing sectors -- End of erasing sectors -- Start of flash programming -- Programming range 0x00400000 - 0x00403FFF (032 Sectors, 16 KB) -- Programming range 0x00404000 - 0x00407FFF (004 Sectors, 16 KB) -- Programming range 0x00408000 - 0x00408FFF (001 Sector, 4 KB) -- End of flash programming -- Flash programming performed for 2 ranges (36864 bytes) -- 0x400000 - 0x403FFF (032 Sectors, 16 KB) -- 0x404000 - 0x408FFF (005 Sectors, 20 KB) -- Start of verifying flash
 -- Checksum calculation was estimated as fastest method -- Checksum calculation was estimated as fastest method -- End of verifying flash -- Start of restoring -- Restore RAMCode -- Restore content of target memory -- Restore target -- Restore memory -- Restore content of registers -- End of restoring -- Total time needed: 1.342s (Prepare: 0.141s, Compare: 0.038s, Erase: 0.000s, Program: 1.121s, Verify: 0.025s, Restore: 0.014s)  returns 0xFFFFFFFE (1346ms, 32794ms total)
T1980 8545:794 JLINK_EndDownload()  returns 0x00 (0000ms, 32795ms total)
T1980 8545:794 JLINK_ResetPullsRESET(ON) (0000ms, 32795ms total)
T1980 8545:794 JLINK_ResetNoHalt() >0x2F8 JTAG>TotalIRLen = 4, IRPrint = 0x01 >0x30 JTAG> >0x210 JTAG> >0x70 JTAG> >0x40 JTAG> >0x40 JTAG> >0x40 JTAG> >0x48 JTAG> >0x78 JTAG> >0x40 JTAG> >0x30 JTAG> >0x40 JTAG> >0x40 JTAG> >0x30 JTAG> >0x40 JTAG> >0x48 JTAG>Found Cortex-M4 r0p1, Little endian. -- CPU_WriteMem(4 bytes @ 0xE0002000) -- CPU_ReadMem(4 bytes @ 0xE000EDF0) -- CPU_ReadMem(4 bytes @ 0xE0002000)FPUnit: 6 code (BP) slots and 2 literal slots -- CPU_ReadMem(4 bytes @ 0xE000EDFC)
 -- CPU_ReadMem(4 bytes @ 0xE0001000) -- CPU_ReadMem(4 bytes @ 0xE000ED88) -- CPU_WriteMem(4 bytes @ 0xE000ED88) -- CPU_ReadMem(4 bytes @ 0xE000ED88) -- CPU_WriteMem(4 bytes @ 0xE000ED88)CoreSight components:ROMTbl 0 @ E00FF000 -- CPU_ReadMem(16 bytes @ 0xE00FF000) -- CPU_ReadMem(16 bytes @ 0xE000EFF0) -- CPU_ReadMem(16 bytes @ 0xE000EFE0)ROMTbl 0 [0]: FFF0F000, CID: B105E00D, PID: 000BB000 SCS -- CPU_WriteMem(4 bytes @ 0xE0001000) -- CPU_ReadMem(16 bytes @ 0xE0001FF0)
 -- CPU_ReadMem(16 bytes @ 0xE0001FE0)ROMTbl 0 [1]: FFF02000, CID: B105E00D, PID: 003BB002 DWT -- CPU_ReadMem(16 bytes @ 0xE0002FF0) -- CPU_ReadMem(16 bytes @ 0xE0002FE0)ROMTbl 0 [2]: FFF03000, CID: B105E00D, PID: 002BB003 FPB -- CPU_ReadMem(16 bytes @ 0xE0000FF0) -- CPU_ReadMem(16 bytes @ 0xE0000FE0)ROMTbl 0 [3]: FFF01000, CID: B105E00D, PID: 003BB001 ITM -- CPU_ReadMem(16 bytes @ 0xE00FF010) -- CPU_ReadMem(16 bytes @ 0xE0040FF0) -- CPU_ReadMem(16 bytes @ 0xE0040FE0)
ROMTbl 0 [4]: FFF41000, CID: B105900D, PID: 000BB9A1 TPIU
                JLINK_Reset() -- CPU_ReadMem(16 bytes @ 0x20000000) -- CPU_WriteMem(16 bytes @ 0x20000000) -- CPU_ReadMem(4 bytes @ 0xE000EDFC) -- CPU_WriteMem(4 bytes @ 0xE000EDFC) -- CPU_ReadMem(4 bytes @ 0xE0001000) -- CPU_WriteMem(4 bytes @ 0xE000EDFC) -- CPU_WriteMem(16 bytes @ 0x20000000) -- CPU_WriteMem(4 bytes @ 0xE0002000) -- CPU_ReadMem(4 bytes @ 0xE000EDFC) -- CPU_ReadMem(4 bytes @ 0xE0001000) (0046ms, 0046ms total)
                JLINK_Go() -- CPU_ReadMem(4 bytes @ 0xE0001000) -- CPU_WriteMem(4 bytes @ 0xE0001004) (0003ms, 0049ms total)
               (0094ms, 32889ms total)
T1980 8545:910 JLINK_Close() >0x78 JTAG> >0x08 JTAG> (0004ms, 32893ms total)
T1980 8545:910  (0004ms, 32893ms total)
T1980 8545:910 Closed (0004ms, 32893ms total)
